<?xml version="1.0" encoding="UTF-8"?>
<coverage generated="1776180712193" clover="3.2.0">
  <project timestamp="1776180712193" name="All files">
    <metrics statements="740" coveredstatements="313" conditionals="719" coveredconditionals="193" methods="231" coveredmethods="73" elements="1690" coveredelements="579" complexity="0" loc="740" ncloc="740" packages="1" files="11" classes="11"/>
    <file name="AppStateContext.tsx" path="/Users/rushin/Columbia/spring 26'/startup studio/mvp/AI_Wardrobe_Planner/misfitai-mobile/src/AppStateContext.tsx">
      <metrics statements="101" coveredstatements="53" conditionals="39" coveredconditionals="15" methods="37" coveredmethods="10"/>
      <line num="72" count="4" type="stmt"/>
      <line num="74" count="4" type="stmt"/>
      <line num="83" count="30" type="stmt"/>
      <line num="105" count="45" type="stmt"/>
      <line num="106" count="45" type="stmt"/>
      <line num="108" count="45" type="stmt"/>
      <line num="109" count="45" type="stmt"/>
      <line num="112" count="45" type="stmt"/>
      <line num="113" count="45" type="stmt"/>
      <line num="114" count="45" type="stmt"/>
      <line num="115" count="15" type="cond" truecount="2" falsecount="0"/>
      <line num="118" count="45" type="stmt"/>
      <line num="119" count="15" type="cond" truecount="3" falsecount="1"/>
      <line num="120" count="0" type="stmt"/>
      <line num="124" count="45" type="stmt"/>
      <line num="125" count="15" type="stmt"/>
      <line num="127" count="15" type="stmt"/>
      <line num="128" count="15" type="stmt"/>
      <line num="129" count="15" type="stmt"/>
      <line num="131" count="15" type="stmt"/>
      <line num="132" count="15" type="stmt"/>
      <line num="133" count="15" type="cond" truecount="1" falsecount="1"/>
      <line num="134" count="15" type="stmt"/>
      <line num="137" count="0" type="cond" truecount="0" falsecount="2"/>
      <line num="138" count="0" type="stmt"/>
      <line num="142" count="15" type="stmt"/>
      <line num="143" count="15" type="stmt"/>
      <line num="144" count="15" type="cond" truecount="3" falsecount="1"/>
      <line num="145" count="15" type="stmt"/>
      <line num="146" count="15" type="stmt"/>
      <line num="147" count="105" type="cond" truecount="1" falsecount="1"/>
      <line num="151" count="105" type="stmt"/>
      <line num="154" count="15" type="stmt"/>
      <line num="159" count="15" type="cond" truecount="1" falsecount="1"/>
      <line num="160" count="15" type="stmt"/>
      <line num="165" count="15" type="stmt"/>
      <line num="167" count="15" type="stmt"/>
      <line num="168" count="15" type="stmt"/>
      <line num="172" count="45" type="stmt"/>
      <line num="173" count="0" type="stmt"/>
      <line num="176" count="45" type="stmt"/>
      <line num="177" count="0" type="stmt"/>
      <line num="183" count="45" type="stmt"/>
      <line num="184" count="0" type="stmt"/>
      <line num="195" count="45" type="stmt"/>
      <line num="196" count="0" type="cond" truecount="0" falsecount="2"/>
      <line num="197" count="0" type="stmt"/>
      <line num="200" count="0" type="stmt"/>
      <line num="201" count="0" type="stmt"/>
      <line num="203" count="0" type="stmt"/>
      <line num="205" count="0" type="cond" truecount="0" falsecount="2"/>
      <line num="206" count="0" type="stmt"/>
      <line num="207" count="0" type="stmt"/>
      <line num="208" count="0" type="cond" truecount="0" falsecount="2"/>
      <line num="212" count="0" type="stmt"/>
      <line num="215" count="0" type="stmt"/>
      <line num="219" count="45" type="stmt"/>
      <line num="220" count="0" type="stmt"/>
      <line num="225" count="0" type="stmt"/>
      <line num="226" count="0" type="stmt"/>
      <line num="227" count="0" type="stmt"/>
      <line num="229" count="0" type="stmt"/>
      <line num="234" count="45" type="stmt"/>
      <line num="241" count="0" type="stmt"/>
      <line num="242" count="0" type="stmt"/>
      <line num="243" count="0" type="stmt"/>
      <line num="244" count="0" type="cond" truecount="0" falsecount="2"/>
      <line num="245" count="0" type="stmt"/>
      <line num="247" count="0" type="cond" truecount="0" falsecount="2"/>
      <line num="251" count="45" type="stmt"/>
      <line num="252" count="0" type="stmt"/>
      <line num="253" count="0" type="stmt"/>
      <line num="254" count="0" type="stmt"/>
      <line num="255" count="0" type="stmt"/>
      <line num="256" count="0" type="stmt"/>
      <line num="258" count="0" type="stmt"/>
      <line num="262" count="45" type="stmt"/>
      <line num="263" count="0" type="stmt"/>
      <line num="266" count="45" type="stmt"/>
      <line num="267" count="0" type="stmt"/>
      <line num="268" count="0" type="stmt"/>
      <line num="269" count="0" type="stmt"/>
      <line num="270" count="0" type="stmt"/>
      <line num="271" count="0" type="stmt"/>
      <line num="273" count="0" type="stmt"/>
      <line num="277" count="45" type="stmt"/>
      <line num="283" count="0" type="stmt"/>
      <line num="288" count="45" type="stmt"/>
      <line num="290" count="0" type="stmt"/>
      <line num="291" count="0" type="stmt"/>
      <line num="292" count="0" type="stmt"/>
      <line num="293" count="0" type="cond" truecount="0" falsecount="2"/>
      <line num="294" count="0" type="stmt"/>
      <line num="296" count="0" type="cond" truecount="0" falsecount="2"/>
      <line num="302" count="45" type="stmt"/>
      <line num="303" count="45" type="stmt"/>
      <line num="345" count="45" type="stmt"/>
      <line num="353" count="45" type="stmt"/>
      <line num="354" count="44" type="cond" truecount="2" falsecount="0"/>
      <line num="355" count="2" type="stmt"/>
      <line num="357" count="42" type="stmt"/>
    </file>
    <file name="AtmosphereBackground.tsx" path="/Users/rushin/Columbia/spring 26'/startup studio/mvp/AI_Wardrobe_Planner/misfitai-mobile/src/AtmosphereBackground.tsx">
      <metrics statements="2" coveredstatements="2" conditionals="0" coveredconditionals="0" methods="1" coveredmethods="1"/>
      <line num="6" count="5" type="stmt"/>
      <line num="15" count="1" type="stmt"/>
    </file>
    <file name="AuthScreen.tsx" path="/Users/rushin/Columbia/spring 26'/startup studio/mvp/AI_Wardrobe_Planner/misfitai-mobile/src/AuthScreen.tsx">
      <metrics statements="61" coveredstatements="23" conditionals="72" coveredconditionals="24" methods="11" coveredmethods="3"/>
      <line num="18" count="1" type="cond" truecount="1" falsecount="1"/>
      <line num="20" count="1" type="stmt"/>
      <line num="39" count="1" type="stmt"/>
      <line num="46" count="1" type="stmt"/>
      <line num="47" count="1" type="stmt"/>
      <line num="48" count="1" type="stmt"/>
      <line num="57" count="1" type="cond" truecount="1" falsecount="3"/>
      <line num="64" count="5" type="stmt"/>
      <line num="65" count="5" type="stmt"/>
      <line num="67" count="5" type="stmt"/>
      <line num="82" count="5" type="stmt"/>
      <line num="84" count="5" type="stmt"/>
      <line num="85" count="5" type="stmt"/>
      <line num="92" count="5" type="stmt"/>
      <line num="95" count="0" type="stmt"/>
      <line num="98" count="0" type="cond" truecount="0" falsecount="2"/>
      <line num="99" count="0" type="stmt"/>
      <line num="105" count="0" type="stmt"/>
      <line num="115" count="5" type="stmt"/>
      <line num="116" count="5" type="cond" truecount="1" falsecount="1"/>
      <line num="117" count="5" type="cond" truecount="3" falsecount="1"/>
      <line num="118" count="0" type="stmt"/>
      <line num="120" count="5" type="stmt"/>
      <line num="123" count="0" type="cond" truecount="0" falsecount="2"/>
      <line num="124" count="0" type="cond" truecount="0" falsecount="2"/>
      <line num="125" count="0" type="stmt"/>
      <line num="126" count="0" type="stmt"/>
      <line num="127" count="0" type="stmt"/>
      <line num="129" count="0" type="stmt"/>
      <line num="130" count="0" type="stmt"/>
      <line num="132" count="0" type="cond" truecount="0" falsecount="2"/>
      <line num="133" count="0" type="stmt"/>
      <line num="134" count="0" type="stmt"/>
      <line num="138" count="0" type="cond" truecount="0" falsecount="2"/>
      <line num="139" count="0" type="stmt"/>
      <line num="140" count="0" type="stmt"/>
      <line num="144" count="0" type="stmt"/>
      <line num="145" count="0" type="stmt"/>
      <line num="149" count="5" type="stmt"/>
      <line num="150" count="0" type="cond" truecount="0" falsecount="2"/>
      <line num="151" count="0" type="stmt"/>
      <line num="152" count="0" type="stmt"/>
      <line num="153" count="0" type="stmt"/>
      <line num="160" count="0" type="cond" truecount="0" falsecount="2"/>
      <line num="161" count="0" type="stmt"/>
      <line num="172" count="0" type="stmt"/>
      <line num="175" count="0" type="stmt"/>
      <line num="176" count="0" type="cond" truecount="0" falsecount="2"/>
      <line num="177" count="0" type="stmt"/>
      <line num="180" count="0" type="stmt"/>
      <line num="184" count="5" type="stmt"/>
      <line num="185" count="0" type="stmt"/>
      <line num="186" count="0" type="stmt"/>
      <line num="187" count="0" type="stmt"/>
      <line num="189" count="0" type="stmt"/>
      <line num="190" count="0" type="stmt"/>
      <line num="194" count="5" type="stmt"/>
      <line num="206" count="5" type="stmt"/>
      <line num="224" count="0" type="stmt"/>
      <line num="232" count="0" type="stmt"/>
      <line num="271" count="1" type="stmt"/>
    </file>
    <file name="EventsScreen.tsx" path="/Users/rushin/Columbia/spring 26'/startup studio/mvp/AI_Wardrobe_Planner/misfitai-mobile/src/EventsScreen.tsx">
      <metrics statements="35" coveredstatements="17" conditionals="24" coveredconditionals="14" methods="10" coveredmethods="6"/>
      <line num="29" count="12" type="stmt"/>
      <line num="31" count="12" type="stmt"/>
      <line num="32" count="12" type="stmt"/>
      <line num="33" count="12" type="stmt"/>
      <line num="35" count="84" type="stmt"/>
      <line num="37" count="12" type="stmt"/>
      <line num="38" count="4" type="stmt"/>
      <line num="41" count="28" type="stmt"/>
      <line num="50" count="12" type="stmt"/>
      <line num="51" count="0" type="cond" truecount="0" falsecount="2"/>
      <line num="52" count="0" type="stmt"/>
      <line num="55" count="0" type="stmt"/>
      <line num="56" count="0" type="stmt"/>
      <line num="57" count="0" type="stmt"/>
      <line num="58" count="0" type="stmt"/>
      <line num="59" count="0" type="stmt"/>
      <line num="61" count="0" type="cond" truecount="0" falsecount="2"/>
      <line num="62" count="0" type="stmt"/>
      <line num="64" count="0" type="stmt"/>
      <line num="68" count="12" type="stmt"/>
      <line num="69" count="0" type="stmt"/>
      <line num="72" count="12" type="stmt"/>
      <line num="73" count="0" type="stmt"/>
      <line num="74" count="0" type="stmt"/>
      <line num="75" count="0" type="stmt"/>
      <line num="76" count="0" type="stmt"/>
      <line num="78" count="0" type="stmt"/>
      <line num="80" count="0" type="stmt"/>
      <line num="84" count="12" type="stmt"/>
      <line num="112" count="84" type="stmt"/>
      <line num="113" count="84" type="stmt"/>
      <line num="134" count="420" type="stmt"/>
      <line num="135" count="420" type="stmt"/>
      <line num="138" count="0" type="stmt"/>
      <line num="172" count="1" type="stmt"/>
    </file>
    <file name="SearchableSelect.tsx" path="/Users/rushin/Columbia/spring 26'/startup studio/mvp/AI_Wardrobe_Planner/misfitai-mobile/src/SearchableSelect.tsx">
      <metrics statements="38" coveredstatements="25" conditionals="26" coveredconditionals="18" methods="18" coveredmethods="10"/>
      <line num="26" count="12" type="stmt"/>
      <line num="38" count="13" type="stmt"/>
      <line num="39" count="13" type="stmt"/>
      <line num="40" count="13" type="stmt"/>
      <line num="41" count="13" type="stmt"/>
      <line num="43" count="13" type="stmt"/>
      <line num="44" count="8" type="stmt"/>
      <line num="45" count="8" type="cond" truecount="2" falsecount="0"/>
      <line num="46" count="4" type="stmt"/>
      <line num="49" count="13" type="stmt"/>
      <line num="50" count="11" type="cond" truecount="2" falsecount="0"/>
      <line num="51" count="8" type="stmt"/>
      <line num="52" count="8" type="stmt"/>
      <line num="53" count="8" type="stmt"/>
      <line num="57" count="13" type="cond" truecount="3" falsecount="3"/>
      <line num="59" count="13" type="stmt"/>
      <line num="60" count="0" type="stmt"/>
      <line num="61" count="0" type="cond" truecount="0" falsecount="2"/>
      <line num="62" count="0" type="stmt"/>
      <line num="63" count="0" type="stmt"/>
      <line num="67" count="13" type="stmt"/>
      <line num="69" count="1" type="stmt"/>
      <line num="70" count="1" type="stmt"/>
      <line num="75" count="13" type="stmt"/>
      <line num="76" count="0" type="stmt"/>
      <line num="77" count="0" type="stmt"/>
      <line num="80" count="13" type="stmt"/>
      <line num="84" count="3" type="stmt"/>
      <line num="95" count="0" type="stmt"/>
      <line num="96" count="0" type="stmt"/>
      <line num="97" count="0" type="stmt"/>
      <line num="117" count="18" type="stmt"/>
      <line num="133" count="14" type="stmt"/>
      <line num="146" count="0" type="stmt"/>
      <line num="147" count="0" type="stmt"/>
      <line num="164" count="0" type="stmt"/>
      <line num="174" count="0" type="stmt"/>
      <line num="184" count="2" type="stmt"/>
    </file>
    <file name="WardrobeScreen.tsx" path="/Users/rushin/Columbia/spring 26'/startup studio/mvp/AI_Wardrobe_Planner/misfitai-mobile/src/WardrobeScreen.tsx">
      <metrics statements="237" coveredstatements="66" conditionals="273" coveredconditionals="48" methods="75" coveredmethods="8"/>
      <line num="28" count="1" type="stmt"/>
      <line num="36" count="1" type="stmt"/>
      <line num="60" count="9" type="stmt"/>
      <line num="62" count="9" type="stmt"/>
      <line num="63" count="9" type="stmt"/>
      <line num="64" count="9" type="stmt"/>
      <line num="67" count="9" type="stmt"/>
      <line num="70" count="9" type="stmt"/>
      <line num="71" count="9" type="stmt"/>
      <line num="72" count="9" type="stmt"/>
      <line num="73" count="9" type="stmt"/>
      <line num="74" count="9" type="stmt"/>
      <line num="75" count="9" type="stmt"/>
      <line num="76" count="9" type="stmt"/>
      <line num="77" count="9" type="stmt"/>
      <line num="78" count="9" type="stmt"/>
      <line num="80" count="9" type="stmt"/>
      <line num="81" count="9" type="stmt"/>
      <line num="82" count="9" type="stmt"/>
      <line num="83" count="9" type="stmt"/>
      <line num="84" count="9" type="stmt"/>
      <line num="85" count="9" type="stmt"/>
      <line num="86" count="9" type="stmt"/>
      <line num="87" count="9" type="stmt"/>
      <line num="90" count="9" type="stmt"/>
      <line num="93" count="9" type="stmt"/>
      <line num="94" count="9" type="stmt"/>
      <line num="95" count="9" type="stmt"/>
      <line num="96" count="9" type="stmt"/>
      <line num="97" count="9" type="stmt"/>
      <line num="100" count="9" type="stmt"/>
      <line num="103" count="9" type="stmt"/>
      <line num="104" count="9" type="stmt"/>
      <line num="105" count="9" type="stmt"/>
      <line num="106" count="9" type="stmt"/>
      <line num="110" count="9" type="stmt"/>
      <line num="112" count="9" type="stmt"/>
      <line num="113" count="3" type="stmt"/>
      <line num="120" count="9" type="stmt"/>
      <line num="121" count="3" type="cond" truecount="1" falsecount="1"/>
      <line num="122" count="3" type="stmt"/>
      <line num="123" count="3" type="stmt"/>
      <line num="125" count="0" type="stmt"/>
      <line num="126" count="0" type="stmt"/>
      <line num="128" count="0" type="stmt"/>
      <line num="131" count="9" type="stmt"/>
      <line num="132" count="3" type="cond" truecount="1" falsecount="1"/>
      <line num="133" count="3" type="stmt"/>
      <line num="134" count="3" type="stmt"/>
      <line num="136" count="0" type="stmt"/>
      <line num="137" count="0" type="stmt"/>
      <line num="139" count="0" type="stmt"/>
      <line num="142" count="9" type="stmt"/>
      <line num="143" count="3" type="stmt"/>
      <line num="146" count="9" type="stmt"/>
      <line num="147" count="0" type="cond" truecount="0" falsecount="2"/>
      <line num="148" count="0" type="stmt"/>
      <line num="151" count="0" type="stmt"/>
      <line num="152" count="0" type="stmt"/>
      <line num="153" count="0" type="stmt"/>
      <line num="154" count="0" type="stmt"/>
      <line num="160" count="0" type="stmt"/>
      <line num="161" count="0" type="stmt"/>
      <line num="162" count="0" type="stmt"/>
      <line num="164" count="0" type="stmt"/>
      <line num="166" count="0" type="stmt"/>
      <line num="170" count="9" type="stmt"/>
      <line num="171" count="0" type="stmt"/>
      <line num="172" count="0" type="stmt"/>
      <line num="173" count="0" type="stmt"/>
      <line num="174" count="0" type="stmt"/>
      <line num="175" count="0" type="stmt"/>
      <line num="180" count="0" type="cond" truecount="0" falsecount="4"/>
      <line num="181" count="0" type="stmt"/>
      <line num="183" count="0" type="stmt"/>
      <line num="184" count="0" type="stmt"/>
      <line num="185" count="0" type="stmt"/>
      <line num="190" count="0" type="stmt"/>
      <line num="191" count="0" type="stmt"/>
      <line num="193" count="0" type="stmt"/>
      <line num="194" count="0" type="stmt"/>
      <line num="196" count="0" type="stmt"/>
      <line num="200" count="0" type="stmt"/>
      <line num="204" count="9" type="stmt"/>
      <line num="205" count="0" type="stmt"/>
      <line num="206" count="0" type="stmt"/>
      <line num="207" count="0" type="stmt"/>
      <line num="208" count="0" type="cond" truecount="0" falsecount="2"/>
      <line num="209" count="0" type="stmt"/>
      <line num="210" count="0" type="stmt"/>
      <line num="212" count="0" type="stmt"/>
      <line num="213" count="0" type="stmt"/>
      <line num="214" count="0" type="stmt"/>
      <line num="215" count="0" type="stmt"/>
      <line num="216" count="0" type="stmt"/>
      <line num="217" count="0" type="stmt"/>
      <line num="223" count="0" type="stmt"/>
      <line num="224" count="0" type="cond" truecount="0" falsecount="2"/>
      <line num="225" count="0" type="stmt"/>
      <line num="228" count="0" type="stmt"/>
      <line num="230" count="0" type="stmt"/>
      <line num="234" count="9" type="stmt"/>
      <line num="235" count="0" type="cond" truecount="0" falsecount="2"/>
      <line num="236" count="0" type="stmt"/>
      <line num="237" count="0" type="cond" truecount="0" falsecount="2"/>
      <line num="239" count="0" type="stmt"/>
      <line num="240" count="0" type="stmt"/>
      <line num="241" count="0" type="stmt"/>
      <line num="242" count="0" type="stmt"/>
      <line num="243" count="0" type="stmt"/>
      <line num="247" count="0" type="stmt"/>
      <line num="255" count="0" type="stmt"/>
      <line num="256" count="0" type="stmt"/>
      <line num="257" count="0" type="stmt"/>
      <line num="258" count="0" type="stmt"/>
      <line num="259" count="0" type="stmt"/>
      <line num="260" count="0" type="stmt"/>
      <line num="261" count="0" type="stmt"/>
      <line num="262" count="0" type="stmt"/>
      <line num="263" count="0" type="stmt"/>
      <line num="265" count="0" type="stmt"/>
      <line num="267" count="0" type="stmt"/>
      <line num="271" count="9" type="stmt"/>
      <line num="272" count="0" type="cond" truecount="0" falsecount="2"/>
      <line num="273" count="0" type="stmt"/>
      <line num="274" count="0" type="cond" truecount="0" falsecount="2"/>
      <line num="275" count="0" type="stmt"/>
      <line num="276" count="0" type="stmt"/>
      <line num="277" count="0" type="stmt"/>
      <line num="278" count="0" type="stmt"/>
      <line num="286" count="0" type="stmt"/>
      <line num="287" count="0" type="stmt"/>
      <line num="288" count="0" type="stmt"/>
      <line num="289" count="0" type="stmt"/>
      <line num="290" count="0" type="stmt"/>
      <line num="291" count="0" type="stmt"/>
      <line num="292" count="0" type="stmt"/>
      <line num="293" count="0" type="stmt"/>
      <line num="294" count="0" type="stmt"/>
      <line num="296" count="0" type="stmt"/>
      <line num="298" count="0" type="stmt"/>
      <line num="301" count="0" type="cond" truecount="0" falsecount="2"/>
      <line num="302" count="0" type="stmt"/>
      <line num="303" count="0" type="stmt"/>
      <line num="304" count="0" type="stmt"/>
      <line num="305" count="0" type="stmt"/>
      <line num="311" count="0" type="stmt"/>
      <line num="312" count="0" type="stmt"/>
      <line num="313" count="0" type="stmt"/>
      <line num="315" count="0" type="stmt"/>
      <line num="317" count="0" type="stmt"/>
      <line num="322" count="9" type="stmt"/>
      <line num="334" count="9" type="stmt"/>
      <line num="340" count="0" type="stmt"/>
      <line num="342" count="0" type="stmt"/>
      <line num="364" count="0" type="stmt"/>
      <line num="372" count="0" type="stmt"/>
      <line num="405" count="0" type="stmt"/>
      <line num="406" count="0" type="stmt"/>
      <line num="407" count="0" type="stmt"/>
      <line num="408" count="0" type="stmt"/>
      <line num="410" count="0" type="stmt"/>
      <line num="415" count="0" type="cond" truecount="0" falsecount="2"/>
      <line num="422" count="0" type="stmt"/>
      <line num="423" count="0" type="stmt"/>
      <line num="430" count="0" type="stmt"/>
      <line num="434" count="0" type="stmt"/>
      <line num="448" count="0" type="stmt"/>
      <line num="470" count="0" type="stmt"/>
      <line num="471" count="0" type="cond" truecount="0" falsecount="2"/>
      <line num="472" count="0" type="stmt"/>
      <line num="473" count="0" type="stmt"/>
      <line num="475" count="0" type="stmt"/>
      <line num="476" count="0" type="stmt"/>
      <line num="477" count="0" type="stmt"/>
      <line num="478" count="0" type="stmt"/>
      <line num="479" count="0" type="stmt"/>
      <line num="480" count="0" type="stmt"/>
      <line num="482" count="0" type="stmt"/>
      <line num="484" count="0" type="stmt"/>
      <line num="508" count="0" type="stmt"/>
      <line num="516" count="0" type="stmt"/>
      <line num="524" count="0" type="stmt"/>
      <line num="532" count="0" type="stmt"/>
      <line num="598" count="0" type="stmt"/>
      <line num="614" count="0" type="stmt"/>
      <line num="630" count="0" type="stmt"/>
      <line num="654" count="0" type="stmt"/>
      <line num="655" count="0" type="stmt"/>
      <line num="659" count="0" type="cond" truecount="0" falsecount="2"/>
      <line num="678" count="0" type="stmt"/>
      <line num="680" count="0" type="cond" truecount="0" falsecount="2"/>
      <line num="683" count="0" type="stmt"/>
      <line num="687" count="0" type="cond" truecount="0" falsecount="2"/>
      <line num="731" count="0" type="stmt"/>
      <line num="732" count="0" type="stmt"/>
      <line num="735" count="0" type="stmt"/>
      <line num="761" count="0" type="stmt"/>
      <line num="762" count="0" type="stmt"/>
      <line num="791" count="0" type="stmt"/>
      <line num="797" count="0" type="stmt"/>
      <line num="803" count="0" type="stmt"/>
      <line num="809" count="0" type="stmt"/>
      <line num="821" count="0" type="stmt"/>
      <line num="822" count="0" type="stmt"/>
      <line num="825" count="0" type="cond" truecount="0" falsecount="2"/>
      <line num="841" count="0" type="stmt"/>
      <line num="842" count="0" type="cond" truecount="0" falsecount="2"/>
      <line num="843" count="0" type="stmt"/>
      <line num="846" count="0" type="stmt"/>
      <line num="914" count="0" type="cond" truecount="0" falsecount="2"/>
      <line num="917" count="0" type="cond" truecount="0" falsecount="2"/>
      <line num="920" count="0" type="cond" truecount="0" falsecount="2"/>
      <line num="936" count="0" type="stmt"/>
      <line num="937" count="0" type="stmt"/>
      <line num="940" count="0" type="stmt"/>
      <line num="953" count="0" type="stmt"/>
      <line num="983" count="0" type="stmt"/>
      <line num="991" count="0" type="stmt"/>
      <line num="999" count="0" type="stmt"/>
      <line num="1007" count="0" type="stmt"/>
      <line num="1015" count="0" type="stmt"/>
      <line num="1036" count="12" type="cond" truecount="1" falsecount="1"/>
      <line num="1039" count="12" type="stmt"/>
      <line num="1042" count="0" type="cond" truecount="0" falsecount="2"/>
      <line num="1043" count="0" type="stmt"/>
      <line num="1067" count="12" type="cond" truecount="2" falsecount="0"/>
      <line num="1068" count="12" type="stmt"/>
      <line num="1069" count="0" type="cond" truecount="0" falsecount="2"/>
      <line num="1071" count="12" type="stmt"/>
      <line num="1072" count="12" type="cond" truecount="2" falsecount="2"/>
      <line num="1073" count="12" type="cond" truecount="1" falsecount="1"/>
      <line num="1074" count="12" type="cond" truecount="1" falsecount="1"/>
      <line num="1075" count="12" type="cond" truecount="1" falsecount="1"/>
      <line num="1076" count="12" type="cond" truecount="1" falsecount="1"/>
      <line num="1077" count="0" type="stmt"/>
      <line num="1103" count="1" type="stmt"/>
    </file>
    <file name="WeeklyPlanScreen.tsx" path="/Users/rushin/Columbia/spring 26'/startup studio/mvp/AI_Wardrobe_Planner/misfitai-mobile/src/WeeklyPlanScreen.tsx">
      <metrics statements="65" coveredstatements="34" conditionals="82" coveredconditionals="24" methods="22" coveredmethods="7"/>
      <line num="20" count="0" type="stmt"/>
      <line num="21" count="0" type="stmt"/>
      <line num="38" count="9" type="stmt"/>
      <line num="39" count="9" type="stmt"/>
      <line num="40" count="9" type="stmt"/>
      <line num="41" count="9" type="stmt"/>
      <line num="43" count="9" type="stmt"/>
      <line num="44" count="36" type="stmt"/>
      <line num="46" count="9" type="stmt"/>
      <line num="47" count="3" type="cond" truecount="1" falsecount="1"/>
      <line num="48" count="3" type="stmt"/>
      <line num="51" count="0" type="stmt"/>
      <line num="52" count="0" type="cond" truecount="0" falsecount="2"/>
      <line num="53" count="0" type="stmt"/>
      <line num="57" count="9" type="stmt"/>
      <line num="58" count="3" type="cond" truecount="1" falsecount="1"/>
      <line num="59" count="3" type="stmt"/>
      <line num="62" count="0" type="cond" truecount="0" falsecount="2"/>
      <line num="65" count="9" type="stmt"/>
      <line num="66" count="3" type="cond" truecount="1" falsecount="1"/>
      <line num="67" count="3" type="stmt"/>
      <line num="70" count="0" type="stmt"/>
      <line num="71" count="0" type="stmt"/>
      <line num="73" count="0" type="stmt"/>
      <line num="82" count="0" type="stmt"/>
      <line num="92" count="9" type="stmt"/>
      <line num="93" count="0" type="stmt"/>
      <line num="94" count="0" type="stmt"/>
      <line num="95" count="0" type="stmt"/>
      <line num="96" count="0" type="stmt"/>
      <line num="98" count="0" type="stmt"/>
      <line num="100" count="0" type="stmt"/>
      <line num="104" count="9" type="cond" truecount="1" falsecount="1"/>
      <line num="105" count="0" type="stmt"/>
      <line num="107" count="9" type="cond" truecount="1" falsecount="1"/>
      <line num="108" count="0" type="stmt"/>
      <line num="110" count="12" type="stmt"/>
      <line num="111" count="12" type="stmt"/>
      <line num="113" count="9" type="cond" truecount="3" falsecount="0"/>
      <line num="114" count="9" type="cond" truecount="3" falsecount="0"/>
      <line num="117" count="9" type="stmt"/>
      <line num="118" count="9" type="cond" truecount="1" falsecount="1"/>
      <line num="119" count="9" type="cond" truecount="1" falsecount="1"/>
      <line num="120" count="9" type="cond" truecount="1" falsecount="1"/>
      <line num="122" count="9" type="cond" truecount="1" falsecount="1"/>
      <line num="123" count="0" type="stmt"/>
      <line num="130" count="9" type="cond" truecount="1" falsecount="1"/>
      <line num="131" count="0" type="stmt"/>
      <line num="138" count="9" type="cond" truecount="1" falsecount="1"/>
      <line num="139" count="0" type="stmt"/>
      <line num="146" count="9" type="cond" truecount="1" falsecount="1"/>
      <line num="147" count="0" type="stmt"/>
      <line num="155" count="9" type="cond" truecount="1" falsecount="1"/>
      <line num="156" count="9" type="cond" truecount="1" falsecount="1"/>
      <line num="158" count="9" type="stmt"/>
      <line num="177" count="0" type="stmt"/>
      <line num="178" count="0" type="stmt"/>
      <line num="179" count="0" type="stmt"/>
      <line num="182" count="0" type="stmt"/>
      <line num="220" count="0" type="cond" truecount="0" falsecount="2"/>
      <line num="233" count="0" type="stmt"/>
      <line num="234" count="0" type="stmt"/>
      <line num="281" count="0" type="stmt"/>
      <line num="292" count="0" type="stmt"/>
      <line num="315" count="1" type="stmt"/>
    </file>
    <file name="api.ts" path="/Users/rushin/Columbia/spring 26'/startup studio/mvp/AI_Wardrobe_Planner/misfitai-mobile/src/api.ts">
      <metrics statements="183" coveredstatements="75" conditionals="191" coveredconditionals="38" methods="55" coveredmethods="26"/>
      <line num="15" count="5" type="cond" truecount="1" falsecount="1"/>
      <line num="17" count="5" type="stmt"/>
      <line num="22" count="5" type="cond" truecount="1" falsecount="1"/>
      <line num="30" count="0" type="cond" truecount="0" falsecount="4"/>
      <line num="31" count="0" type="stmt"/>
      <line num="40" count="5" type="stmt"/>
      <line num="47" count="5" type="stmt"/>
      <line num="55" count="5" type="stmt"/>
      <line num="57" count="5" type="stmt"/>
      <line num="162" count="6" type="stmt"/>
      <line num="163" count="6" type="stmt"/>
      <line num="164" count="6" type="stmt"/>
      <line num="165" count="6" type="stmt"/>
      <line num="170" count="9" type="stmt"/>
      <line num="174" count="4" type="cond" truecount="2" falsecount="0"/>
      <line num="175" count="1" type="stmt"/>
      <line num="177" count="3" type="stmt"/>
      <line num="178" count="3" type="stmt"/>
      <line num="179" count="2" type="cond" truecount="4" falsecount="0"/>
      <line num="180" count="1" type="stmt"/>
      <line num="185" count="2" type="stmt"/>
      <line num="189" count="0" type="cond" truecount="0" falsecount="4"/>
      <line num="190" count="0" type="stmt"/>
      <line num="192" count="0" type="stmt"/>
      <line num="196" count="0" type="cond" truecount="0" falsecount="4"/>
      <line num="197" count="0" type="stmt"/>
      <line num="199" count="0" type="stmt"/>
      <line num="203" count="0" type="cond" truecount="0" falsecount="4"/>
      <line num="204" count="0" type="stmt"/>
      <line num="206" count="0" type="stmt"/>
      <line num="210" count="0" type="cond" truecount="0" falsecount="4"/>
      <line num="211" count="0" type="stmt"/>
      <line num="213" count="0" type="stmt"/>
      <line num="217" count="0" type="cond" truecount="0" falsecount="2"/>
      <line num="218" count="0" type="stmt"/>
      <line num="220" count="0" type="stmt"/>
      <line num="224" count="0" type="stmt"/>
      <line num="228" count="0" type="stmt"/>
      <line num="233" count="0" type="cond" truecount="0" falsecount="4"/>
      <line num="234" count="0" type="stmt"/>
      <line num="236" count="0" type="cond" truecount="0" falsecount="3"/>
      <line num="237" count="0" type="cond" truecount="0" falsecount="3"/>
      <line num="238" count="0" type="cond" truecount="0" falsecount="4"/>
      <line num="239" count="0" type="stmt"/>
      <line num="241" count="0" type="stmt"/>
      <line num="245" count="0" type="stmt"/>
      <line num="262" count="0" type="cond" truecount="0" falsecount="2"/>
      <line num="272" count="0" type="stmt"/>
      <line num="279" count="0" type="cond" truecount="0" falsecount="2"/>
      <line num="280" count="0" type="cond" truecount="0" falsecount="2"/>
      <line num="281" count="0" type="stmt"/>
      <line num="282" count="0" type="cond" truecount="0" falsecount="4"/>
      <line num="283" count="0" type="cond" truecount="0" falsecount="4"/>
      <line num="284" count="0" type="cond" truecount="0" falsecount="3"/>
      <line num="285" count="0" type="cond" truecount="0" falsecount="3"/>
      <line num="287" count="0" type="stmt"/>
      <line num="304" count="5" type="stmt"/>
      <line num="305" count="5" type="stmt"/>
      <line num="306" count="5" type="stmt"/>
      <line num="309" count="7" type="stmt"/>
      <line num="346" count="18" type="cond" truecount="2" falsecount="0"/>
      <line num="347" count="7" type="stmt"/>
      <line num="349" count="18" type="stmt"/>
      <line num="353" count="2" type="cond" truecount="3" falsecount="3"/>
      <line num="355" count="1" type="stmt"/>
      <line num="357" count="0" type="stmt"/>
      <line num="359" count="0" type="stmt"/>
      <line num="363" count="1" type="stmt"/>
      <line num="373" count="20" type="stmt"/>
      <line num="374" count="4" type="cond" truecount="1" falsecount="1"/>
      <line num="375" count="0" type="stmt"/>
      <line num="378" count="4" type="stmt"/>
      <line num="379" count="15" type="stmt"/>
      <line num="380" count="6" type="cond" truecount="2" falsecount="0"/>
      <line num="381" count="4" type="stmt"/>
      <line num="385" count="0" type="stmt"/>
      <line num="394" count="2" type="stmt"/>
      <line num="395" count="2" type="stmt"/>
      <line num="396" count="2" type="stmt"/>
      <line num="400" count="15" type="cond" truecount="2" falsecount="0"/>
      <line num="401" count="42" type="stmt"/>
      <line num="406" count="15" type="stmt"/>
      <line num="410" count="16" type="stmt"/>
      <line num="417" count="1" type="stmt"/>
      <line num="418" count="1" type="stmt"/>
      <line num="427" count="1" type="stmt"/>
      <line num="428" count="1" type="stmt"/>
      <line num="435" count="0" type="stmt"/>
      <line num="444" count="2" type="stmt"/>
      <line num="445" count="2" type="cond" truecount="2" falsecount="0"/>
      <line num="446" count="1" type="stmt"/>
      <line num="459" count="1" type="stmt"/>
      <line num="463" count="1" type="stmt"/>
      <line num="464" count="1" type="stmt"/>
      <line num="468" count="15" type="stmt"/>
      <line num="475" count="1" type="stmt"/>
      <line num="476" count="1" type="cond" truecount="1" falsecount="1"/>
      <line num="478" count="0" type="stmt"/>
      <line num="484" count="1" type="stmt"/>
      <line num="485" count="2" type="stmt"/>
      <line num="486" count="2" type="stmt"/>
      <line num="487" count="2" type="stmt"/>
      <line num="489" count="2" type="cond" truecount="1" falsecount="1"/>
      <line num="490" count="2" type="cond" truecount="1" falsecount="1"/>
      <line num="492" count="2" type="stmt"/>
      <line num="507" count="1" type="stmt"/>
      <line num="511" count="0" type="stmt"/>
      <line num="522" count="0" type="stmt"/>
      <line num="523" count="0" type="cond" truecount="0" falsecount="2"/>
      <line num="524" count="0" type="stmt"/>
      <line num="531" count="0" type="cond" truecount="0" falsecount="2"/>
      <line num="532" count="0" type="stmt"/>
      <line num="534" count="0" type="stmt"/>
      <line num="538" count="16" type="cond" truecount="1" falsecount="1"/>
      <line num="539" count="16" type="stmt"/>
      <line num="542" count="0" type="stmt"/>
      <line num="545" count="0" type="cond" truecount="0" falsecount="2"/>
      <line num="546" count="0" type="stmt"/>
      <line num="548" count="0" type="stmt"/>
      <line num="555" count="1" type="cond" truecount="1" falsecount="1"/>
      <line num="556" count="1" type="stmt"/>
      <line num="559" count="0" type="stmt"/>
      <line num="574" count="0" type="stmt"/>
      <line num="581" count="0" type="cond" truecount="0" falsecount="2"/>
      <line num="582" count="0" type="stmt"/>
      <line num="585" count="0" type="stmt"/>
      <line num="586" count="0" type="stmt"/>
      <line num="588" count="0" type="stmt"/>
      <line num="589" count="0" type="stmt"/>
      <line num="590" count="0" type="stmt"/>
      <line num="596" count="0" type="stmt"/>
      <line num="603" count="0" type="cond" truecount="0" falsecount="2"/>
      <line num="604" count="0" type="stmt"/>
      <line num="606" count="0" type="stmt"/>
      <line num="613" count="0" type="cond" truecount="0" falsecount="2"/>
      <line num="615" count="0" type="stmt"/>
      <line num="618" count="0" type="stmt"/>
      <line num="619" count="0" type="stmt"/>
      <line num="621" count="0" type="stmt"/>
      <line num="622" count="0" type="stmt"/>
      <line num="623" count="0" type="stmt"/>
      <line num="629" count="0" type="stmt"/>
      <line num="636" count="0" type="cond" truecount="0" falsecount="2"/>
      <line num="643" count="0" type="cond" truecount="0" falsecount="2"/>
      <line num="644" count="0" type="stmt"/>
      <line num="647" count="0" type="stmt"/>
      <line num="656" count="0" type="cond" truecount="0" falsecount="2"/>
      <line num="665" count="2" type="cond" truecount="1" falsecount="1"/>
      <line num="666" count="2" type="stmt"/>
      <line num="669" count="0" type="stmt"/>
      <line num="688" count="0" type="cond" truecount="0" falsecount="2"/>
      <line num="689" count="0" type="stmt"/>
      <line num="692" count="0" type="stmt"/>
      <line num="693" count="0" type="stmt"/>
      <line num="698" count="0" type="stmt"/>
      <line num="705" count="0" type="stmt"/>
      <line num="719" count="1" type="cond" truecount="1" falsecount="1"/>
      <line num="720" count="1" type="stmt"/>
      <line num="723" count="0" type="stmt"/>
      <line num="728" count="0" type="stmt"/>
      <line num="735" count="0" type="cond" truecount="0" falsecount="2"/>
      <line num="736" count="0" type="stmt"/>
      <line num="738" count="0" type="cond" truecount="0" falsecount="2"/>
      <line num="744" count="15" type="cond" truecount="1" falsecount="1"/>
      <line num="745" count="15" type="stmt"/>
      <line num="748" count="0" type="stmt"/>
      <line num="749" count="0" type="stmt"/>
      <line num="753" count="0" type="cond" truecount="0" falsecount="2"/>
      <line num="754" count="0" type="stmt"/>
      <line num="756" count="0" type="cond" truecount="0" falsecount="2"/>
      <line num="760" count="0" type="cond" truecount="0" falsecount="4"/>
      <line num="761" count="0" type="stmt"/>
      <line num="763" count="0" type="stmt"/>
      <line num="771" count="1" type="cond" truecount="1" falsecount="1"/>
      <line num="772" count="1" type="stmt"/>
      <line num="775" count="0" type="stmt"/>
      <line num="781" count="0" type="stmt"/>
      <line num="788" count="0" type="cond" truecount="0" falsecount="2"/>
      <line num="791" count="0" type="stmt"/>
      <line num="800" count="0" type="stmt"/>
      <line num="807" count="0" type="cond" truecount="0" falsecount="2"/>
      <line num="808" count="0" type="stmt"/>
      <line num="810" count="0" type="cond" truecount="0" falsecount="2"/>
    </file>
    <file name="constants.ts" path="/Users/rushin/Columbia/spring 26'/startup studio/mvp/AI_Wardrobe_Planner/misfitai-mobile/src/constants.ts">
      <metrics statements="4" coveredstatements="4" conditionals="0" coveredconditionals="0" methods="0" coveredmethods="0"/>
      <line num="3" count="5" type="stmt"/>
      <line num="13" count="5" type="stmt"/>
      <line num="23" count="5" type="stmt"/>
      <line num="31" count="5" type="stmt"/>
    </file>
    <file name="lookUtils.ts" path="/Users/rushin/Columbia/spring 26'/startup studio/mvp/AI_Wardrobe_Planner/misfitai-mobile/src/lookUtils.ts">
      <metrics statements="11" coveredstatements="11" conditionals="12" coveredconditionals="12" methods="2" coveredmethods="2"/>
      <line num="4" count="8" type="cond" truecount="6" falsecount="0"/>
      <line num="6" count="2" type="stmt"/>
      <line num="8" count="1" type="stmt"/>
      <line num="10" count="2" type="stmt"/>
      <line num="12" count="1" type="stmt"/>
      <line num="15" count="2" type="stmt"/>
      <line num="20" count="7" type="cond" truecount="6" falsecount="0"/>
      <line num="22" count="2" type="stmt"/>
      <line num="28" count="1" type="stmt"/>
      <line num="34" count="1" type="stmt"/>
      <line num="42" count="3" type="stmt"/>
    </file>
    <file name="theme.ts" path="/Users/rushin/Columbia/spring 26'/startup studio/mvp/AI_Wardrobe_Planner/misfitai-mobile/src/theme.ts">
      <metrics statements="3" coveredstatements="3" conditionals="0" coveredconditionals="0" methods="0" coveredmethods="0"/>
      <line num="1" count="5" type="stmt"/>
      <line num="16" count="5" type="stmt"/>
      <line num="24" count="5" type="stmt"/>
    </file>
  </project>
</coverage>
