{"/Users/rushin/Columbia/spring 26'/startup studio/mvp/AI_Wardrobe_Planner/misfitai-mobile/src/AppStateContext.tsx": {"path":"/Users/rushin/Columbia/spring 26'/startup studio/mvp/AI_Wardrobe_Planner/misfitai-mobile/src/AppStateContext.tsx","statementMap":{"0":{"start":{"line":72,"column":24},"end":{"line":72,"column":70}},"1":{"start":{"line":74,"column":37},"end":{"line":80,"column":1}},"2":{"start":{"line":83,"column":2},"end":{"line":91,"column":4}},"3":{"start":{"line":105,"column":34},"end":{"line":105,"column":57}},"4":{"start":{"line":106,"column":56},"end":{"line":106,"column":71}},"5":{"start":{"line":108,"column":4},"end":{"line":108,"column":63}},"6":{"start":{"line":109,"column":48},"end":{"line":111,"column":7}},"7":{"start":{"line":112,"column":52},"end":{"line":112,"column":67}},"8":{"start":{"line":113,"column":44},"end":{"line":113,"column":73}},"9":{"start":{"line":114,"column":30},"end":{"line":116,"column":3}},"10":{"start":{"line":115,"column":10},"end":{"line":115,"column":72}},"11":{"start":{"line":118,"column":2},"end":{"line":122,"column":27}},"12":{"start":{"line":119,"column":4},"end":{"line":121,"column":5}},"13":{"start":{"line":120,"column":6},"end":{"line":120,"column":28}},"14":{"start":{"line":124,"column":2},"end":{"line":170,"column":15}},"15":{"start":{"line":125,"column":20},"end":{"line":125,"column":25}},"16":{"start":{"line":127,"column":17},"end":{"line":163,"column":5}},"17":{"start":{"line":128,"column":6},"end":{"line":128,"column":33}},"18":{"start":{"line":129,"column":6},"end":{"line":129,"column":29}},"19":{"start":{"line":131,"column":6},"end":{"line":140,"column":7}},"20":{"start":{"line":132,"column":25},"end":{"line":132,"column":50}},"21":{"start":{"line":133,"column":8},"end":{"line":135,"column":9}},"22":{"start":{"line":134,"column":10},"end":{"line":134,"column":32}},"23":{"start":{"line":137,"column":8},"end":{"line":139,"column":9}},"24":{"start":{"line":138,"column":10},"end":{"line":138,"column":82}},"25":{"start":{"line":142,"column":6},"end":{"line":162,"column":7}},"26":{"start":{"line":143,"column":21},"end":{"line":143,"column":48}},"27":{"start":{"line":144,"column":8},"end":{"line":155,"column":9}},"28":{"start":{"line":145,"column":26},"end":{"line":145,"column":47}},"29":{"start":{"line":146,"column":10},"end":{"line":153,"column":13}},"30":{"start":{"line":147,"column":12},"end":{"line":152,"column":13}},"31":{"start":{"line":151,"column":14},"end":{"line":151,"column":52}},"32":{"start":{"line":154,"column":10},"end":{"line":154,"column":34}},"33":{"start":{"line":159,"column":8},"end":{"line":161,"column":9}},"34":{"start":{"line":160,"column":10},"end":{"line":160,"column":38}},"35":{"start":{"line":165,"column":4},"end":{"line":165,"column":11}},"36":{"start":{"line":167,"column":4},"end":{"line":169,"column":6}},"37":{"start":{"line":168,"column":6},"end":{"line":168,"column":23}},"38":{"start":{"line":172,"column":31},"end":{"line":174,"column":8}},"39":{"start":{"line":173,"column":4},"end":{"line":173,"column":38}},"40":{"start":{"line":176,"column":25},"end":{"line":181,"column":8}},"41":{"start":{"line":177,"column":4},"end":{"line":180,"column":8}},"42":{"start":{"line":177,"column":33},"end":{"line":180,"column":5}},"43":{"start":{"line":183,"column":22},"end":{"line":193,"column":8}},"44":{"start":{"line":184,"column":4},"end":{"line":192,"column":7}},"45":{"start":{"line":195,"column":29},"end":{"line":217,"column":33}},"46":{"start":{"line":196,"column":4},"end":{"line":198,"column":5}},"47":{"start":{"line":197,"column":6},"end":{"line":197,"column":93}},"48":{"start":{"line":200,"column":4},"end":{"line":204,"column":5}},"49":{"start":{"line":201,"column":6},"end":{"line":201,"column":70}},"50":{"start":{"line":203,"column":6},"end":{"line":203,"column":84}},"51":{"start":{"line":205,"column":4},"end":{"line":216,"column":5}},"52":{"start":{"line":206,"column":22},"end":{"line":206,"column":43}},"53":{"start":{"line":207,"column":6},"end":{"line":214,"column":9}},"54":{"start":{"line":208,"column":8},"end":{"line":213,"column":9}},"55":{"start":{"line":212,"column":10},"end":{"line":212,"column":48}},"56":{"start":{"line":215,"column":6},"end":{"line":215,"column":30}},"57":{"start":{"line":219,"column":34},"end":{"line":232,"column":27}},"58":{"start":{"line":220,"column":36},"end":{"line":224,"column":7}},"59":{"start":{"line":220,"column":66},"end":{"line":224,"column":5}},"60":{"start":{"line":225,"column":4},"end":{"line":225,"column":41}},"61":{"start":{"line":226,"column":21},"end":{"line":226,"column":67}},"62":{"start":{"line":227,"column":4},"end":{"line":231,"column":6}},"63":{"start":{"line":229,"column":18},"end":{"line":229,"column":67}},"64":{"start":{"line":234,"column":31},"end":{"line":249,"column":14}},"65":{"start":{"line":241,"column":20},"end":{"line":241,"column":53}},"66":{"start":{"line":242,"column":4},"end":{"line":248,"column":7}},"67":{"start":{"line":243,"column":28},"end":{"line":243,"column":79}},"68":{"start":{"line":243,"column":56},"end":{"line":243,"column":78}},"69":{"start":{"line":244,"column":6},"end":{"line":246,"column":7}},"70":{"start":{"line":245,"column":8},"end":{"line":245,"column":39}},"71":{"start":{"line":247,"column":6},"end":{"line":247,"column":78}},"72":{"start":{"line":247,"column":36},"end":{"line":247,"column":75}},"73":{"start":{"line":251,"column":30},"end":{"line":260,"column":14}},"74":{"start":{"line":252,"column":25},"end":{"line":252,"column":68}},"75":{"start":{"line":253,"column":4},"end":{"line":259,"column":7}},"76":{"start":{"line":254,"column":19},"end":{"line":254,"column":66}},"77":{"start":{"line":254,"column":49},"end":{"line":254,"column":64}},"78":{"start":{"line":255,"column":6},"end":{"line":257,"column":9}},"79":{"start":{"line":256,"column":8},"end":{"line":256,"column":32}},"80":{"start":{"line":258,"column":6},"end":{"line":258,"column":39}},"81":{"start":{"line":262,"column":29},"end":{"line":264,"column":14}},"82":{"start":{"line":263,"column":4},"end":{"line":263,"column":57}},"83":{"start":{"line":266,"column":28},"end":{"line":275,"column":14}},"84":{"start":{"line":267,"column":25},"end":{"line":267,"column":66}},"85":{"start":{"line":268,"column":4},"end":{"line":274,"column":7}},"86":{"start":{"line":269,"column":19},"end":{"line":269,"column":66}},"87":{"start":{"line":269,"column":49},"end":{"line":269,"column":64}},"88":{"start":{"line":270,"column":6},"end":{"line":272,"column":9}},"89":{"start":{"line":271,"column":8},"end":{"line":271,"column":32}},"90":{"start":{"line":273,"column":6},"end":{"line":273,"column":39}},"91":{"start":{"line":277,"column":34},"end":{"line":286,"column":3}},"92":{"start":{"line":283,"column":6},"end":{"line":283,"column":64}},"93":{"start":{"line":288,"column":30},"end":{"line":300,"column":3}},"94":{"start":{"line":290,"column":22},"end":{"line":290,"column":61}},"95":{"start":{"line":291,"column":6},"end":{"line":297,"column":9}},"96":{"start":{"line":292,"column":30},"end":{"line":292,"column":81}},"97":{"start":{"line":292,"column":58},"end":{"line":292,"column":80}},"98":{"start":{"line":293,"column":8},"end":{"line":295,"column":9}},"99":{"start":{"line":294,"column":10},"end":{"line":294,"column":41}},"100":{"start":{"line":296,"column":8},"end":{"line":296,"column":80}},"101":{"start":{"line":296,"column":38},"end":{"line":296,"column":77}},"102":{"start":{"line":302,"column":26},"end":{"line":343,"column":3}},"103":{"start":{"line":303,"column":11},"end":{"line":322,"column":5}},"104":{"start":{"line":345,"column":2},"end":{"line":349,"column":4}},"105":{"start":{"line":353,"column":18},"end":{"line":353,"column":45}},"106":{"start":{"line":354,"column":2},"end":{"line":356,"column":3}},"107":{"start":{"line":355,"column":4},"end":{"line":355,"column":72}},"108":{"start":{"line":357,"column":2},"end":{"line":357,"column":17}}},"fnMap":{"0":{"name":"createInitialEvents","decl":{"start":{"line":82,"column":9},"end":{"line":82,"column":28}},"loc":{"start":{"line":82,"column":61},"end":{"line":92,"column":1}},"line":82},"1":{"name":"AppStateProvider","decl":{"start":{"line":94,"column":16},"end":{"line":94,"column":32}},"loc":{"start":{"line":104,"column":3},"end":{"line":350,"column":1}},"line":104},"2":{"name":"(anonymous_2)","decl":{"start":{"line":115,"column":4},"end":{"line":115,"column":5}},"loc":{"start":{"line":115,"column":10},"end":{"line":115,"column":72}},"line":115},"3":{"name":"(anonymous_3)","decl":{"start":{"line":118,"column":12},"end":{"line":118,"column":13}},"loc":{"start":{"line":118,"column":18},"end":{"line":122,"column":3}},"line":118},"4":{"name":"(anonymous_4)","decl":{"start":{"line":124,"column":12},"end":{"line":124,"column":13}},"loc":{"start":{"line":124,"column":18},"end":{"line":170,"column":3}},"line":124},"5":{"name":"(anonymous_5)","decl":{"start":{"line":127,"column":17},"end":{"line":127,"column":18}},"loc":{"start":{"line":127,"column":29},"end":{"line":163,"column":5}},"line":127},"6":{"name":"(anonymous_6)","decl":{"start":{"line":146,"column":30},"end":{"line":146,"column":31}},"loc":{"start":{"line":146,"column":41},"end":{"line":153,"column":11}},"line":146},"7":{"name":"(anonymous_7)","decl":{"start":{"line":167,"column":11},"end":{"line":167,"column":12}},"loc":{"start":{"line":167,"column":17},"end":{"line":169,"column":5}},"line":167},"8":{"name":"(anonymous_8)","decl":{"start":{"line":172,"column":43},"end":{"line":172,"column":44}},"loc":{"start":{"line":172,"column":67},"end":{"line":174,"column":3}},"line":172},"9":{"name":"(anonymous_9)","decl":{"start":{"line":176,"column":37},"end":{"line":176,"column":38}},"loc":{"start":{"line":176,"column":79},"end":{"line":181,"column":3}},"line":176},"10":{"name":"(anonymous_10)","decl":{"start":{"line":177,"column":19},"end":{"line":177,"column":20}},"loc":{"start":{"line":177,"column":33},"end":{"line":180,"column":5}},"line":177},"11":{"name":"(anonymous_11)","decl":{"start":{"line":183,"column":34},"end":{"line":183,"column":35}},"loc":{"start":{"line":183,"column":40},"end":{"line":193,"column":3}},"line":183},"12":{"name":"(anonymous_12)","decl":{"start":{"line":195,"column":41},"end":{"line":195,"column":42}},"loc":{"start":{"line":195,"column":53},"end":{"line":217,"column":3}},"line":195},"13":{"name":"(anonymous_13)","decl":{"start":{"line":207,"column":28},"end":{"line":207,"column":29}},"loc":{"start":{"line":207,"column":39},"end":{"line":214,"column":7}},"line":207},"14":{"name":"(anonymous_14)","decl":{"start":{"line":219,"column":46},"end":{"line":219,"column":47}},"loc":{"start":{"line":219,"column":58},"end":{"line":232,"column":3}},"line":219},"15":{"name":"(anonymous_15)","decl":{"start":{"line":220,"column":49},"end":{"line":220,"column":50}},"loc":{"start":{"line":220,"column":66},"end":{"line":224,"column":5}},"line":220},"16":{"name":"(anonymous_16)","decl":{"start":{"line":229,"column":8},"end":{"line":229,"column":9}},"loc":{"start":{"line":229,"column":18},"end":{"line":229,"column":67}},"line":229},"17":{"name":"(anonymous_17)","decl":{"start":{"line":234,"column":43},"end":{"line":234,"column":44}},"loc":{"start":{"line":240,"column":23},"end":{"line":249,"column":3}},"line":240},"18":{"name":"(anonymous_18)","decl":{"start":{"line":242,"column":16},"end":{"line":242,"column":17}},"loc":{"start":{"line":242,"column":29},"end":{"line":248,"column":5}},"line":242},"19":{"name":"(anonymous_19)","decl":{"start":{"line":243,"column":46},"end":{"line":243,"column":47}},"loc":{"start":{"line":243,"column":56},"end":{"line":243,"column":78}},"line":243},"20":{"name":"(anonymous_20)","decl":{"start":{"line":247,"column":25},"end":{"line":247,"column":26}},"loc":{"start":{"line":247,"column":36},"end":{"line":247,"column":75}},"line":247},"21":{"name":"(anonymous_21)","decl":{"start":{"line":251,"column":42},"end":{"line":251,"column":43}},"loc":{"start":{"line":251,"column":94},"end":{"line":260,"column":3}},"line":251},"22":{"name":"(anonymous_22)","decl":{"start":{"line":253,"column":16},"end":{"line":253,"column":17}},"loc":{"start":{"line":253,"column":29},"end":{"line":259,"column":5}},"line":253},"23":{"name":"(anonymous_23)","decl":{"start":{"line":254,"column":39},"end":{"line":254,"column":40}},"loc":{"start":{"line":254,"column":49},"end":{"line":254,"column":64}},"line":254},"24":{"name":"(anonymous_24)","decl":{"start":{"line":255,"column":27},"end":{"line":255,"column":28}},"loc":{"start":{"line":255,"column":37},"end":{"line":257,"column":7}},"line":255},"25":{"name":"(anonymous_25)","decl":{"start":{"line":262,"column":41},"end":{"line":262,"column":42}},"loc":{"start":{"line":262,"column":108},"end":{"line":264,"column":3}},"line":262},"26":{"name":"(anonymous_26)","decl":{"start":{"line":266,"column":40},"end":{"line":266,"column":41}},"loc":{"start":{"line":266,"column":93},"end":{"line":275,"column":3}},"line":266},"27":{"name":"(anonymous_27)","decl":{"start":{"line":268,"column":16},"end":{"line":268,"column":17}},"loc":{"start":{"line":268,"column":29},"end":{"line":274,"column":5}},"line":268},"28":{"name":"(anonymous_28)","decl":{"start":{"line":269,"column":39},"end":{"line":269,"column":40}},"loc":{"start":{"line":269,"column":49},"end":{"line":269,"column":64}},"line":269},"29":{"name":"(anonymous_29)","decl":{"start":{"line":270,"column":27},"end":{"line":270,"column":28}},"loc":{"start":{"line":270,"column":37},"end":{"line":272,"column":7}},"line":270},"30":{"name":"(anonymous_30)","decl":{"start":{"line":278,"column":4},"end":{"line":278,"column":5}},"loc":{"start":{"line":282,"column":41},"end":{"line":284,"column":5}},"line":282},"31":{"name":"(anonymous_31)","decl":{"start":{"line":289,"column":4},"end":{"line":289,"column":5}},"loc":{"start":{"line":289,"column":63},"end":{"line":298,"column":5}},"line":289},"32":{"name":"(anonymous_32)","decl":{"start":{"line":291,"column":18},"end":{"line":291,"column":19}},"loc":{"start":{"line":291,"column":31},"end":{"line":297,"column":7}},"line":291},"33":{"name":"(anonymous_33)","decl":{"start":{"line":292,"column":48},"end":{"line":292,"column":49}},"loc":{"start":{"line":292,"column":58},"end":{"line":292,"column":80}},"line":292},"34":{"name":"(anonymous_34)","decl":{"start":{"line":296,"column":27},"end":{"line":296,"column":28}},"loc":{"start":{"line":296,"column":38},"end":{"line":296,"column":77}},"line":296},"35":{"name":"(anonymous_35)","decl":{"start":{"line":303,"column":4},"end":{"line":303,"column":5}},"loc":{"start":{"line":303,"column":11},"end":{"line":322,"column":5}},"line":303},"36":{"name":"useAppState","decl":{"start":{"line":352,"column":16},"end":{"line":352,"column":27}},"loc":{"start":{"line":352,"column":40},"end":{"line":358,"column":1}},"line":352}},"branchMap":{"0":{"loc":{"start":{"line":115,"column":10},"end":{"line":115,"column":72}},"type":"binary-expr","locations":[{"start":{"line":115,"column":10},"end":{"line":115,"column":20}},{"start":{"line":115,"column":24},"end":{"line":115,"column":72}}],"line":115},"1":{"loc":{"start":{"line":119,"column":4},"end":{"line":121,"column":5}},"type":"if","locations":[{"start":{"line":119,"column":4},"end":{"line":121,"column":5}},{"start":{},"end":{}}],"line":119},"2":{"loc":{"start":{"line":119,"column":8},"end":{"line":119,"column":43}},"type":"binary-expr","locations":[{"start":{"line":119,"column":8},"end":{"line":119,"column":18}},{"start":{"line":119,"column":22},"end":{"line":119,"column":43}}],"line":119},"3":{"loc":{"start":{"line":133,"column":8},"end":{"line":135,"column":9}},"type":"if","locations":[{"start":{"line":133,"column":8},"end":{"line":135,"column":9}},{"start":{},"end":{}}],"line":133},"4":{"loc":{"start":{"line":137,"column":8},"end":{"line":139,"column":9}},"type":"if","locations":[{"start":{"line":137,"column":8},"end":{"line":139,"column":9}},{"start":{},"end":{}}],"line":137},"5":{"loc":{"start":{"line":144,"column":8},"end":{"line":155,"column":9}},"type":"if","locations":[{"start":{"line":144,"column":8},"end":{"line":155,"column":9}},{"start":{},"end":{}}],"line":144},"6":{"loc":{"start":{"line":144,"column":12},"end":{"line":144,"column":48}},"type":"binary-expr","locations":[{"start":{"line":144,"column":12},"end":{"line":144,"column":22}},{"start":{"line":144,"column":26},"end":{"line":144,"column":48}}],"line":144},"7":{"loc":{"start":{"line":147,"column":12},"end":{"line":152,"column":13}},"type":"if","locations":[{"start":{"line":147,"column":12},"end":{"line":152,"column":13}},{"start":{},"end":{}}],"line":147},"8":{"loc":{"start":{"line":148,"column":14},"end":{"line":149,"column":56}},"type":"binary-expr","locations":[{"start":{"line":148,"column":14},"end":{"line":148,"column":42}},{"start":{"line":149,"column":14},"end":{"line":149,"column":56}}],"line":148},"9":{"loc":{"start":{"line":159,"column":8},"end":{"line":161,"column":9}},"type":"if","locations":[{"start":{"line":159,"column":8},"end":{"line":161,"column":9}},{"start":{},"end":{}}],"line":159},"10":{"loc":{"start":{"line":196,"column":4},"end":{"line":198,"column":5}},"type":"if","locations":[{"start":{"line":196,"column":4},"end":{"line":198,"column":5}},{"start":{},"end":{}}],"line":196},"11":{"loc":{"start":{"line":205,"column":4},"end":{"line":216,"column":5}},"type":"if","locations":[{"start":{"line":205,"column":4},"end":{"line":216,"column":5}},{"start":{},"end":{}}],"line":205},"12":{"loc":{"start":{"line":208,"column":8},"end":{"line":213,"column":9}},"type":"if","locations":[{"start":{"line":208,"column":8},"end":{"line":213,"column":9}},{"start":{},"end":{}}],"line":208},"13":{"loc":{"start":{"line":209,"column":10},"end":{"line":210,"column":52}},"type":"binary-expr","locations":[{"start":{"line":209,"column":10},"end":{"line":209,"column":38}},{"start":{"line":210,"column":10},"end":{"line":210,"column":52}}],"line":209},"14":{"loc":{"start":{"line":244,"column":6},"end":{"line":246,"column":7}},"type":"if","locations":[{"start":{"line":244,"column":6},"end":{"line":246,"column":7}},{"start":{},"end":{}}],"line":244},"15":{"loc":{"start":{"line":247,"column":36},"end":{"line":247,"column":75}},"type":"cond-expr","locations":[{"start":{"line":247,"column":61},"end":{"line":247,"column":68}},{"start":{"line":247,"column":71},"end":{"line":247,"column":75}}],"line":247},"16":{"loc":{"start":{"line":280,"column":6},"end":{"line":280,"column":16}},"type":"default-arg","locations":[{"start":{"line":280,"column":14},"end":{"line":280,"column":16}}],"line":280},"17":{"loc":{"start":{"line":293,"column":8},"end":{"line":295,"column":9}},"type":"if","locations":[{"start":{"line":293,"column":8},"end":{"line":295,"column":9}},{"start":{},"end":{}}],"line":293},"18":{"loc":{"start":{"line":296,"column":38},"end":{"line":296,"column":77}},"type":"cond-expr","locations":[{"start":{"line":296,"column":63},"end":{"line":296,"column":70}},{"start":{"line":296,"column":73},"end":{"line":296,"column":77}}],"line":296},"19":{"loc":{"start":{"line":354,"column":2},"end":{"line":356,"column":3}},"type":"if","locations":[{"start":{"line":354,"column":2},"end":{"line":356,"column":3}},{"start":{},"end":{}}],"line":354}},"s":{"0":4,"1":4,"2":30,"3":45,"4":45,"5":45,"6":45,"7":45,"8":45,"9":45,"10":15,"11":45,"12":15,"13":0,"14":45,"15":15,"16":15,"17":15,"18":15,"19":15,"20":15,"21":15,"22":15,"23":0,"24":0,"25":15,"26":15,"27":15,"28":15,"29":15,"30":105,"31":105,"32":15,"33":15,"34":15,"35":15,"36":15,"37":15,"38":45,"39":0,"40":45,"41":0,"42":0,"43":45,"44":0,"45":45,"46":0,"47":0,"48":0,"49":0,"50":0,"51":0,"52":0,"53":0,"54":0,"55":0,"56":0,"57":45,"58":0,"59":0,"60":0,"61":0,"62":0,"63":0,"64":45,"65":0,"66":0,"67":0,"68":0,"69":0,"70":0,"71":0,"72":0,"73":45,"74":0,"75":0,"76":0,"77":0,"78":0,"79":0,"80":0,"81":45,"82":0,"83":45,"84":0,"85":0,"86":0,"87":0,"88":0,"89":0,"90":0,"91":45,"92":0,"93":45,"94":0,"95":0,"96":0,"97":0,"98":0,"99":0,"100":0,"101":0,"102":45,"103":45,"104":45,"105":45,"106":44,"107":2,"108":42},"f":{"0":30,"1":45,"2":15,"3":15,"4":15,"5":15,"6":105,"7":15,"8":0,"9":0,"10":0,"11":0,"12":0,"13":0,"14":0,"15":0,"16":0,"17":0,"18":0,"19":0,"20":0,"21":0,"22":0,"23":0,"24":0,"25":0,"26":0,"27":0,"28":0,"29":0,"30":0,"31":0,"32":0,"33":0,"34":0,"35":45,"36":45},"b":{"0":[15,1],"1":[0,15],"2":[15,14],"3":[15,0],"4":[0,0],"5":[15,0],"6":[15,15],"7":[105,0],"8":[105,105],"9":[15,0],"10":[0,0],"11":[0,0],"12":[0,0],"13":[0,0],"14":[0,0],"15":[0,0],"16":[0],"17":[0,0],"18":[0,0],"19":[2,42]},"_coverageSchema":"1a1c01bbd47fc00a2c39e90264f33305004495a9","hash":"065c095e01df65b32256ada68ce35170e7193b18"}
,"/Users/rushin/Columbia/spring 26'/startup studio/mvp/AI_Wardrobe_Planner/misfitai-mobile/src/AtmosphereBackground.tsx": {"path":"/Users/rushin/Columbia/spring 26'/startup studio/mvp/AI_Wardrobe_Planner/misfitai-mobile/src/AtmosphereBackground.tsx","statementMap":{"0":{"start":{"line":6,"column":2},"end":{"line":12,"column":4}},"1":{"start":{"line":15,"column":15},"end":{"line":46,"column":2}}},"fnMap":{"0":{"name":"AtmosphereBackground","decl":{"start":{"line":5,"column":16},"end":{"line":5,"column":36}},"loc":{"start":{"line":5,"column":39},"end":{"line":13,"column":1}},"line":5}},"branchMap":{},"s":{"0":5,"1":1},"f":{"0":5},"b":{},"_coverageSchema":"1a1c01bbd47fc00a2c39e90264f33305004495a9","hash":"318dd4686d27a1c534f4a389ec11700fbcb8ebcf"}
,"/Users/rushin/Columbia/spring 26'/startup studio/mvp/AI_Wardrobe_Planner/misfitai-mobile/src/AuthScreen.tsx": {"path":"/Users/rushin/Columbia/spring 26'/startup studio/mvp/AI_Wardrobe_Planner/misfitai-mobile/src/AuthScreen.tsx","statementMap":{"0":{"start":{"line":18,"column":2},"end":{"line":18,"column":69}},"1":{"start":{"line":20,"column":0},"end":{"line":20,"column":38}},"2":{"start":{"line":39,"column":22},"end":{"line":44,"column":1}},"3":{"start":{"line":46,"column":26},"end":{"line":46,"column":70}},"4":{"start":{"line":47,"column":26},"end":{"line":47,"column":70}},"5":{"start":{"line":48,"column":30},"end":{"line":48,"column":78}},"6":{"start":{"line":57,"column":2},"end":{"line":57,"column":95}},"7":{"start":{"line":64,"column":26},"end":{"line":64,"column":53}},"8":{"start":{"line":65,"column":48},"end":{"line":65,"column":83}},"9":{"start":{"line":67,"column":61},"end":{"line":80,"column":4}},"10":{"start":{"line":82,"column":19},"end":{"line":82,"column":56}},"11":{"start":{"line":84,"column":2},"end":{"line":90,"column":17}},"12":{"start":{"line":85,"column":4},"end":{"line":89,"column":15}},"13":{"start":{"line":92,"column":29},"end":{"line":113,"column":8}},"14":{"start":{"line":95,"column":16},"end":{"line":97,"column":6}},"15":{"start":{"line":98,"column":4},"end":{"line":98,"column":27}},"16":{"start":{"line":98,"column":17},"end":{"line":98,"column":27}},"17":{"start":{"line":99,"column":17},"end":{"line":104,"column":5}},"18":{"start":{"line":105,"column":4},"end":{"line":112,"column":6}},"19":{"start":{"line":115,"column":2},"end":{"line":147,"column":66}},"20":{"start":{"line":116,"column":4},"end":{"line":121,"column":5}},"21":{"start":{"line":117,"column":6},"end":{"line":119,"column":7}},"22":{"start":{"line":118,"column":8},"end":{"line":118,"column":33}},"23":{"start":{"line":120,"column":6},"end":{"line":120,"column":13}},"24":{"start":{"line":123,"column":6},"end":{"line":123,"column":87}},"25":{"start":{"line":124,"column":4},"end":{"line":128,"column":5}},"26":{"start":{"line":125,"column":6},"end":{"line":125,"column":31}},"27":{"start":{"line":126,"column":6},"end":{"line":126,"column":38}},"28":{"start":{"line":127,"column":6},"end":{"line":127,"column":13}},"29":{"start":{"line":129,"column":20},"end":{"line":129,"column":25}},"30":{"start":{"line":130,"column":4},"end":{"line":143,"column":6}},"31":{"start":{"line":132,"column":8},"end":{"line":135,"column":9}},"32":{"start":{"line":133,"column":10},"end":{"line":133,"column":35}},"33":{"start":{"line":134,"column":10},"end":{"line":134,"column":64}},"34":{"start":{"line":138,"column":8},"end":{"line":141,"column":9}},"35":{"start":{"line":139,"column":10},"end":{"line":139,"column":35}},"36":{"start":{"line":140,"column":10},"end":{"line":140,"column":66}},"37":{"start":{"line":144,"column":4},"end":{"line":146,"column":6}},"38":{"start":{"line":145,"column":6},"end":{"line":145,"column":23}},"39":{"start":{"line":149,"column":26},"end":{"line":182,"column":29}},"40":{"start":{"line":150,"column":4},"end":{"line":150,"column":37}},"41":{"start":{"line":150,"column":30},"end":{"line":150,"column":37}},"42":{"start":{"line":151,"column":4},"end":{"line":181,"column":5}},"43":{"start":{"line":152,"column":6},"end":{"line":152,"column":34}},"44":{"start":{"line":153,"column":25},"end":{"line":158,"column":8}},"45":{"start":{"line":160,"column":6},"end":{"line":173,"column":7}},"46":{"start":{"line":161,"column":37},"end":{"line":171,"column":9}},"47":{"start":{"line":172,"column":8},"end":{"line":172,"column":48}},"48":{"start":{"line":175,"column":18},"end":{"line":175,"column":52}},"49":{"start":{"line":176,"column":6},"end":{"line":178,"column":7}},"50":{"start":{"line":177,"column":8},"end":{"line":177,"column":50}},"51":{"start":{"line":180,"column":6},"end":{"line":180,"column":31}},"52":{"start":{"line":184,"column":27},"end":{"line":192,"column":25}},"53":{"start":{"line":185,"column":4},"end":{"line":191,"column":5}},"54":{"start":{"line":186,"column":6},"end":{"line":186,"column":35}},"55":{"start":{"line":187,"column":6},"end":{"line":187,"column":32}},"56":{"start":{"line":189,"column":6},"end":{"line":189,"column":51}},"57":{"start":{"line":190,"column":6},"end":{"line":190,"column":31}},"58":{"start":{"line":194,"column":24},"end":{"line":204,"column":3}},"59":{"start":{"line":206,"column":2},"end":{"line":268,"column":4}},"60":{"start":{"line":224,"column":27},"end":{"line":224,"column":43}},"61":{"start":{"line":232,"column":27},"end":{"line":232,"column":44}},"62":{"start":{"line":271,"column":15},"end":{"line":362,"column":2}}},"fnMap":{"0":{"name":"AuthScreen","decl":{"start":{"line":59,"column":16},"end":{"line":59,"column":26}},"loc":{"start":{"line":63,"column":3},"end":{"line":269,"column":1}},"line":63},"1":{"name":"(anonymous_1)","decl":{"start":{"line":84,"column":12},"end":{"line":84,"column":13}},"loc":{"start":{"line":84,"column":18},"end":{"line":90,"column":3}},"line":84},"2":{"name":"(anonymous_2)","decl":{"start":{"line":92,"column":41},"end":{"line":92,"column":42}},"loc":{"start":{"line":92,"column":94},"end":{"line":113,"column":3}},"line":92},"3":{"name":"(anonymous_3)","decl":{"start":{"line":115,"column":12},"end":{"line":115,"column":13}},"loc":{"start":{"line":115,"column":18},"end":{"line":147,"column":3}},"line":115},"4":{"name":"(anonymous_4)","decl":{"start":{"line":131,"column":6},"end":{"line":131,"column":7}},"loc":{"start":{"line":131,"column":19},"end":{"line":136,"column":7}},"line":131},"5":{"name":"(anonymous_5)","decl":{"start":{"line":137,"column":6},"end":{"line":137,"column":7}},"loc":{"start":{"line":137,"column":12},"end":{"line":142,"column":7}},"line":137},"6":{"name":"(anonymous_6)","decl":{"start":{"line":144,"column":11},"end":{"line":144,"column":12}},"loc":{"start":{"line":144,"column":17},"end":{"line":146,"column":5}},"line":144},"7":{"name":"(anonymous_7)","decl":{"start":{"line":149,"column":38},"end":{"line":149,"column":39}},"loc":{"start":{"line":149,"column":50},"end":{"line":182,"column":3}},"line":149},"8":{"name":"(anonymous_8)","decl":{"start":{"line":184,"column":39},"end":{"line":184,"column":40}},"loc":{"start":{"line":184,"column":51},"end":{"line":192,"column":3}},"line":184},"9":{"name":"(anonymous_9)","decl":{"start":{"line":224,"column":21},"end":{"line":224,"column":22}},"loc":{"start":{"line":224,"column":27},"end":{"line":224,"column":43}},"line":224},"10":{"name":"(anonymous_10)","decl":{"start":{"line":232,"column":21},"end":{"line":232,"column":22}},"loc":{"start":{"line":232,"column":27},"end":{"line":232,"column":44}},"line":232}},"branchMap":{"0":{"loc":{"start":{"line":18,"column":2},"end":{"line":18,"column":69}},"type":"cond-expr","locations":[{"start":{"line":18,"column":26},"end":{"line":18,"column":62}},{"start":{"line":18,"column":65},"end":{"line":18,"column":69}}],"line":18},"1":{"loc":{"start":{"line":57,"column":2},"end":{"line":57,"column":95}},"type":"cond-expr","locations":[{"start":{"line":57,"column":27},"end":{"line":57,"column":82}},{"start":{"line":57,"column":86},"end":{"line":57,"column":95}}],"line":57},"2":{"loc":{"start":{"line":57,"column":27},"end":{"line":57,"column":82}},"type":"binary-expr","locations":[{"start":{"line":57,"column":27},"end":{"line":57,"column":69}},{"start":{"line":57,"column":73},"end":{"line":57,"column":82}}],"line":57},"3":{"loc":{"start":{"line":68,"column":8},"end":{"line":68,"column":63}},"type":"binary-expr","locations":[{"start":{"line":68,"column":8},"end":{"line":68,"column":25}},{"start":{"line":68,"column":29},"end":{"line":68,"column":63}}],"line":68},"4":{"loc":{"start":{"line":69,"column":8},"end":{"line":69,"column":63}},"type":"binary-expr","locations":[{"start":{"line":69,"column":8},"end":{"line":69,"column":25}},{"start":{"line":69,"column":29},"end":{"line":69,"column":63}}],"line":69},"5":{"loc":{"start":{"line":70,"column":8},"end":{"line":70,"column":75}},"type":"binary-expr","locations":[{"start":{"line":70,"column":8},"end":{"line":70,"column":29}},{"start":{"line":70,"column":33},"end":{"line":70,"column":75}}],"line":70},"6":{"loc":{"start":{"line":79,"column":8},"end":{"line":79,"column":57}},"type":"binary-expr","locations":[{"start":{"line":79,"column":8},"end":{"line":79,"column":22}},{"start":{"line":79,"column":26},"end":{"line":79,"column":57}}],"line":79},"7":{"loc":{"start":{"line":98,"column":4},"end":{"line":98,"column":27}},"type":"if","locations":[{"start":{"line":98,"column":4},"end":{"line":98,"column":27}},{"start":{},"end":{}}],"line":98},"8":{"loc":{"start":{"line":106,"column":10},"end":{"line":106,"column":48}},"type":"cond-expr","locations":[{"start":{"line":106,"column":21},"end":{"line":106,"column":41}},{"start":{"line":106,"column":44},"end":{"line":106,"column":48}}],"line":106},"9":{"loc":{"start":{"line":107,"column":13},"end":{"line":107,"column":31}},"type":"binary-expr","locations":[{"start":{"line":107,"column":13},"end":{"line":107,"column":23}},{"start":{"line":107,"column":27},"end":{"line":107,"column":31}}],"line":107},"10":{"loc":{"start":{"line":108,"column":19},"end":{"line":108,"column":36}},"type":"binary-expr","locations":[{"start":{"line":108,"column":19},"end":{"line":108,"column":28}},{"start":{"line":108,"column":32},"end":{"line":108,"column":36}}],"line":108},"11":{"loc":{"start":{"line":109,"column":16},"end":{"line":109,"column":36}},"type":"binary-expr","locations":[{"start":{"line":109,"column":16},"end":{"line":109,"column":28}},{"start":{"line":109,"column":32},"end":{"line":109,"column":36}}],"line":109},"12":{"loc":{"start":{"line":116,"column":4},"end":{"line":121,"column":5}},"type":"if","locations":[{"start":{"line":116,"column":4},"end":{"line":121,"column":5}},{"start":{},"end":{}}],"line":116},"13":{"loc":{"start":{"line":117,"column":6},"end":{"line":119,"column":7}},"type":"if","locations":[{"start":{"line":117,"column":6},"end":{"line":119,"column":7}},{"start":{},"end":{}}],"line":117},"14":{"loc":{"start":{"line":117,"column":10},"end":{"line":117,"column":80}},"type":"binary-expr","locations":[{"start":{"line":117,"column":10},"end":{"line":117,"column":42}},{"start":{"line":117,"column":46},"end":{"line":117,"column":80}}],"line":117},"15":{"loc":{"start":{"line":123,"column":6},"end":{"line":123,"column":87}},"type":"binary-expr","locations":[{"start":{"line":123,"column":6},"end":{"line":123,"column":48}},{"start":{"line":123,"column":52},"end":{"line":123,"column":87}}],"line":123},"16":{"loc":{"start":{"line":124,"column":4},"end":{"line":128,"column":5}},"type":"if","locations":[{"start":{"line":124,"column":4},"end":{"line":128,"column":5}},{"start":{},"end":{}}],"line":124},"17":{"loc":{"start":{"line":132,"column":8},"end":{"line":135,"column":9}},"type":"if","locations":[{"start":{"line":132,"column":8},"end":{"line":135,"column":9}},{"start":{},"end":{}}],"line":132},"18":{"loc":{"start":{"line":138,"column":8},"end":{"line":141,"column":9}},"type":"if","locations":[{"start":{"line":138,"column":8},"end":{"line":141,"column":9}},{"start":{},"end":{}}],"line":138},"19":{"loc":{"start":{"line":150,"column":4},"end":{"line":150,"column":37}},"type":"if","locations":[{"start":{"line":150,"column":4},"end":{"line":150,"column":37}},{"start":{},"end":{}}],"line":150},"20":{"loc":{"start":{"line":160,"column":6},"end":{"line":173,"column":7}},"type":"if","locations":[{"start":{"line":160,"column":6},"end":{"line":173,"column":7}},{"start":{},"end":{}}],"line":160},"21":{"loc":{"start":{"line":162,"column":14},"end":{"line":162,"column":65}},"type":"cond-expr","locations":[{"start":{"line":162,"column":32},"end":{"line":162,"column":58}},{"start":{"line":162,"column":61},"end":{"line":162,"column":65}}],"line":162},"22":{"loc":{"start":{"line":163,"column":17},"end":{"line":163,"column":41}},"type":"binary-expr","locations":[{"start":{"line":163,"column":17},"end":{"line":163,"column":33}},{"start":{"line":163,"column":37},"end":{"line":163,"column":41}}],"line":163},"23":{"loc":{"start":{"line":165,"column":12},"end":{"line":167,"column":20}},"type":"cond-expr","locations":[{"start":{"line":166,"column":16},"end":{"line":166,"column":105}},{"start":{"line":167,"column":16},"end":{"line":167,"column":20}}],"line":165},"24":{"loc":{"start":{"line":165,"column":12},"end":{"line":165,"column":77}},"type":"binary-expr","locations":[{"start":{"line":165,"column":12},"end":{"line":165,"column":42}},{"start":{"line":165,"column":46},"end":{"line":165,"column":77}}],"line":165},"25":{"loc":{"start":{"line":176,"column":6},"end":{"line":178,"column":7}},"type":"if","locations":[{"start":{"line":176,"column":6},"end":{"line":178,"column":7}},{"start":{},"end":{}}],"line":176},"26":{"loc":{"start":{"line":213,"column":13},"end":{"line":213,"column":70}},"type":"cond-expr","locations":[{"start":{"line":213,"column":32},"end":{"line":213,"column":46}},{"start":{"line":213,"column":49},"end":{"line":213,"column":70}}],"line":213},"27":{"loc":{"start":{"line":216,"column":13},"end":{"line":218,"column":66}},"type":"cond-expr","locations":[{"start":{"line":217,"column":16},"end":{"line":217,"column":65}},{"start":{"line":218,"column":16},"end":{"line":218,"column":66}}],"line":216},"28":{"loc":{"start":{"line":225,"column":39},"end":{"line":225,"column":82}},"type":"binary-expr","locations":[{"start":{"line":225,"column":39},"end":{"line":225,"column":55}},{"start":{"line":225,"column":59},"end":{"line":225,"column":82}}],"line":225},"29":{"loc":{"start":{"line":227,"column":49},"end":{"line":227,"column":96}},"type":"binary-expr","locations":[{"start":{"line":227,"column":49},"end":{"line":227,"column":65}},{"start":{"line":227,"column":69},"end":{"line":227,"column":96}}],"line":227},"30":{"loc":{"start":{"line":233,"column":39},"end":{"line":233,"column":83}},"type":"binary-expr","locations":[{"start":{"line":233,"column":39},"end":{"line":233,"column":56}},{"start":{"line":233,"column":60},"end":{"line":233,"column":83}}],"line":233},"31":{"loc":{"start":{"line":235,"column":49},"end":{"line":235,"column":97}},"type":"binary-expr","locations":[{"start":{"line":235,"column":49},"end":{"line":235,"column":66}},{"start":{"line":235,"column":70},"end":{"line":235,"column":97}}],"line":235},"32":{"loc":{"start":{"line":242,"column":11},"end":{"line":252,"column":11}},"type":"binary-expr","locations":[{"start":{"line":242,"column":11},"end":{"line":242,"column":32}},{"start":{"line":243,"column":12},"end":{"line":251,"column":24}}],"line":242},"33":{"loc":{"start":{"line":249,"column":17},"end":{"line":249,"column":92}},"type":"cond-expr","locations":[{"start":{"line":249,"column":47},"end":{"line":249,"column":68}},{"start":{"line":249,"column":71},"end":{"line":249,"column":92}}],"line":249},"34":{"loc":{"start":{"line":256,"column":22},"end":{"line":256,"column":64}},"type":"binary-expr","locations":[{"start":{"line":256,"column":22},"end":{"line":256,"column":46}},{"start":{"line":256,"column":50},"end":{"line":256,"column":64}}],"line":256},"35":{"loc":{"start":{"line":260,"column":15},"end":{"line":262,"column":40}},"type":"cond-expr","locations":[{"start":{"line":261,"column":18},"end":{"line":261,"column":40}},{"start":{"line":262,"column":18},"end":{"line":262,"column":40}}],"line":260}},"s":{"0":1,"1":1,"2":1,"3":1,"4":1,"5":1,"6":1,"7":5,"8":5,"9":5,"10":5,"11":5,"12":5,"13":5,"14":0,"15":0,"16":0,"17":0,"18":0,"19":5,"20":5,"21":5,"22":0,"23":5,"24":0,"25":0,"26":0,"27":0,"28":0,"29":0,"30":0,"31":0,"32":0,"33":0,"34":0,"35":0,"36":0,"37":0,"38":0,"39":5,"40":0,"41":0,"42":0,"43":0,"44":0,"45":0,"46":0,"47":0,"48":0,"49":0,"50":0,"51":0,"52":5,"53":0,"54":0,"55":0,"56":0,"57":0,"58":5,"59":5,"60":0,"61":0,"62":1},"f":{"0":5,"1":5,"2":0,"3":5,"4":0,"5":0,"6":0,"7":0,"8":0,"9":0,"10":0},"b":{"0":[1,0],"1":[0,1],"2":[0,0],"3":[5,0],"4":[5,0],"5":[5,0],"6":[5,0],"7":[0,0],"8":[0,0],"9":[0,0],"10":[0,0],"11":[0,0],"12":[5,0],"13":[0,5],"14":[5,5],"15":[0,0],"16":[0,0],"17":[0,0],"18":[0,0],"19":[0,0],"20":[0,0],"21":[0,0],"22":[0,0],"23":[0,0],"24":[0,0],"25":[0,0],"26":[5,0],"27":[5,0],"28":[5,5],"29":[5,5],"30":[5,0],"31":[5,0],"32":[5,5],"33":[0,5],"34":[5,5],"35":[0,5]},"_coverageSchema":"1a1c01bbd47fc00a2c39e90264f33305004495a9","hash":"4a8253ca0dc161cdd4535029599f8a20093bec12"}
,"/Users/rushin/Columbia/spring 26'/startup studio/mvp/AI_Wardrobe_Planner/misfitai-mobile/src/EventsScreen.tsx": {"path":"/Users/rushin/Columbia/spring 26'/startup studio/mvp/AI_Wardrobe_Planner/misfitai-mobile/src/EventsScreen.tsx","statementMap":{"0":{"start":{"line":29,"column":6},"end":{"line":29,"column":19}},"1":{"start":{"line":31,"column":38},"end":{"line":31,"column":53}},"2":{"start":{"line":32,"column":38},"end":{"line":32,"column":53}},"3":{"start":{"line":33,"column":28},"end":{"line":33,"column":57}},"4":{"start":{"line":35,"column":25},"end":{"line":35,"column":82}},"5":{"start":{"line":35,"column":51},"end":{"line":35,"column":72}},"6":{"start":{"line":37,"column":2},"end":{"line":48,"column":23}},"7":{"start":{"line":38,"column":4},"end":{"line":47,"column":14}},"8":{"start":{"line":41,"column":8},"end":{"line":45,"column":10}},"9":{"start":{"line":50,"column":24},"end":{"line":66,"column":3}},"10":{"start":{"line":51,"column":4},"end":{"line":53,"column":5}},"11":{"start":{"line":52,"column":6},"end":{"line":52,"column":13}},"12":{"start":{"line":55,"column":4},"end":{"line":55,"column":24}},"13":{"start":{"line":56,"column":4},"end":{"line":56,"column":19}},"14":{"start":{"line":57,"column":4},"end":{"line":65,"column":5}},"15":{"start":{"line":58,"column":6},"end":{"line":58,"column":33}},"16":{"start":{"line":59,"column":6},"end":{"line":59,"column":33}},"17":{"start":{"line":61,"column":22},"end":{"line":61,"column":106}},"18":{"start":{"line":62,"column":6},"end":{"line":62,"column":24}},"19":{"start":{"line":64,"column":6},"end":{"line":64,"column":27}},"20":{"start":{"line":68,"column":28},"end":{"line":70,"column":3}},"21":{"start":{"line":69,"column":4},"end":{"line":69,"column":30}},"22":{"start":{"line":72,"column":25},"end":{"line":82,"column":3}},"23":{"start":{"line":73,"column":4},"end":{"line":81,"column":5}},"24":{"start":{"line":74,"column":6},"end":{"line":74,"column":26}},"25":{"start":{"line":75,"column":6},"end":{"line":75,"column":21}},"26":{"start":{"line":76,"column":6},"end":{"line":76,"column":25}},"27":{"start":{"line":78,"column":6},"end":{"line":78,"column":62}},"28":{"start":{"line":80,"column":6},"end":{"line":80,"column":27}},"29":{"start":{"line":84,"column":2},"end":{"line":169,"column":4}},"30":{"start":{"line":112,"column":23},"end":{"line":112,"column":44}},"31":{"start":{"line":113,"column":10},"end":{"line":149,"column":12}},"32":{"start":{"line":134,"column":35},"end":{"line":134,"column":66}},"33":{"start":{"line":135,"column":18},"end":{"line":145,"column":20}},"34":{"start":{"line":138,"column":37},"end":{"line":138,"column":71}},"35":{"start":{"line":172,"column":15},"end":{"line":295,"column":2}}},"fnMap":{"0":{"name":"EventsScreen","decl":{"start":{"line":16,"column":16},"end":{"line":16,"column":28}},"loc":{"start":{"line":20,"column":3},"end":{"line":170,"column":1}},"line":20},"1":{"name":"(anonymous_1)","decl":{"start":{"line":35,"column":45},"end":{"line":35,"column":46}},"loc":{"start":{"line":35,"column":51},"end":{"line":35,"column":72}},"line":35},"2":{"name":"(anonymous_2)","decl":{"start":{"line":37,"column":12},"end":{"line":37,"column":13}},"loc":{"start":{"line":37,"column":18},"end":{"line":48,"column":3}},"line":37},"3":{"name":"(anonymous_3)","decl":{"start":{"line":40,"column":25},"end":{"line":40,"column":26}},"loc":{"start":{"line":41,"column":8},"end":{"line":45,"column":10}},"line":41},"4":{"name":"(anonymous_4)","decl":{"start":{"line":50,"column":24},"end":{"line":50,"column":25}},"loc":{"start":{"line":50,"column":36},"end":{"line":66,"column":3}},"line":50},"5":{"name":"(anonymous_5)","decl":{"start":{"line":68,"column":28},"end":{"line":68,"column":29}},"loc":{"start":{"line":68,"column":65},"end":{"line":70,"column":3}},"line":68},"6":{"name":"(anonymous_6)","decl":{"start":{"line":72,"column":25},"end":{"line":72,"column":26}},"loc":{"start":{"line":72,"column":37},"end":{"line":82,"column":3}},"line":72},"7":{"name":"(anonymous_7)","decl":{"start":{"line":111,"column":22},"end":{"line":111,"column":23}},"loc":{"start":{"line":111,"column":38},"end":{"line":150,"column":9}},"line":111},"8":{"name":"(anonymous_8)","decl":{"start":{"line":133,"column":38},"end":{"line":133,"column":39}},"loc":{"start":{"line":133,"column":54},"end":{"line":146,"column":17}},"line":133},"9":{"name":"(anonymous_9)","decl":{"start":{"line":138,"column":31},"end":{"line":138,"column":32}},"loc":{"start":{"line":138,"column":37},"end":{"line":138,"column":71}},"line":138}},"branchMap":{"0":{"loc":{"start":{"line":51,"column":4},"end":{"line":53,"column":5}},"type":"if","locations":[{"start":{"line":51,"column":4},"end":{"line":53,"column":5}},{"start":{},"end":{}}],"line":51},"1":{"loc":{"start":{"line":61,"column":22},"end":{"line":61,"column":106}},"type":"cond-expr","locations":[{"start":{"line":61,"column":45},"end":{"line":61,"column":56}},{"start":{"line":61,"column":59},"end":{"line":61,"column":106}}],"line":61},"2":{"loc":{"start":{"line":96,"column":42},"end":{"line":96,"column":91}},"type":"binary-expr","locations":[{"start":{"line":96,"column":42},"end":{"line":96,"column":61}},{"start":{"line":96,"column":65},"end":{"line":96,"column":91}}],"line":96},"3":{"loc":{"start":{"line":98,"column":52},"end":{"line":98,"column":105}},"type":"binary-expr","locations":[{"start":{"line":98,"column":52},"end":{"line":98,"column":71}},{"start":{"line":98,"column":75},"end":{"line":98,"column":105}}],"line":98},"4":{"loc":{"start":{"line":99,"column":15},"end":{"line":103,"column":36}},"type":"cond-expr","locations":[{"start":{"line":100,"column":18},"end":{"line":100,"column":33}},{"start":{"line":101,"column":18},"end":{"line":103,"column":36}}],"line":99},"5":{"loc":{"start":{"line":101,"column":18},"end":{"line":103,"column":36}},"type":"cond-expr","locations":[{"start":{"line":102,"column":18},"end":{"line":102,"column":38}},{"start":{"line":103,"column":18},"end":{"line":103,"column":36}}],"line":101},"6":{"loc":{"start":{"line":139,"column":43},"end":{"line":139,"column":74}},"type":"binary-expr","locations":[{"start":{"line":139,"column":43},"end":{"line":139,"column":51}},{"start":{"line":139,"column":55},"end":{"line":139,"column":74}}],"line":139},"7":{"loc":{"start":{"line":141,"column":53},"end":{"line":141,"column":88}},"type":"binary-expr","locations":[{"start":{"line":141,"column":53},"end":{"line":141,"column":61}},{"start":{"line":141,"column":65},"end":{"line":141,"column":88}}],"line":141},"8":{"loc":{"start":{"line":152,"column":9},"end":{"line":154,"column":16}},"type":"cond-expr","locations":[{"start":{"line":153,"column":10},"end":{"line":153,"column":103}},{"start":{"line":154,"column":12},"end":{"line":154,"column":16}}],"line":152},"9":{"loc":{"start":{"line":156,"column":9},"end":{"line":156,"column":69}},"type":"cond-expr","locations":[{"start":{"line":156,"column":17},"end":{"line":156,"column":62}},{"start":{"line":156,"column":65},"end":{"line":156,"column":69}}],"line":156},"10":{"loc":{"start":{"line":160,"column":20},"end":{"line":160,"column":53}},"type":"binary-expr","locations":[{"start":{"line":160,"column":20},"end":{"line":160,"column":30}},{"start":{"line":160,"column":34},"end":{"line":160,"column":53}}],"line":160},"11":{"loc":{"start":{"line":164,"column":13},"end":{"line":164,"column":75}},"type":"cond-expr","locations":[{"start":{"line":164,"column":26},"end":{"line":164,"column":51}},{"start":{"line":164,"column":54},"end":{"line":164,"column":75}}],"line":164}},"s":{"0":12,"1":12,"2":12,"3":12,"4":12,"5":84,"6":12,"7":4,"8":28,"9":12,"10":0,"11":0,"12":0,"13":0,"14":0,"15":0,"16":0,"17":0,"18":0,"19":0,"20":12,"21":0,"22":12,"23":0,"24":0,"25":0,"26":0,"27":0,"28":0,"29":12,"30":84,"31":84,"32":420,"33":420,"34":0,"35":1},"f":{"0":12,"1":84,"2":4,"3":28,"4":0,"5":0,"6":0,"7":84,"8":420,"9":0},"b":{"0":[0,0],"1":[0,0],"2":[12,0],"3":[12,0],"4":[0,12],"5":[0,12],"6":[420,84],"7":[420,84],"8":[8,4],"9":[0,12],"10":[12,12],"11":[0,12]},"_coverageSchema":"1a1c01bbd47fc00a2c39e90264f33305004495a9","hash":"19a63f7f23d6b90e217183070985fafd75bb65da"}
,"/Users/rushin/Columbia/spring 26'/startup studio/mvp/AI_Wardrobe_Planner/misfitai-mobile/src/SearchableSelect.tsx": {"path":"/Users/rushin/Columbia/spring 26'/startup studio/mvp/AI_Wardrobe_Planner/misfitai-mobile/src/SearchableSelect.tsx","statementMap":{"0":{"start":{"line":26,"column":2},"end":{"line":26,"column":32}},"1":{"start":{"line":38,"column":26},"end":{"line":38,"column":41}},"2":{"start":{"line":39,"column":30},"end":{"line":39,"column":42}},"3":{"start":{"line":40,"column":38},"end":{"line":40,"column":50}},"4":{"start":{"line":41,"column":42},"end":{"line":41,"column":57}},"5":{"start":{"line":43,"column":19},"end":{"line":47,"column":23}},"6":{"start":{"line":44,"column":14},"end":{"line":44,"column":31}},"7":{"start":{"line":45,"column":4},"end":{"line":45,"column":27}},"8":{"start":{"line":45,"column":12},"end":{"line":45,"column":27}},"9":{"start":{"line":46,"column":4},"end":{"line":46,"column":59}},"10":{"start":{"line":46,"column":33},"end":{"line":46,"column":57}},"11":{"start":{"line":49,"column":2},"end":{"line":55,"column":13}},"12":{"start":{"line":50,"column":4},"end":{"line":54,"column":5}},"13":{"start":{"line":51,"column":6},"end":{"line":51,"column":20}},"14":{"start":{"line":52,"column":6},"end":{"line":52,"column":24}},"15":{"start":{"line":53,"column":6},"end":{"line":53,"column":29}},"16":{"start":{"line":57,"column":23},"end":{"line":57,"column":93}},"17":{"start":{"line":59,"column":21},"end":{"line":65,"column":28}},"18":{"start":{"line":60,"column":14},"end":{"line":60,"column":31}},"19":{"start":{"line":61,"column":4},"end":{"line":64,"column":5}},"20":{"start":{"line":62,"column":6},"end":{"line":62,"column":18}},"21":{"start":{"line":63,"column":6},"end":{"line":63,"column":21}},"22":{"start":{"line":67,"column":21},"end":{"line":73,"column":3}},"23":{"start":{"line":69,"column":6},"end":{"line":69,"column":21}},"24":{"start":{"line":70,"column":6},"end":{"line":70,"column":21}},"25":{"start":{"line":75,"column":16},"end":{"line":78,"column":16}},"26":{"start":{"line":76,"column":4},"end":{"line":76,"column":17}},"27":{"start":{"line":77,"column":4},"end":{"line":77,"column":19}},"28":{"start":{"line":80,"column":2},"end":{"line":181,"column":4}},"29":{"start":{"line":84,"column":23},"end":{"line":84,"column":36}},"30":{"start":{"line":95,"column":84},"end":{"line":95,"column":98}},"31":{"start":{"line":96,"column":58},"end":{"line":96,"column":72}},"32":{"start":{"line":97,"column":58},"end":{"line":97,"column":77}},"33":{"start":{"line":117,"column":38},"end":{"line":117,"column":42}},"34":{"start":{"line":133,"column":16},"end":{"line":135,"column":28}},"35":{"start":{"line":133,"column":61},"end":{"line":133,"column":77}},"36":{"start":{"line":146,"column":18},"end":{"line":146,"column":40}},"37":{"start":{"line":147,"column":18},"end":{"line":147,"column":46}},"38":{"start":{"line":164,"column":71},"end":{"line":164,"column":93}},"39":{"start":{"line":174,"column":61},"end":{"line":174,"column":75}},"40":{"start":{"line":184,"column":15},"end":{"line":353,"column":2}}},"fnMap":{"0":{"name":"normalize","decl":{"start":{"line":25,"column":9},"end":{"line":25,"column":18}},"loc":{"start":{"line":25,"column":38},"end":{"line":27,"column":1}},"line":25},"1":{"name":"SearchableSelect","decl":{"start":{"line":29,"column":16},"end":{"line":29,"column":32}},"loc":{"start":{"line":37,"column":10},"end":{"line":182,"column":1}},"line":37},"2":{"name":"(anonymous_2)","decl":{"start":{"line":43,"column":27},"end":{"line":43,"column":28}},"loc":{"start":{"line":43,"column":33},"end":{"line":47,"column":3}},"line":43},"3":{"name":"(anonymous_3)","decl":{"start":{"line":46,"column":26},"end":{"line":46,"column":27}},"loc":{"start":{"line":46,"column":33},"end":{"line":46,"column":57}},"line":46},"4":{"name":"(anonymous_4)","decl":{"start":{"line":49,"column":12},"end":{"line":49,"column":13}},"loc":{"start":{"line":49,"column":18},"end":{"line":55,"column":3}},"line":49},"5":{"name":"(anonymous_5)","decl":{"start":{"line":59,"column":33},"end":{"line":59,"column":34}},"loc":{"start":{"line":59,"column":39},"end":{"line":65,"column":3}},"line":59},"6":{"name":"(anonymous_6)","decl":{"start":{"line":68,"column":4},"end":{"line":68,"column":5}},"loc":{"start":{"line":68,"column":22},"end":{"line":71,"column":5}},"line":68},"7":{"name":"(anonymous_7)","decl":{"start":{"line":75,"column":28},"end":{"line":75,"column":29}},"loc":{"start":{"line":75,"column":34},"end":{"line":78,"column":3}},"line":75},"8":{"name":"(anonymous_8)","decl":{"start":{"line":84,"column":17},"end":{"line":84,"column":18}},"loc":{"start":{"line":84,"column":23},"end":{"line":84,"column":36}},"line":84},"9":{"name":"(anonymous_9)","decl":{"start":{"line":95,"column":78},"end":{"line":95,"column":79}},"loc":{"start":{"line":95,"column":84},"end":{"line":95,"column":98}},"line":95},"10":{"name":"(anonymous_10)","decl":{"start":{"line":96,"column":52},"end":{"line":96,"column":53}},"loc":{"start":{"line":96,"column":58},"end":{"line":96,"column":72}},"line":96},"11":{"name":"(anonymous_11)","decl":{"start":{"line":97,"column":51},"end":{"line":97,"column":52}},"loc":{"start":{"line":97,"column":58},"end":{"line":97,"column":77}},"line":97},"12":{"name":"(anonymous_12)","decl":{"start":{"line":117,"column":28},"end":{"line":117,"column":29}},"loc":{"start":{"line":117,"column":38},"end":{"line":117,"column":42}},"line":117},"13":{"name":"(anonymous_13)","decl":{"start":{"line":132,"column":26},"end":{"line":132,"column":27}},"loc":{"start":{"line":133,"column":16},"end":{"line":135,"column":28}},"line":133},"14":{"name":"(anonymous_14)","decl":{"start":{"line":133,"column":55},"end":{"line":133,"column":56}},"loc":{"start":{"line":133,"column":61},"end":{"line":133,"column":77}},"line":133},"15":{"name":"(anonymous_15)","decl":{"start":{"line":145,"column":25},"end":{"line":145,"column":26}},"loc":{"start":{"line":145,"column":31},"end":{"line":148,"column":17}},"line":145},"16":{"name":"(anonymous_16)","decl":{"start":{"line":164,"column":65},"end":{"line":164,"column":66}},"loc":{"start":{"line":164,"column":71},"end":{"line":164,"column":93}},"line":164},"17":{"name":"(anonymous_17)","decl":{"start":{"line":174,"column":55},"end":{"line":174,"column":56}},"loc":{"start":{"line":174,"column":61},"end":{"line":174,"column":75}},"line":174}},"branchMap":{"0":{"loc":{"start":{"line":35,"column":2},"end":{"line":35,"column":20}},"type":"default-arg","locations":[{"start":{"line":35,"column":15},"end":{"line":35,"column":20}}],"line":35},"1":{"loc":{"start":{"line":36,"column":2},"end":{"line":36,"column":17}},"type":"default-arg","locations":[{"start":{"line":36,"column":13},"end":{"line":36,"column":17}}],"line":36},"2":{"loc":{"start":{"line":45,"column":4},"end":{"line":45,"column":27}},"type":"if","locations":[{"start":{"line":45,"column":4},"end":{"line":45,"column":27}},{"start":{},"end":{}}],"line":45},"3":{"loc":{"start":{"line":50,"column":4},"end":{"line":54,"column":5}},"type":"if","locations":[{"start":{"line":50,"column":4},"end":{"line":54,"column":5}},{"start":{},"end":{}}],"line":50},"4":{"loc":{"start":{"line":57,"column":23},"end":{"line":57,"column":93}},"type":"cond-expr","locations":[{"start":{"line":57,"column":38},"end":{"line":57,"column":43}},{"start":{"line":57,"column":46},"end":{"line":57,"column":93}}],"line":57},"5":{"loc":{"start":{"line":57,"column":46},"end":{"line":57,"column":93}},"type":"cond-expr","locations":[{"start":{"line":57,"column":57},"end":{"line":57,"column":67}},{"start":{"line":57,"column":70},"end":{"line":57,"column":93}}],"line":57},"6":{"loc":{"start":{"line":57,"column":70},"end":{"line":57,"column":93}},"type":"binary-expr","locations":[{"start":{"line":57,"column":70},"end":{"line":57,"column":81}},{"start":{"line":57,"column":85},"end":{"line":57,"column":93}}],"line":57},"7":{"loc":{"start":{"line":61,"column":4},"end":{"line":64,"column":5}},"type":"if","locations":[{"start":{"line":61,"column":4},"end":{"line":64,"column":5}},{"start":{},"end":{}}],"line":61},"8":{"loc":{"start":{"line":89,"column":42},"end":{"line":89,"column":84}},"type":"binary-expr","locations":[{"start":{"line":89,"column":42},"end":{"line":89,"column":55}},{"start":{"line":89,"column":59},"end":{"line":89,"column":84}}],"line":89},"9":{"loc":{"start":{"line":102,"column":27},"end":{"line":102,"column":59}},"type":"binary-expr","locations":[{"start":{"line":102,"column":27},"end":{"line":102,"column":38}},{"start":{"line":102,"column":42},"end":{"line":102,"column":59}}],"line":102},"10":{"loc":{"start":{"line":109,"column":13},"end":{"line":113,"column":20}},"type":"cond-expr","locations":[{"start":{"line":110,"column":14},"end":{"line":112,"column":26}},{"start":{"line":113,"column":16},"end":{"line":113,"column":20}}],"line":109},"11":{"loc":{"start":{"line":124,"column":16},"end":{"line":130,"column":17}},"type":"cond-expr","locations":[{"start":{"line":125,"column":18},"end":{"line":127,"column":25}},{"start":{"line":129,"column":18},"end":{"line":129,"column":75}}],"line":124},"12":{"loc":{"start":{"line":126,"column":44},"end":{"line":126,"column":77}},"type":"cond-expr","locations":[{"start":{"line":126,"column":68},"end":{"line":126,"column":70}},{"start":{"line":126,"column":73},"end":{"line":126,"column":77}}],"line":126},"13":{"loc":{"start":{"line":142,"column":13},"end":{"line":172,"column":13}},"type":"cond-expr","locations":[{"start":{"line":143,"column":14},"end":{"line":151,"column":26}},{"start":{"line":153,"column":14},"end":{"line":171,"column":21}}],"line":142}},"s":{"0":12,"1":13,"2":13,"3":13,"4":13,"5":13,"6":8,"7":8,"8":7,"9":1,"10":4,"11":13,"12":11,"13":8,"14":8,"15":8,"16":13,"17":13,"18":0,"19":0,"20":0,"21":0,"22":13,"23":1,"24":1,"25":13,"26":0,"27":0,"28":13,"29":3,"30":0,"31":0,"32":0,"33":18,"34":14,"35":1,"36":0,"37":0,"38":0,"39":0,"40":2},"f":{"0":12,"1":13,"2":8,"3":4,"4":11,"5":0,"6":1,"7":0,"8":3,"9":0,"10":0,"11":0,"12":18,"13":14,"14":1,"15":0,"16":0,"17":0},"b":{"0":[12],"1":[12],"2":[7,1],"3":[8,3],"4":[1,12],"5":[12,0],"6":[0,0],"7":[0,0],"8":[13,12],"9":[13,13],"10":[13,0],"11":[1,12],"12":[0,1],"13":[13,0]},"_coverageSchema":"1a1c01bbd47fc00a2c39e90264f33305004495a9","hash":"232e888340f4cec14489a21d1a47ccc996d2b88b"}
,"/Users/rushin/Columbia/spring 26'/startup studio/mvp/AI_Wardrobe_Planner/misfitai-mobile/src/WardrobeScreen.tsx": {"path":"/Users/rushin/Columbia/spring 26'/startup studio/mvp/AI_Wardrobe_Planner/misfitai-mobile/src/WardrobeScreen.tsx","statementMap":{"0":{"start":{"line":28,"column":31},"end":{"line":34,"column":1}},"1":{"start":{"line":36,"column":31},"end":{"line":44,"column":1}},"2":{"start":{"line":60,"column":6},"end":{"line":60,"column":19}},"3":{"start":{"line":62,"column":26},"end":{"line":62,"column":38}},"4":{"start":{"line":63,"column":34},"end":{"line":63,"column":91}},"5":{"start":{"line":64,"column":36},"end":{"line":66,"column":9}},"6":{"start":{"line":67,"column":40},"end":{"line":69,"column":3}},"7":{"start":{"line":70,"column":30},"end":{"line":70,"column":45}},"8":{"start":{"line":71,"column":36},"end":{"line":71,"column":65}},"9":{"start":{"line":72,"column":42},"end":{"line":72,"column":57}},"10":{"start":{"line":73,"column":40},"end":{"line":73,"column":69}},"11":{"start":{"line":74,"column":52},"end":{"line":74,"column":63}},"12":{"start":{"line":75,"column":54},"end":{"line":75,"column":87}},"13":{"start":{"line":76,"column":46},"end":{"line":76,"column":83}},"14":{"start":{"line":77,"column":50},"end":{"line":77,"column":65}},"15":{"start":{"line":78,"column":44},"end":{"line":78,"column":73}},"16":{"start":{"line":80,"column":40},"end":{"line":80,"column":52}},"17":{"start":{"line":81,"column":40},"end":{"line":81,"column":52}},"18":{"start":{"line":82,"column":54},"end":{"line":82,"column":66}},"19":{"start":{"line":83,"column":46},"end":{"line":83,"column":103}},"20":{"start":{"line":84,"column":40},"end":{"line":84,"column":52}},"21":{"start":{"line":85,"column":46},"end":{"line":85,"column":58}},"22":{"start":{"line":86,"column":38},"end":{"line":86,"column":50}},"23":{"start":{"line":87,"column":48},"end":{"line":89,"column":9}},"24":{"start":{"line":90,"column":52},"end":{"line":92,"column":9}},"25":{"start":{"line":93,"column":36},"end":{"line":93,"column":51}},"26":{"start":{"line":94,"column":52},"end":{"line":94,"column":63}},"27":{"start":{"line":95,"column":40},"end":{"line":95,"column":69}},"28":{"start":{"line":96,"column":42},"end":{"line":96,"column":82}},"29":{"start":{"line":97,"column":44},"end":{"line":99,"column":7}},"30":{"start":{"line":100,"column":56},"end":{"line":102,"column":3}},"31":{"start":{"line":103,"column":42},"end":{"line":103,"column":57}},"32":{"start":{"line":104,"column":54},"end":{"line":104,"column":65}},"33":{"start":{"line":105,"column":32},"end":{"line":105,"column":71}},"34":{"start":{"line":106,"column":46},"end":{"line":108,"column":10}},"35":{"start":{"line":110,"column":19},"end":{"line":110,"column":56}},"36":{"start":{"line":112,"column":2},"end":{"line":118,"column":17}},"37":{"start":{"line":113,"column":4},"end":{"line":117,"column":15}},"38":{"start":{"line":120,"column":2},"end":{"line":129,"column":18}},"39":{"start":{"line":121,"column":4},"end":{"line":124,"column":5}},"40":{"start":{"line":122,"column":6},"end":{"line":122,"column":30}},"41":{"start":{"line":123,"column":6},"end":{"line":123,"column":13}},"42":{"start":{"line":125,"column":15},"end":{"line":127,"column":12}},"43":{"start":{"line":126,"column":6},"end":{"line":126,"column":87}},"44":{"start":{"line":126,"column":40},"end":{"line":126,"column":85}},"45":{"start":{"line":128,"column":4},"end":{"line":128,"column":35}},"46":{"start":{"line":128,"column":17},"end":{"line":128,"column":34}},"47":{"start":{"line":131,"column":2},"end":{"line":140,"column":21}},"48":{"start":{"line":132,"column":4},"end":{"line":135,"column":5}},"49":{"start":{"line":133,"column":6},"end":{"line":133,"column":30}},"50":{"start":{"line":134,"column":6},"end":{"line":134,"column":13}},"51":{"start":{"line":136,"column":15},"end":{"line":138,"column":12}},"52":{"start":{"line":137,"column":6},"end":{"line":137,"column":87}},"53":{"start":{"line":137,"column":40},"end":{"line":137,"column":85}},"54":{"start":{"line":139,"column":4},"end":{"line":139,"column":35}},"55":{"start":{"line":139,"column":17},"end":{"line":139,"column":34}},"56":{"start":{"line":142,"column":2},"end":{"line":144,"column":23}},"57":{"start":{"line":143,"column":4},"end":{"line":143,"column":22}},"58":{"start":{"line":146,"column":21},"end":{"line":168,"column":3}},"59":{"start":{"line":147,"column":4},"end":{"line":149,"column":5}},"60":{"start":{"line":148,"column":6},"end":{"line":148,"column":13}},"61":{"start":{"line":151,"column":4},"end":{"line":167,"column":5}},"62":{"start":{"line":152,"column":6},"end":{"line":152,"column":22}},"63":{"start":{"line":153,"column":6},"end":{"line":153,"column":25}},"64":{"start":{"line":154,"column":6},"end":{"line":159,"column":9}},"65":{"start":{"line":160,"column":6},"end":{"line":160,"column":18}},"66":{"start":{"line":161,"column":6},"end":{"line":161,"column":25}},"67":{"start":{"line":162,"column":6},"end":{"line":162,"column":35}},"68":{"start":{"line":164,"column":6},"end":{"line":164,"column":66}},"69":{"start":{"line":166,"column":6},"end":{"line":166,"column":23}},"70":{"start":{"line":170,"column":26},"end":{"line":202,"column":3}},"71":{"start":{"line":171,"column":4},"end":{"line":201,"column":5}},"72":{"start":{"line":172,"column":6},"end":{"line":172,"column":27}},"73":{"start":{"line":173,"column":6},"end":{"line":173,"column":32}},"74":{"start":{"line":174,"column":6},"end":{"line":174,"column":28}},"75":{"start":{"line":175,"column":21},"end":{"line":179,"column":8}},"76":{"start":{"line":180,"column":6},"end":{"line":182,"column":7}},"77":{"start":{"line":181,"column":8},"end":{"line":181,"column":15}},"78":{"start":{"line":183,"column":6},"end":{"line":183,"column":28}},"79":{"start":{"line":184,"column":20},"end":{"line":184,"column":36}},"80":{"start":{"line":185,"column":20},"end":{"line":189,"column":8}},"81":{"start":{"line":190,"column":6},"end":{"line":190,"column":35}},"82":{"start":{"line":191,"column":48},"end":{"line":191,"column":50}},"83":{"start":{"line":193,"column":6},"end":{"line":193,"column":56}},"84":{"start":{"line":193,"column":33},"end":{"line":193,"column":53}},"85":{"start":{"line":194,"column":6},"end":{"line":194,"column":34}},"86":{"start":{"line":196,"column":6},"end":{"line":198,"column":8}},"87":{"start":{"line":200,"column":6},"end":{"line":200,"column":29}},"88":{"start":{"line":204,"column":23},"end":{"line":232,"column":3}},"89":{"start":{"line":205,"column":18},"end":{"line":205,"column":36}},"90":{"start":{"line":206,"column":21},"end":{"line":206,"column":46}},"91":{"start":{"line":207,"column":14},"end":{"line":207,"column":64}},"92":{"start":{"line":208,"column":4},"end":{"line":211,"column":5}},"93":{"start":{"line":209,"column":6},"end":{"line":209,"column":71}},"94":{"start":{"line":210,"column":6},"end":{"line":210,"column":13}},"95":{"start":{"line":212,"column":4},"end":{"line":231,"column":5}},"96":{"start":{"line":213,"column":6},"end":{"line":213,"column":25}},"97":{"start":{"line":214,"column":6},"end":{"line":214,"column":27}},"98":{"start":{"line":215,"column":6},"end":{"line":215,"column":35}},"99":{"start":{"line":216,"column":6},"end":{"line":216,"column":31}},"100":{"start":{"line":217,"column":22},"end":{"line":222,"column":8}},"101":{"start":{"line":223,"column":6},"end":{"line":223,"column":32}},"102":{"start":{"line":224,"column":6},"end":{"line":226,"column":7}},"103":{"start":{"line":225,"column":8},"end":{"line":225,"column":87}},"104":{"start":{"line":228,"column":6},"end":{"line":228,"column":84}},"105":{"start":{"line":230,"column":6},"end":{"line":230,"column":26}},"106":{"start":{"line":234,"column":26},"end":{"line":269,"column":3}},"107":{"start":{"line":235,"column":4},"end":{"line":235,"column":45}},"108":{"start":{"line":235,"column":38},"end":{"line":235,"column":45}},"109":{"start":{"line":236,"column":21},"end":{"line":236,"column":55}},"110":{"start":{"line":237,"column":4},"end":{"line":237,"column":36}},"111":{"start":{"line":237,"column":29},"end":{"line":237,"column":36}},"112":{"start":{"line":239,"column":4},"end":{"line":268,"column":5}},"113":{"start":{"line":240,"column":6},"end":{"line":240,"column":28}},"114":{"start":{"line":241,"column":6},"end":{"line":241,"column":27}},"115":{"start":{"line":242,"column":27},"end":{"line":246,"column":15}},"116":{"start":{"line":243,"column":20},"end":{"line":243,"column":28}},"117":{"start":{"line":247,"column":6},"end":{"line":254,"column":9}},"118":{"start":{"line":255,"column":6},"end":{"line":255,"column":25}},"119":{"start":{"line":256,"column":6},"end":{"line":256,"column":32}},"120":{"start":{"line":257,"column":6},"end":{"line":257,"column":25}},"121":{"start":{"line":258,"column":6},"end":{"line":258,"column":28}},"122":{"start":{"line":259,"column":6},"end":{"line":259,"column":24}},"123":{"start":{"line":260,"column":6},"end":{"line":260,"column":31}},"124":{"start":{"line":261,"column":6},"end":{"line":261,"column":41}},"125":{"start":{"line":262,"column":6},"end":{"line":262,"column":27}},"126":{"start":{"line":263,"column":6},"end":{"line":263,"column":35}},"127":{"start":{"line":265,"column":6},"end":{"line":265,"column":94}},"128":{"start":{"line":267,"column":6},"end":{"line":267,"column":29}},"129":{"start":{"line":271,"column":27},"end":{"line":320,"column":3}},"130":{"start":{"line":272,"column":4},"end":{"line":319,"column":5}},"131":{"start":{"line":273,"column":23},"end":{"line":273,"column":57}},"132":{"start":{"line":274,"column":6},"end":{"line":274,"column":38}},"133":{"start":{"line":274,"column":31},"end":{"line":274,"column":38}},"134":{"start":{"line":275,"column":6},"end":{"line":299,"column":7}},"135":{"start":{"line":276,"column":8},"end":{"line":276,"column":30}},"136":{"start":{"line":277,"column":8},"end":{"line":277,"column":29}},"137":{"start":{"line":278,"column":8},"end":{"line":285,"column":11}},"138":{"start":{"line":286,"column":8},"end":{"line":286,"column":20}},"139":{"start":{"line":287,"column":8},"end":{"line":287,"column":27}},"140":{"start":{"line":288,"column":8},"end":{"line":288,"column":27}},"141":{"start":{"line":289,"column":8},"end":{"line":289,"column":30}},"142":{"start":{"line":290,"column":8},"end":{"line":290,"column":26}},"143":{"start":{"line":291,"column":8},"end":{"line":291,"column":27}},"144":{"start":{"line":292,"column":8},"end":{"line":292,"column":37}},"145":{"start":{"line":293,"column":8},"end":{"line":293,"column":29}},"146":{"start":{"line":294,"column":8},"end":{"line":294,"column":37}},"147":{"start":{"line":296,"column":8},"end":{"line":296,"column":96}},"148":{"start":{"line":298,"column":8},"end":{"line":298,"column":31}},"149":{"start":{"line":301,"column":6},"end":{"line":301,"column":31}},"150":{"start":{"line":301,"column":24},"end":{"line":301,"column":31}},"151":{"start":{"line":302,"column":6},"end":{"line":318,"column":7}},"152":{"start":{"line":303,"column":8},"end":{"line":303,"column":24}},"153":{"start":{"line":304,"column":8},"end":{"line":304,"column":27}},"154":{"start":{"line":305,"column":8},"end":{"line":310,"column":11}},"155":{"start":{"line":311,"column":8},"end":{"line":311,"column":20}},"156":{"start":{"line":312,"column":8},"end":{"line":312,"column":27}},"157":{"start":{"line":313,"column":8},"end":{"line":313,"column":37}},"158":{"start":{"line":315,"column":8},"end":{"line":315,"column":68}},"159":{"start":{"line":317,"column":8},"end":{"line":317,"column":25}},"160":{"start":{"line":322,"column":24},"end":{"line":332,"column":3}},"161":{"start":{"line":334,"column":2},"end":{"line":1100,"column":4}},"162":{"start":{"line":340,"column":30},"end":{"line":340,"column":52}},"163":{"start":{"line":342,"column":62},"end":{"line":342,"column":84}},"164":{"start":{"line":364,"column":31},"end":{"line":364,"column":51}},"165":{"start":{"line":372,"column":31},"end":{"line":372,"column":51}},"166":{"start":{"line":405,"column":46},"end":{"line":405,"column":112}},"167":{"start":{"line":405,"column":83},"end":{"line":405,"column":111}},"168":{"start":{"line":406,"column":64},"end":{"line":406,"column":66}},"169":{"start":{"line":407,"column":26},"end":{"line":409,"column":29}},"170":{"start":{"line":408,"column":28},"end":{"line":408,"column":53}},"171":{"start":{"line":410,"column":26},"end":{"line":410,"column":50}},"172":{"start":{"line":415,"column":64},"end":{"line":415,"column":92}},"173":{"start":{"line":422,"column":39},"end":{"line":422,"column":67}},"174":{"start":{"line":423,"column":40},"end":{"line":429,"column":39}},"175":{"start":{"line":430,"column":22},"end":{"line":464,"column":24}},"176":{"start":{"line":434,"column":30},"end":{"line":437,"column":33}},"177":{"start":{"line":434,"column":62},"end":{"line":437,"column":31}},"178":{"start":{"line":448,"column":52},"end":{"line":448,"column":84}},"179":{"start":{"line":470,"column":39},"end":{"line":470,"column":106}},"180":{"start":{"line":470,"column":77},"end":{"line":470,"column":105}},"181":{"start":{"line":471,"column":24},"end":{"line":474,"column":25}},"182":{"start":{"line":472,"column":26},"end":{"line":472,"column":77}},"183":{"start":{"line":473,"column":26},"end":{"line":473,"column":33}},"184":{"start":{"line":475,"column":24},"end":{"line":485,"column":25}},"185":{"start":{"line":476,"column":26},"end":{"line":476,"column":52}},"186":{"start":{"line":477,"column":26},"end":{"line":477,"column":47}},"187":{"start":{"line":478,"column":26},"end":{"line":478,"column":58}},"188":{"start":{"line":479,"column":26},"end":{"line":479,"column":52}},"189":{"start":{"line":480,"column":26},"end":{"line":480,"column":48}},"190":{"start":{"line":482,"column":26},"end":{"line":482,"column":110}},"191":{"start":{"line":484,"column":26},"end":{"line":484,"column":53}},"192":{"start":{"line":508,"column":31},"end":{"line":508,"column":55}},"193":{"start":{"line":516,"column":31},"end":{"line":516,"column":58}},"194":{"start":{"line":524,"column":31},"end":{"line":524,"column":57}},"195":{"start":{"line":532,"column":31},"end":{"line":532,"column":61}},"196":{"start":{"line":598,"column":35},"end":{"line":598,"column":57}},"197":{"start":{"line":614,"column":35},"end":{"line":614,"column":59}},"198":{"start":{"line":630,"column":35},"end":{"line":630,"column":57}},"199":{"start":{"line":654,"column":35},"end":{"line":654,"column":59}},"200":{"start":{"line":655,"column":20},"end":{"line":669,"column":22}},"201":{"start":{"line":659,"column":26},"end":{"line":659,"column":91}},"202":{"start":{"line":659,"column":59},"end":{"line":659,"column":89}},"203":{"start":{"line":678,"column":35},"end":{"line":678,"column":61}},"204":{"start":{"line":680,"column":22},"end":{"line":682,"column":63}},"205":{"start":{"line":683,"column":20},"end":{"line":695,"column":22}},"206":{"start":{"line":687,"column":26},"end":{"line":687,"column":93}},"207":{"start":{"line":687,"column":61},"end":{"line":687,"column":91}},"208":{"start":{"line":731,"column":33},"end":{"line":731,"column":62}},"209":{"start":{"line":732,"column":18},"end":{"line":753,"column":20}},"210":{"start":{"line":735,"column":37},"end":{"line":735,"column":66}},"211":{"start":{"line":761,"column":18},"end":{"line":763,"column":19}},"212":{"start":{"line":762,"column":20},"end":{"line":762,"column":63}},"213":{"start":{"line":791,"column":39},"end":{"line":791,"column":57}},"214":{"start":{"line":797,"column":39},"end":{"line":797,"column":60}},"215":{"start":{"line":803,"column":39},"end":{"line":803,"column":59}},"216":{"start":{"line":809,"column":39},"end":{"line":809,"column":63}},"217":{"start":{"line":821,"column":39},"end":{"line":821,"column":57}},"218":{"start":{"line":822,"column":24},"end":{"line":832,"column":26}},"219":{"start":{"line":825,"column":43},"end":{"line":825,"column":102}},"220":{"start":{"line":825,"column":70},"end":{"line":825,"column":100}},"221":{"start":{"line":841,"column":35},"end":{"line":841,"column":55}},"222":{"start":{"line":842,"column":34},"end":{"line":842,"column":110}},"223":{"start":{"line":843,"column":20},"end":{"line":851,"column":22}},"224":{"start":{"line":846,"column":39},"end":{"line":846,"column":59}},"225":{"start":{"line":914,"column":48},"end":{"line":914,"column":70}},"226":{"start":{"line":917,"column":48},"end":{"line":917,"column":72}},"227":{"start":{"line":920,"column":48},"end":{"line":920,"column":70}},"228":{"start":{"line":936,"column":37},"end":{"line":936,"column":66}},"229":{"start":{"line":937,"column":22},"end":{"line":946,"column":24}},"230":{"start":{"line":940,"column":41},"end":{"line":940,"column":70}},"231":{"start":{"line":953,"column":35},"end":{"line":953,"column":114}},"232":{"start":{"line":953,"column":70},"end":{"line":953,"column":113}},"233":{"start":{"line":983,"column":31},"end":{"line":983,"column":55}},"234":{"start":{"line":991,"column":31},"end":{"line":991,"column":55}},"235":{"start":{"line":999,"column":31},"end":{"line":999,"column":58}},"236":{"start":{"line":1007,"column":31},"end":{"line":1007,"column":57}},"237":{"start":{"line":1015,"column":31},"end":{"line":1015,"column":61}},"238":{"start":{"line":1036,"column":16},"end":{"line":1036,"column":85}},"239":{"start":{"line":1039,"column":16},"end":{"line":1084,"column":23}},"240":{"start":{"line":1042,"column":22},"end":{"line":1044,"column":23}},"241":{"start":{"line":1043,"column":24},"end":{"line":1043,"column":66}},"242":{"start":{"line":1067,"column":38},"end":{"line":1067,"column":56}},"243":{"start":{"line":1068,"column":40},"end":{"line":1070,"column":23}},"244":{"start":{"line":1069,"column":33},"end":{"line":1069,"column":86}},"245":{"start":{"line":1071,"column":48},"end":{"line":1071,"column":50}},"246":{"start":{"line":1072,"column":22},"end":{"line":1072,"column":104}},"247":{"start":{"line":1072,"column":74},"end":{"line":1072,"column":104}},"248":{"start":{"line":1073,"column":22},"end":{"line":1073,"column":75}},"249":{"start":{"line":1073,"column":44},"end":{"line":1073,"column":75}},"250":{"start":{"line":1074,"column":22},"end":{"line":1074,"column":75}},"251":{"start":{"line":1074,"column":44},"end":{"line":1074,"column":75}},"252":{"start":{"line":1075,"column":22},"end":{"line":1075,"column":71}},"253":{"start":{"line":1075,"column":44},"end":{"line":1075,"column":71}},"254":{"start":{"line":1076,"column":22},"end":{"line":1076,"column":55}},"255":{"start":{"line":1076,"column":43},"end":{"line":1076,"column":55}},"256":{"start":{"line":1077,"column":22},"end":{"line":1081,"column":24}},"257":{"start":{"line":1103,"column":15},"end":{"line":1445,"column":2}}},"fnMap":{"0":{"name":"WardrobeScreen","decl":{"start":{"line":46,"column":16},"end":{"line":46,"column":30}},"loc":{"start":{"line":50,"column":3},"end":{"line":1101,"column":1}},"line":50},"1":{"name":"(anonymous_1)","decl":{"start":{"line":112,"column":12},"end":{"line":112,"column":13}},"loc":{"start":{"line":112,"column":18},"end":{"line":118,"column":3}},"line":112},"2":{"name":"(anonymous_2)","decl":{"start":{"line":120,"column":12},"end":{"line":120,"column":13}},"loc":{"start":{"line":120,"column":18},"end":{"line":129,"column":3}},"line":120},"3":{"name":"(anonymous_3)","decl":{"start":{"line":125,"column":27},"end":{"line":125,"column":28}},"loc":{"start":{"line":125,"column":33},"end":{"line":127,"column":5}},"line":125},"4":{"name":"(anonymous_4)","decl":{"start":{"line":126,"column":27},"end":{"line":126,"column":28}},"loc":{"start":{"line":126,"column":40},"end":{"line":126,"column":85}},"line":126},"5":{"name":"(anonymous_5)","decl":{"start":{"line":128,"column":11},"end":{"line":128,"column":12}},"loc":{"start":{"line":128,"column":17},"end":{"line":128,"column":34}},"line":128},"6":{"name":"(anonymous_6)","decl":{"start":{"line":131,"column":12},"end":{"line":131,"column":13}},"loc":{"start":{"line":131,"column":18},"end":{"line":140,"column":3}},"line":131},"7":{"name":"(anonymous_7)","decl":{"start":{"line":136,"column":27},"end":{"line":136,"column":28}},"loc":{"start":{"line":136,"column":33},"end":{"line":138,"column":5}},"line":136},"8":{"name":"(anonymous_8)","decl":{"start":{"line":137,"column":27},"end":{"line":137,"column":28}},"loc":{"start":{"line":137,"column":40},"end":{"line":137,"column":85}},"line":137},"9":{"name":"(anonymous_9)","decl":{"start":{"line":139,"column":11},"end":{"line":139,"column":12}},"loc":{"start":{"line":139,"column":17},"end":{"line":139,"column":34}},"line":139},"10":{"name":"(anonymous_10)","decl":{"start":{"line":142,"column":12},"end":{"line":142,"column":13}},"loc":{"start":{"line":142,"column":18},"end":{"line":144,"column":3}},"line":142},"11":{"name":"(anonymous_11)","decl":{"start":{"line":146,"column":21},"end":{"line":146,"column":22}},"loc":{"start":{"line":146,"column":33},"end":{"line":168,"column":3}},"line":146},"12":{"name":"(anonymous_12)","decl":{"start":{"line":170,"column":26},"end":{"line":170,"column":27}},"loc":{"start":{"line":170,"column":38},"end":{"line":202,"column":3}},"line":170},"13":{"name":"(anonymous_13)","decl":{"start":{"line":193,"column":20},"end":{"line":193,"column":21}},"loc":{"start":{"line":193,"column":33},"end":{"line":193,"column":53}},"line":193},"14":{"name":"(anonymous_14)","decl":{"start":{"line":204,"column":23},"end":{"line":204,"column":24}},"loc":{"start":{"line":204,"column":35},"end":{"line":232,"column":3}},"line":204},"15":{"name":"(anonymous_15)","decl":{"start":{"line":234,"column":26},"end":{"line":234,"column":27}},"loc":{"start":{"line":234,"column":38},"end":{"line":269,"column":3}},"line":234},"16":{"name":"(anonymous_16)","decl":{"start":{"line":243,"column":13},"end":{"line":243,"column":14}},"loc":{"start":{"line":243,"column":20},"end":{"line":243,"column":28}},"line":243},"17":{"name":"(anonymous_17)","decl":{"start":{"line":271,"column":27},"end":{"line":271,"column":28}},"loc":{"start":{"line":271,"column":39},"end":{"line":320,"column":3}},"line":271},"18":{"name":"(anonymous_18)","decl":{"start":{"line":340,"column":24},"end":{"line":340,"column":25}},"loc":{"start":{"line":340,"column":30},"end":{"line":340,"column":52}},"line":340},"19":{"name":"(anonymous_19)","decl":{"start":{"line":342,"column":56},"end":{"line":342,"column":57}},"loc":{"start":{"line":342,"column":62},"end":{"line":342,"column":84}},"line":342},"20":{"name":"(anonymous_20)","decl":{"start":{"line":364,"column":25},"end":{"line":364,"column":26}},"loc":{"start":{"line":364,"column":31},"end":{"line":364,"column":51}},"line":364},"21":{"name":"(anonymous_21)","decl":{"start":{"line":372,"column":25},"end":{"line":372,"column":26}},"loc":{"start":{"line":372,"column":31},"end":{"line":372,"column":51}},"line":372},"22":{"name":"(anonymous_22)","decl":{"start":{"line":404,"column":33},"end":{"line":404,"column":34}},"loc":{"start":{"line":404,"column":39},"end":{"line":411,"column":25}},"line":404},"23":{"name":"(anonymous_23)","decl":{"start":{"line":405,"column":71},"end":{"line":405,"column":72}},"loc":{"start":{"line":405,"column":83},"end":{"line":405,"column":111}},"line":405},"24":{"name":"(anonymous_24)","decl":{"start":{"line":407,"column":53},"end":{"line":407,"column":54}},"loc":{"start":{"line":407,"column":65},"end":{"line":409,"column":27}},"line":407},"25":{"name":"(anonymous_25)","decl":{"start":{"line":415,"column":52},"end":{"line":415,"column":53}},"loc":{"start":{"line":415,"column":64},"end":{"line":415,"column":92}},"line":415},"26":{"name":"(anonymous_26)","decl":{"start":{"line":421,"column":44},"end":{"line":421,"column":45}},"loc":{"start":{"line":421,"column":59},"end":{"line":465,"column":21}},"line":421},"27":{"name":"(anonymous_27)","decl":{"start":{"line":433,"column":37},"end":{"line":433,"column":38}},"loc":{"start":{"line":434,"column":30},"end":{"line":437,"column":33}},"line":434},"28":{"name":"(anonymous_28)","decl":{"start":{"line":434,"column":48},"end":{"line":434,"column":49}},"loc":{"start":{"line":434,"column":62},"end":{
[...]
}},"type":"binary-expr","locations":[{"start":{"line":284,"column":19},"end":{"line":284,"column":31}},{"start":{"line":284,"column":35},"end":{"line":284,"column":55}},{"start":{"line":284,"column":59},"end":{"line":284,"column":61}}],"line":284},"35":{"loc":{"start":{"line":285,"column":22},"end":{"line":285,"column":70}},"type":"binary-expr","locations":[{"start":{"line":285,"column":22},"end":{"line":285,"column":37}},{"start":{"line":285,"column":41},"end":{"line":285,"column":64}},{"start":{"line":285,"column":68},"end":{"line":285,"column":70}}],"line":285},"36":{"loc":{"start":{"line":291,"column":10},"end":{"line":291,"column":42}},"type":"binary-expr","locations":[{"start":{"line":291,"column":10},"end":{"line":291,"column":24}},{"start":{"line":291,"column":28},"end":{"line":291,"column":42}}],"line":291},"37":{"loc":{"start":{"line":299,"column":6},"end":{"line":300,"column":75}},"type":"binary-expr","locations":[{"start":{"line":299,"column":6},"end":{"line":299,"column":21}},{"start":{"line":300,"column":6},"end":{"line":300,"column":75}}],"line":299},"38":{"loc":{"start":{"line":346,"column":2},"end":{"line":348,"column":3}},"type":"if","locations":[{"start":{"line":346,"column":2},"end":{"line":348,"column":3}},{"start":{},"end":{}}],"line":346},"39":{"loc":{"start":{"line":353,"column":2},"end":{"line":364,"column":3}},"type":"switch","locations":[{"start":{"line":354,"column":4},"end":{"line":355,"column":62}},{"start":{"line":356,"column":4},"end":{"line":357,"column":62}},{"start":{"line":358,"column":4},"end":{"line":359,"column":62}},{"start":{"line":360,"column":4},"end":{"line":360,"column":16}},{"start":{"line":361,"column":4},"end":{"line":361,"column":18}},{"start":{"line":362,"column":4},"end":{"line":363,"column":62}}],"line":353},"40":{"loc":{"start":{"line":374,"column":2},"end":{"line":376,"column":3}},"type":"if","locations":[{"start":{"line":374,"column":2},"end":{"line":376,"column":3}},{"start":{},"end":{}}],"line":374},"41":{"loc":{"start":{"line":380,"column":4},"end":{"line":382,"column":5}},"type":"if","locations":[{"start":{"line":380,"column":4},"end":{"line":382,"column":5}},{"start":{},"end":{}}],"line":380},"42":{"loc":{"start":{"line":400,"column":2},"end":{"line":405,"column":3}},"type":"if","locations":[{"start":{"line":400,"column":2},"end":{"line":405,"column":3}},{"start":{},"end":{}}],"line":400},"43":{"loc":{"start":{"line":423,"column":11},"end":{"line":423,"column":30}},"type":"binary-expr","locations":[{"start":{"line":423,"column":11},"end":{"line":423,"column":24}},{"start":{"line":423,"column":28},"end":{"line":423,"column":30}}],"line":423},"44":{"loc":{"start":{"line":424,"column":15},"end":{"line":424,"column":44}},"type":"binary-expr","locations":[{"start":{"line":424,"column":15},"end":{"line":424,"column":32}},{"start":{"line":424,"column":36},"end":{"line":424,"column":44}}],"line":424},"45":{"loc":{"start":{"line":445,"column":2},"end":{"line":445,"column":20}},"type":"if","locations":[{"start":{"line":445,"column":2},"end":{"line":445,"column":20}},{"start":{},"end":{}}],"line":445},"46":{"loc":{"start":{"line":476,"column":22},"end":{"line":482,"column":9}},"type":"cond-expr","locations":[{"start":{"line":477,"column":6},"end":{"line":477,"column":12}},{"start":{"line":478,"column":6},"end":{"line":482,"column":9}}],"line":476},"47":{"loc":{"start":{"line":481,"column":19},"end":{"line":481,"column":73}},"type":"binary-expr","locations":[{"start":{"line":481,"column":19},"end":{"line":481,"column":63}},{"start":{"line":481,"column":67},"end":{"line":481,"column":73}}],"line":481},"48":{"loc":{"start":{"line":489,"column":20},"end":{"line":489,"column":57}},"type":"binary-expr","locations":[{"start":{"line":489,"column":20},"end":{"line":489,"column":29}},{"start":{"line":489,"column":33},"end":{"line":489,"column":57}}],"line":489},"49":{"loc":{"start":{"line":490,"column":23},"end":{"line":490,"column":66}},"type":"binary-expr","locations":[{"start":{"line":490,"column":23},"end":{"line":490,"column":35}},{"start":{"line":490,"column":39},"end":{"line":490,"column":66}}],"line":490},"50":{"loc":{"start":{"line":497,"column":15},"end":{"line":497,"column":30}},"type":"binary-expr","locations":[{"start":{"line":497,"column":15},"end":{"line":497,"column":22}},{"start":{"line":497,"column":26},"end":{"line":497,"column":30}}],"line":497},"51":{"loc":{"start":{"line":498,"column":18},"end":{"line":498,"column":36}},"type":"binary-expr","locations":[{"start":{"line":498,"column":18},"end":{"line":498,"column":28}},{"start":{"line":498,"column":32},"end":{"line":498,"column":36}}],"line":498},"52":{"loc":{"start":{"line":515,"column":10},"end":{"line":517,"column":12}},"type":"cond-expr","locations":[{"start":{"line":516,"column":10},"end":{"line":516,"column":48}},{"start":{"line":517,"column":10},"end":{"line":517,"column":12}}],"line":515},"53":{"loc":{"start":{"line":515,"column":10},"end":{"line":515,"column":56}},"type":"binary-expr","locations":[{"start":{"line":515,"column":10},"end":{"line":515,"column":20}},{"start":{"line":515,"column":24},"end":{"line":515,"column":56}}],"line":515},"54":{"loc":{"start":{"line":518,"column":10},"end":{"line":518,"column":29}},"type":"binary-expr","locations":[{"start":{"line":518,"column":10},"end":{"line":518,"column":23}},{"start":{"line":518,"column":27},"end":{"line":518,"column":29}}],"line":518},"55":{"loc":{"start":{"line":523,"column":2},"end":{"line":529,"column":3}},"type":"if","locations":[{"start":{"line":523,"column":2},"end":{"line":529,"column":3}},{"start":{},"end":{}}],"line":523},"56":{"loc":{"start":{"line":531,"column":2},"end":{"line":533,"column":3}},"type":"if","locations":[{"start":{"line":531,"column":2},"end":{"line":533,"column":3}},{"start":{},"end":{}}],"line":531},"57":{"loc":{"start":{"line":538,"column":2},"end":{"line":540,"column":3}},"type":"if","locations":[{"start":{"line":538,"column":2},"end":{"line":540,"column":3}},{"start":{},"end":{}}],"line":538},"58":{"loc":{"start":{"line":545,"column":2},"end":{"line":547,"column":3}},"type":"if","locations":[{"start":{"line":545,"column":2},"end":{"line":547,"column":3}},{"start":{},"end":{}}],"line":545},"59":{"loc":{"start":{"line":555,"column":2},"end":{"line":557,"column":3}},"type":"if","locations":[{"start":{"line":555,"column":2},"end":{"line":557,"column":3}},{"start":{},"end":{}}],"line":555},"60":{"loc":{"start":{"line":567,"column":19},"end":{"line":567,"column":48}},"type":"binary-expr","locations":[{"start":{"line":567,"column":19},"end":{"line":567,"column":36}},{"start":{"line":567,"column":40},"end":{"line":567,"column":48}}],"line":567},"61":{"loc":{"start":{"line":568,"column":21},"end":{"line":568,"column":56}},"type":"binary-expr","locations":[{"start":{"line":568,"column":21},"end":{"line":568,"column":40}},{"start":{"line":568,"column":44},"end":{"line":568,"column":56}}],"line":568},"62":{"loc":{"start":{"line":570,"column":10},"end":{"line":570,"column":82}},"type":"binary-expr","locations":[{"start":{"line":570,"column":10},"end":{"line":570,"column":33}},{"start":{"line":570,"column":37},"end":{"line":570,"column":82}}],"line":570},"63":{"loc":{"start":{"line":581,"column":2},"end":{"line":583,"column":3}},"type":"if","locations":[{"start":{"line":581,"column":2},"end":{"line":583,"column":3}},{"start":{},"end":{}}],"line":581},"64":{"loc":{"start":{"line":593,"column":4},"end":{"line":593,"column":59}},"type":"binary-expr","locations":[{"start":{"line":593,"column":4},"end":{"line":593,"column":20}},{"start":{"line":593,"column":24},"end":{"line":593,"column":59}}],"line":593},"65":{"loc":{"start":{"line":603,"column":2},"end":{"line":605,"column":3}},"type":"if","locations":[{"start":{"line":603,"column":2},"end":{"line":605,"column":3}},{"start":{},"end":{}}],"line":603},"66":{"loc":{"start":{"line":613,"column":2},"end":{"line":616,"column":3}},"type":"if","locations":[{"start":{"line":613,"column":2},"end":{"line":616,"column":3}},{"start":{},"end":{}}],"line":613},"67":{"loc":{"start":{"line":626,"column":4},"end":{"line":626,"column":59}},"type":"binary-expr","locations":[{"start":{"line":626,"column":4},"end":{"line":626,"column":20}},{"start":{"line":626,"column":24},"end":{"line":626,"column":59}}],"line":626},"68":{"loc":{"start":{"line":636,"column":9},"end":{"line":636,"column":48}},"type":"cond-expr","locations":[{"start":{"line":636,"column":35},"end":{"line":636,"column":43}},{"start":{"line":636,"column":46},"end":{"line":636,"column":48}}],"line":636},"69":{"loc":{"start":{"line":643,"column":2},"end":{"line":645,"column":3}},"type":"if","locations":[{"start":{"line":643,"column":2},"end":{"line":645,"column":3}},{"start":{},"end":{}}],"line":643},"70":{"loc":{"start":{"line":656,"column":9},"end":{"line":656,"column":64}},"type":"cond-expr","locations":[{"start":{"line":656,"column":35},"end":{"line":656,"column":59}},{"start":{"line":656,"column":62},"end":{"line":656,"column":64}}],"line":656},"71":{"loc":{"start":{"line":662,"column":2},"end":{"line":662,"column":12}},"type":"default-arg","locations":[{"start":{"line":662,"column":10},"end":{"line":662,"column":12}}],"line":662},"72":{"loc":{"start":{"line":665,"column":2},"end":{"line":667,"column":3}},"type":"if","locations":[{"start":{"line":665,"column":2},"end":{"line":667,"column":3}},{"start":{},"end":{}}],"line":665},"73":{"loc":{"start":{"line":684,"column":8},"end":{"line":684,"column":80}},"type":"cond-expr","locations":[{"start":{"line":684,"column":54},"end":{"line":684,"column":68}},{"start":{"line":684,"column":71},"end":{"line":684,"column":80}}],"line":684},"74":{"loc":{"start":{"line":684,"column":8},"end":{"line":684,"column":51}},"type":"binary-expr","locations":[{"start":{"line":684,"column":8},"end":{"line":684,"column":23}},{"start":{"line":684,"column":27},"end":{"line":684,"column":51}}],"line":684},"75":{"loc":{"start":{"line":688,"column":2},"end":{"line":690,"column":3}},"type":"if","locations":[{"start":{"line":688,"column":2},"end":{"line":690,"column":3}},{"start":{},"end":{}}],"line":688},"76":{"loc":{"start":{"line":694,"column":16},"end":{"line":694,"column":36}},"type":"binary-expr","locations":[{"start":{"line":694,"column":16},"end":{"line":694,"column":30}},{"start":{"line":694,"column":34},"end":{"line":694,"column":36}}],"line":694},"77":{"loc":{"start":{"line":719,"column":2},"end":{"line":721,"column":3}},"type":"if","locations":[{"start":{"line":719,"column":2},"end":{"line":721,"column":3}},{"start":{},"end":{}}],"line":719},"78":{"loc":{"start":{"line":735,"column":25},"end":{"line":735,"column":78}},"type":"cond-expr","locations":[{"start":{"line":735,"column":58},"end":{"line":735,"column":73}},{"start":{"line":735,"column":76},"end":{"line":735,"column":78}}],"line":735},"79":{"loc":{"start":{"line":738,"column":26},"end":{"line":738,"column":53}},"type":"binary-expr","locations":[{"start":{"line":738,"column":26},"end":{"line":738,"column":41}},{"start":{"line":738,"column":45},"end":{"line":738,"column":53}}],"line":738},"80":{"loc":{"start":{"line":744,"column":2},"end":{"line":746,"column":3}},"type":"if","locations":[{"start":{"line":744,"column":2},"end":{"line":746,"column":3}},{"start":{},"end":{}}],"line":744},"81":{"loc":{"start":{"line":753,"column":27},"end":{"line":753,"column":80}},"type":"cond-expr","locations":[{"start":{"line":753,"column":60},"end":{"line":753,"column":75}},{"start":{"line":753,"column":78},"end":{"line":753,"column":80}}],"line":753},"82":{"loc":{"start":{"line":756,"column":28},"end":{"line":756,"column":55}},"type":"binary-expr","locations":[{"start":{"line":756,"column":28},"end":{"line":756,"column":43}},{"start":{"line":756,"column":47},"end":{"line":756,"column":55}}],"line":756},"83":{"loc":{"start":{"line":760,"column":4},"end":{"line":762,"column":5}},"type":"if","locations":[{"start":{"line":760,"column":4},"end":{"line":762,"column":5}},{"start":{},"end":{}}],"line":760},"84":{"loc":{"start":{"line":760,"column":8},"end":{"line":760,"column":49}},"type":"binary-expr","locations":[{"start":{"line":760,"column":8},"end":{"line":760,"column":25}},{"start":{"line":760,"column":29},"end":{"line":760,"column":49}}],"line":760},"85":{"loc":{"start":{"line":771,"column":2},"end":{"line":773,"column":3}},"type":"if","locations":[{"start":{"line":771,"column":2},"end":{"line":773,"column":3}},{"start":{},"end":{}}],"line":771},"86":{"loc":{"start":{"line":788,"column":15},"end":{"line":790,"column":8}},"type":"cond-expr","locations":[{"start":{"line":789,"column":6},"end":{"line":789,"column":30}},{"start":{"line":790,"column":6},"end":{"line":790,"column":8}}],"line":788},"87":{"loc":{"start":{"line":807,"column":25},"end":{"line":807,"column":78}},"type":"cond-expr","locations":[{"start":{"line":807,"column":58},"end":{"line":807,"column":73}},{"start":{"line":807,"column":76},"end":{"line":807,"column":78}}],"line":807},"88":{"loc":{"start":{"line":810,"column":26},"end":{"line":810,"column":53}},"type":"binary-expr","locations":[{"start":{"line":810,"column":26},"end":{"line":810,"column":41}},{"start":{"line":810,"column":45},"end":{"line":810,"column":53}}],"line":810}},"s":{"0":5,"1":5,"2":5,"3":0,"4":0,"5":0,"6":5,"7":5,"8":5,"9":5,"10":6,"11":6,"12":6,"13":6,"14":9,"15":4,"16":1,"17":3,"18":3,"19":2,"20":1,"21":2,"22":0,"23":0,"24":0,"25":0,"26":0,"27":0,"28":0,"29":0,"30":0,"31":0,"32":0,"33":0,"34":0,"35":0,"36":0,"37":0,"38":0,"39":0,"40":0,"41":0,"42":0,"43":0,"44":0,"45":0,"46":0,"47":0,"48":0,"49":0,"50":0,"51":0,"52":0,"53":0,"54":0,"55":0,"56":0,"57":5,"58":5,"59":5,"60":7,"61":18,"62":7,"63":18,"64":2,"65":1,"66":0,"67":0,"68":1,"69":4,"70":20,"71":4,"72":0,"73":4,"74":6,"75":15,"76":6,"77":4,"78":0,"79":2,"80":2,"81":2,"82":15,"83":6,"84":42,"85":15,"86":16,"87":1,"88":1,"89":1,"90":1,"91":0,"92":2,"93":2,"94":1,"95":1,"96":1,"97":1,"98":1,"99":1,"100":15,"101":1,"102":1,"103":0,"104":1,"105":2,"106":2,"107":2,"108":2,"109":2,"110":2,"111":1,"112":0,"113":0,"114":0,"115":0,"116":0,"117":0,"118":0,"119":16,"120":16,"121":0,"122":0,"123":0,"124":0,"125":1,"126":1,"127":0,"128":0,"129":0,"130":0,"131":0,"132":0,"133":0,"134":0,"135":0,"136":0,"137":0,"138":0,"139":0,"140":0,"141":0,"142":0,"143":0,"144":0,"145":0,"146":0,"147":0,"148":0,"149":0,"150":0,"151":0,"152":0,"153":2,"154":2,"155":0,"156":0,"157":0,"158":0,"159":0,"160":0,"161":0,"162":1,"163":1,"164":0,"165":0,"166":0,"167":0,"168":0,"169":15,"170":15,"171":0,"172":0,"173":0,"174":0,"175":0,"176":0,"177":0,"178":0,"179":1,"180":1,"181":0,"182":0,"183":0,"184":0,"185":0,"186":0,"187":0,"188":0},"f":{"0":0,"1":0,"2":6,"3":9,"4":4,"5":0,"6":0,"7":0,"8":0,"9":0,"10":0,"11":0,"12":0,"13":0,"14":0,"15":0,"16":0,"17":7,"18":18,"19":2,"20":4,"21":20,"22":15,"23":2,"24":15,"25":42,"26":16,"27":1,"28":0,"29":2,"30":1,"31":1,"32":15,"33":1,"34":0,"35":2,"36":0,"37":16,"38":1,"39":0,"40":0,"41":0,"42":2,"43":0,"44":0,"45":0,"46":1,"47":0,"48":0,"49":15,"50":0,"51":1,"52":0,"53":0,"54":0},"b":{"0":[0,5],"1":[5,5],"2":[0,5],"3":[0,5],"4":[0,0],"5":[0,0],"6":[1,3],"7":[1,1],"8":[2,2],"9":[0,0],"10":[0,0],"11":[0,0],"12":[0,0],"13":[0,0],"14":[0,0],"15":[0,0],"16":[0,0],"17":[0,0],"18":[0,0],"19":[0,0],"20":[0,0,0],"21":[0,0,0],"22":[0,0],"23":[0,0],"24":[0,0,0,0],"25":[0,0],"26":[0,0],"27":[0,0],"28":[0,0],"29":[0,0],"30":[0,0],"31":[0,0],"32":[0,0,0,0],"33":[0,0,0,0],"34":[0,0,0],"35":[0,0,0],"36":[0,0],"37":[0,0],"38":[7,11],"39":[1,0,0,0,1,1],"40":[0,4],"41":[4,2],"42":[6,9],"43":[1,0],"44":[1,1],"45":[1,1],"46":[1,0],"47":[0,0],"48":[2,0],"49":[2,0],"50":[2,0],"51":[2,0],"52":[0,0],"53":[0,0],"54":[0,0],"55":[0,0],"56":[0,0],"57":[16,0],"58":[0,0],"59":[1,0],"60":[0,0],"61":[0,0],"62":[0,0],"63":[0,0],"64":[0,0],"65":[0,0],"66":[0,0],"67":[0,0],"68":[0,0],"69":[0,0],"70":[0,0],"71":[2],"72":[2,0],"73":[0,0],"74":[0,0],"75":[0,0],"76":[0,0],"77":[1,0],"78":[0,0],"79":[0,0],"80":[15,0],"81":[0,0],"82":[0,0],"83":[0,0],"84":[0,0],"85":[1,0],"86":[0,0],"87":[0,0],"88":[0,0]},"_coverageSchema":"1a1c01bbd47fc00a2c39e90264f33305004495a9","hash":"3e6c2ace20e30e3e6da03e92d323681304ba7699"}
,"/Users/rushin/Columbia/spring 26'/startup studio/mvp/AI_Wardrobe_Planner/misfitai-mobile/src/constants.ts": {"path":"/Users/rushin/Columbia/spring 26'/startup studio/mvp/AI_Wardrobe_Planner/misfitai-mobile/src/constants.ts","statementMap":{"0":{"start":{"line":3,"column":37},"end":{"line":11,"column":1}},"1":{"start":{"line":13,"column":52},"end":{"line":21,"column":1}},"2":{"start":{"line":23,"column":58},"end":{"line":29,"column":1}},"3":{"start":{"line":31,"column":45},"end":{"line":37,"column":1}}},"fnMap":{},"branchMap":{},"s":{"0":5,"1":5,"2":5,"3":5},"f":{},"b":{},"_coverageSchema":"1a1c01bbd47fc00a2c39e90264f33305004495a9","hash":"047759456e73cb9063ed951b2c7ec313f1b6ab93"}
,"/Users/rushin/Columbia/spring 26'/startup studio/mvp/AI_Wardrobe_Planner/misfitai-mobile/src/lookUtils.ts": {"path":"/Users/rushin/Columbia/spring 26'/startup studio/mvp/AI_Wardrobe_Planner/misfitai-mobile/src/lookUtils.ts","statementMap":{"0":{"start":{"line":4,"column":2},"end":{"line":16,"column":3}},"1":{"start":{"line":6,"column":6},"end":{"line":6,"column":73}},"2":{"start":{"line":8,"column":6},"end":{"line":8,"column":61}},"3":{"start":{"line":10,"column":6},"end":{"line":10,"column":60}},"4":{"start":{"line":12,"column":6},"end":{"line":12,"column":57}},"5":{"start":{"line":15,"column":6},"end":{"line":15,"column":67}},"6":{"start":{"line":20,"column":2},"end":{"line":47,"column":3}},"7":{"start":{"line":22,"column":6},"end":{"line":26,"column":8}},"8":{"start":{"line":28,"column":6},"end":{"line":32,"column":8}},"9":{"start":{"line":34,"column":6},"end":{"line":38,"column":8}},"10":{"start":{"line":42,"column":6},"end":{"line":46,"column":8}}},"fnMap":{"0":{"name":"getScheduleChips","decl":{"start":{"line":3,"column":16},"end":{"line":3,"column":32}},"loc":{"start":{"line":3,"column":65},"end":{"line":17,"column":1}},"line":3},"1":{"name":"getFitSignals","decl":{"start":{"line":19,"column":16},"end":{"line":19,"column":29}},"loc":{"start":{"line":19,"column":93},"end":{"line":48,"column":1}},"line":19}},"branchMap":{"0":{"loc":{"start":{"line":4,"column":2},"end":{"line":16,"column":3}},"type":"switch","locations":[{"start":{"line":5,"column":4},"end":{"line":6,"column":73}},{"start":{"line":7,"column":4},"end":{"line":8,"column":61}},{"start":{"line":9,"column":4},"end":{"line":10,"column":60}},{"start":{"line":11,"column":4},"end":{"line":12,"column":57}},{"start":{"line":13,"column":4},"end":{"line":13,"column":16}},{"start":{"line":14,"column":4},"end":{"line":15,"column":67}}],"line":4},"1":{"loc":{"start":{"line":20,"column":2},"end":{"line":47,"column":3}},"type":"switch","locations":[{"start":{"line":21,"column":4},"end":{"line":26,"column":8}},{"start":{"line":27,"column":4},"end":{"line":32,"column":8}},{"start":{"line":33,"column":4},"end":{"line":38,"column":8}},{"start":{"line":39,"column":4},"end":{"line":39,"column":16}},{"start":{"line":40,"column":4},"end":{"line":40,"column":18}},{"start":{"line":41,"column":4},"end":{"line":46,"column":8}}],"line":20}},"s":{"0":8,"1":2,"2":1,"3":2,"4":1,"5":2,"6":7,"7":2,"8":1,"9":1,"10":3},"f":{"0":8,"1":7},"b":{"0":[2,1,2,1,2,2],"1":[2,1,1,1,3,3]},"_coverageSchema":"1a1c01bbd47fc00a2c39e90264f33305004495a9","hash":"807f5e04509c2ae96e979b78af6e767099c04b66"}
,"/Users/rushin/Columbia/spring 26'/startup studio/mvp/AI_Wardrobe_Planner/misfitai-mobile/src/theme.ts": {"path":"/Users/rushin/Columbia/spring 26'/startup studio/mvp/AI_Wardrobe_Planner/misfitai-mobile/src/theme.ts","statementMap":{"0":{"start":{"line":1,"column":23},"end":{"line":14,"column":1}},"1":{"start":{"line":16,"column":20},"end":{"line":22,"column":1}},"2":{"start":{"line":24,"column":22},"end":{"line":29,"column":1}}},"fnMap":{},"branchMap":{},"s":{"0":5,"1":5,"2":5},"f":{},"b":{},"_coverageSchema":"1a1c01bbd47fc00a2c39e90264f33305004495a9","hash":"bd50605aa32b5d876c0fff95b70ec169698ecfbc"}
}
