TN:
SF:src/AppStateContext.tsx
FN:82,createInitialEvents
FN:94,AppStateProvider
FN:115,(anonymous_2)
FN:118,(anonymous_3)
FN:124,(anonymous_4)
FN:127,(anonymous_5)
FN:146,(anonymous_6)
FN:167,(anonymous_7)
FN:172,(anonymous_8)
FN:176,(anonymous_9)
FN:177,(anonymous_10)
FN:183,(anonymous_11)
FN:195,(anonymous_12)
FN:207,(anonymous_13)
FN:219,(anonymous_14)
FN:220,(anonymous_15)
FN:229,(anonymous_16)
FN:234,(anonymous_17)
FN:242,(anonymous_18)
FN:243,(anonymous_19)
FN:247,(anonymous_20)
FN:251,(anonymous_21)
FN:253,(anonymous_22)
FN:254,(anonymous_23)
FN:255,(anonymous_24)
FN:262,(anonymous_25)
FN:266,(anonymous_26)
FN:268,(anonymous_27)
FN:269,(anonymous_28)
FN:270,(anonymous_29)
FN:278,(anonymous_30)
FN:289,(anonymous_31)
FN:291,(anonymous_32)
FN:292,(anonymous_33)
FN:296,(anonymous_34)
FN:303,(anonymous_35)
FN:352,useAppState
FNF:37
FNH:10
FNDA:30,createInitialEvents
FNDA:45,AppStateProvider
FNDA:15,(anonymous_2)
FNDA:15,(anonymous_3)
FNDA:15,(anonymous_4)
FNDA:15,(anonymous_5)
FNDA:105,(anonymous_6)
FNDA:15,(anonymous_7)
FNDA:0,(anonymous_8)
FNDA:0,(anonymous_9)
FNDA:0,(anonymous_10)
FNDA:0,(anonymous_11)
FNDA:0,(anonymous_12)
FNDA:0,(anonymous_13)
FNDA:0,(anonymous_14)
FNDA:0,(anonymous_15)
FNDA:0,(anonymous_16)
FNDA:0,(anonymous_17)
FNDA:0,(anonymous_18)
FNDA:0,(anonymous_19)
FNDA:0,(anonymous_20)
FNDA:0,(anonymous_21)
FNDA:0,(anonymous_22)
FNDA:0,(anonymous_23)
FNDA:0,(anonymous_24)
FNDA:0,(anonymous_25)
FNDA:0,(anonymous_26)
FNDA:0,(anonymous_27)
FNDA:0,(anonymous_28)
FNDA:0,(anonymous_29)
FNDA:0,(anonymous_30)
FNDA:0,(anonymous_31)
FNDA:0,(anonymous_32)
FNDA:0,(anonymous_33)
FNDA:0,(anonymous_34)
FNDA:45,(anonymous_35)
FNDA:45,useAppState
DA:72,4
DA:74,4
DA:83,30
DA:105,45
DA:106,45
DA:108,45
DA:109,45
DA:112,45
DA:113,45
DA:114,45
DA:115,15
DA:118,45
DA:119,15
DA:120,0
DA:124,45
DA:125,15
DA:127,15
DA:128,15
DA:129,15
DA:131,15
DA:132,15
DA:133,15
DA:134,15
DA:137,0
DA:138,0
DA:142,15
DA:143,15
DA:144,15
DA:145,15
DA:146,15
DA:147,105
DA:151,105
DA:154,15
DA:159,15
DA:160,15
DA:165,15
DA:167,15
DA:168,15
DA:172,45
DA:173,0
DA:176,45
DA:177,0
DA:183,45
DA:184,0
DA:195,45
DA:196,0
DA:197,0
DA:200,0
DA:201,0
DA:203,0
DA:205,0
DA:206,0
DA:207,0
DA:208,0
DA:212,0
DA:215,0
DA:219,45
DA:220,0
DA:225,0
DA:226,0
DA:227,0
DA:229,0
DA:234,45
DA:241,0
DA:242,0
DA:243,0
DA:244,0
DA:245,0
DA:247,0
DA:251,45
DA:252,0
DA:253,0
DA:254,0
DA:255,0
DA:256,0
DA:258,0
DA:262,45
DA:263,0
DA:266,45
DA:267,0
DA:268,0
DA:269,0
DA:270,0
DA:271,0
DA:273,0
DA:277,45
DA:283,0
DA:288,45
DA:290,0
DA:291,0
DA:292,0
DA:293,0
DA:294,0
DA:296,0
DA:302,45
DA:303,45
DA:345,45
DA:353,45
DA:354,44
DA:355,2
DA:357,42
LF:101
LH:53
BRDA:115,0,0,15
BRDA:115,0,1,1
BRDA:119,1,0,0
BRDA:119,1,1,15
BRDA:119,2,0,15
BRDA:119,2,1,14
BRDA:133,3,0,15
BRDA:133,3,1,0
BRDA:137,4,0,0
BRDA:137,4,1,0
BRDA:144,5,0,15
BRDA:144,5,1,0
BRDA:144,6,0,15
BRDA:144,6,1,15
BRDA:147,7,0,105
BRDA:147,7,1,0
BRDA:148,8,0,105
BRDA:148,8,1,105
BRDA:159,9,0,15
BRDA:159,9,1,0
BRDA:196,10,0,0
BRDA:196,10,1,0
BRDA:205,11,0,0
BRDA:205,11,1,0
BRDA:208,12,0,0
BRDA:208,12,1,0
BRDA:209,13,0,0
BRDA:209,13,1,0
BRDA:244,14,0,0
BRDA:244,14,1,0
BRDA:247,15,0,0
BRDA:247,15,1,0
BRDA:280,16,0,0
BRDA:293,17,0,0
BRDA:293,17,1,0
BRDA:296,18,0,0
BRDA:296,18,1,0
BRDA:354,19,0,2
BRDA:354,19,1,42
BRF:39
BRH:15
end_of_record
TN:
SF:src/AtmosphereBackground.tsx
FN:5,AtmosphereBackground
FNF:1
FNH:1
FNDA:5,AtmosphereBackground
DA:6,5
DA:15,1
LF:2
LH:2
BRF:0
BRH:0
end_of_record
TN:
SF:src/AuthScreen.tsx
FN:59,AuthScreen
FN:84,(anonymous_1)
FN:92,(anonymous_2)
FN:115,(anonymous_3)
FN:131,(anonymous_4)
FN:137,(anonymous_5)
FN:144,(anonymous_6)
FN:149,(anonymous_7)
FN:184,(anonymous_8)
FN:224,(anonymous_9)
FN:232,(anonymous_10)
FNF:11
FNH:3
FNDA:5,AuthScreen
FNDA:5,(anonymous_1)
FNDA:0,(anonymous_2)
FNDA:5,(anonymous_3)
FNDA:0,(anonymous_4)
FNDA:0,(anonymous_5)
FNDA:0,(anonymous_6)
FNDA:0,(anonymous_7)
FNDA:0,(anonymous_8)
FNDA:0,(anonymous_9)
FNDA:0,(anonymous_10)
DA:18,1
DA:20,1
DA:39,1
DA:46,1
DA:47,1
DA:48,1
DA:57,1
DA:64,5
DA:65,5
DA:67,5
DA:82,5
DA:84,5
DA:85,5
DA:92,5
DA:95,0
DA:98,0
DA:99,0
DA:105,0
DA:115,5
DA:116,5
DA:117,5
DA:118,0
DA:120,5
DA:123,0
DA:124,0
DA:125,0
DA:126,0
DA:127,0
DA:129,0
DA:130,0
DA:132,0
DA:133,0
DA:134,0
DA:138,0
DA:139,0
DA:140,0
DA:144,0
DA:145,0
DA:149,5
DA:150,0
DA:151,0
DA:152,0
DA:153,0
DA:160,0
DA:161,0
DA:172,0
DA:175,0
DA:176,0
DA:177,0
DA:180,0
DA:184,5
DA:185,0
DA:186,0
DA:187,0
DA:189,0
DA:190,0
DA:194,5
DA:206,5
DA:224,0
DA:232,0
DA:271,1
LF:61
LH:23
BRDA:18,0,0,1
BRDA:18,0,1,0
BRDA:57,1,0,0
BRDA:57,1,1,1
BRDA:57,2,0,0
BRDA:57,2,1,0
BRDA:68,3,0,5
BRDA:68,3,1,0
BRDA:69,4,0,5
BRDA:69,4,1,0
BRDA:70,5,0,5
BRDA:70,5,1,0
BRDA:79,6,0,5
BRDA:79,6,1,0
BRDA:98,7,0,0
BRDA:98,7,1,0
BRDA:106,8,0,0
BRDA:106,8,1,0
BRDA:107,9,0,0
BRDA:107,9,1,0
BRDA:108,10,0,0
BRDA:108,10,1,0
BRDA:109,11,0,0
BRDA:109,11,1,0
BRDA:116,12,0,5
BRDA:116,12,1,0
BRDA:117,13,0,0
BRDA:117,13,1,5
BRDA:117,14,0,5
BRDA:117,14,1,5
BRDA:123,15,0,0
BRDA:123,15,1,0
BRDA:124,16,0,0
BRDA:124,16,1,0
BRDA:132,17,0,0
BRDA:132,17,1,0
BRDA:138,18,0,0
BRDA:138,18,1,0
BRDA:150,19,0,0
BRDA:150,19,1,0
BRDA:160,20,0,0
BRDA:160,20,1,0
BRDA:162,21,0,0
BRDA:162,21,1,0
BRDA:163,22,0,0
BRDA:163,22,1,0
BRDA:165,23,0,0
BRDA:165,23,1,0
BRDA:165,24,0,0
BRDA:165,24,1,0
BRDA:176,25,0,0
BRDA:176,25,1,0
BRDA:213,26,0,5
BRDA:213,26,1,0
BRDA:216,27,0,5
BRDA:216,27,1,0
BRDA:225,28,0,5
BRDA:225,28,1,5
BRDA:227,29,0,5
BRDA:227,29,1,5
BRDA:233,30,0,5
BRDA:233,30,1,0
BRDA:235,31,0,5
BRDA:235,31,1,0
BRDA:242,32,0,5
BRDA:242,32,1,5
BRDA:249,33,0,0
BRDA:249,33,1,5
BRDA:256,34,0,5
BRDA:256,34,1,5
BRDA:260,35,0,0
BRDA:260,35,1,5
BRF:72
BRH:24
end_of_record
TN:
SF:src/EventsScreen.tsx
FN:16,EventsScreen
FN:35,(anonymous_1)
FN:37,(anonymous_2)
FN:40,(anonymous_3)
FN:50,(anonymous_4)
FN:68,(anonymous_5)
FN:72,(anonymous_6)
FN:111,(anonymous_7)
FN:133,(anonymous_8)
FN:138,(anonymous_9)
FNF:10
FNH:6
FNDA:12,EventsScreen
FNDA:84,(anonymous_1)
FNDA:4,(anonymous_2)
FNDA:28,(anonymous_3)
FNDA:0,(anonymous_4)
FNDA:0,(anonymous_5)
FNDA:0,(anonymous_6)
FNDA:84,(anonymous_7)
FNDA:420,(anonymous_8)
FNDA:0,(anonymous_9)
DA:29,12
DA:31,12
DA:32,12
DA:33,12
DA:35,84
DA:37,12
DA:38,4
DA:41,28
DA:50,12
DA:51,0
DA:52,0
DA:55,0
DA:56,0
DA:57,0
DA:58,0
DA:59,0
DA:61,0
DA:62,0
DA:64,0
DA:68,12
DA:69,0
DA:72,12
DA:73,0
DA:74,0
DA:75,0
DA:76,0
DA:78,0
DA:80,0
DA:84,12
DA:112,84
DA:113,84
DA:134,420
DA:135,420
DA:138,0
DA:172,1
LF:35
LH:17
BRDA:51,0,0,0
BRDA:51,0,1,0
BRDA:61,1,0,0
BRDA:61,1,1,0
BRDA:96,2,0,12
BRDA:96,2,1,0
BRDA:98,3,0,12
BRDA:98,3,1,0
BRDA:99,4,0,0
BRDA:99,4,1,12
BRDA:101,5,0,0
BRDA:101,5,1,12
BRDA:139,6,0,420
BRDA:139,6,1,84
BRDA:141,7,0,420
BRDA:141,7,1,84
BRDA:152,8,0,8
BRDA:152,8,1,4
BRDA:156,9,0,0
BRDA:156,9,1,12
BRDA:160,10,0,12
BRDA:160,10,1,12
BRDA:164,11,0,0
BRDA:164,11,1,12
BRF:24
BRH:14
end_of_record
TN:
SF:src/SearchableSelect.tsx
FN:25,normalize
FN:29,SearchableSelect
FN:43,(anonymous_2)
FN:46,(anonymous_3)
FN:49,(anonymous_4)
FN:59,(anonymous_5)
FN:68,(anonymous_6)
FN:75,(anonymous_7)
FN:84,(anonymous_8)
FN:95,(anonymous_9)
FN:96,(anonymous_10)
FN:97,(anonymous_11)
FN:117,(anonymous_12)
FN:132,(anonymous_13)
FN:133,(anonymous_14)
FN:145,(anonymous_15)
FN:164,(anonymous_16)
FN:174,(anonymous_17)
FNF:18
FNH:10
FNDA:12,normalize
FNDA:13,SearchableSelect
FNDA:8,(anonymous_2)
FNDA:4,(anonymous_3)
FNDA:11,(anonymous_4)
FNDA:0,(anonymous_5)
FNDA:1,(anonymous_6)
FNDA:0,(anonymous_7)
FNDA:3,(anonymous_8)
FNDA:0,(anonymous_9)
FNDA:0,(anonymous_10)
FNDA:0,(anonymous_11)
FNDA:18,(anonymous_12)
FNDA:14,(anonymous_13)
FNDA:1,(anonymous_14)
FNDA:0,(anonymous_15)
FNDA:0,(anonymous_16)
FNDA:0,(anonymous_17)
DA:26,12
DA:38,13
DA:39,13
DA:40,13
DA:41,13
DA:43,13
DA:44,8
DA:45,8
DA:46,4
DA:49,13
DA:50,11
DA:51,8
DA:52,8
DA:53,8
DA:57,13
DA:59,13
DA:60,0
DA:61,0
DA:62,0
DA:63,0
DA:67,13
DA:69,1
DA:70,1
DA:75,13
DA:76,0
DA:77,0
DA:80,13
DA:84,3
DA:95,0
DA:96,0
DA:97,0
DA:117,18
DA:133,14
DA:146,0
DA:147,0
DA:164,0
DA:174,0
DA:184,2
LF:38
LH:25
BRDA:35,0,0,12
BRDA:36,1,0,12
BRDA:45,2,0,7
BRDA:45,2,1,1
BRDA:50,3,0,8
BRDA:50,3,1,3
BRDA:57,4,0,1
BRDA:57,4,1,12
BRDA:57,5,0,12
BRDA:57,5,1,0
BRDA:57,6,0,0
BRDA:57,6,1,0
BRDA:61,7,0,0
BRDA:61,7,1,0
BRDA:89,8,0,13
BRDA:89,8,1,12
BRDA:102,9,0,13
BRDA:102,9,1,13
BRDA:109,10,0,13
BRDA:109,10,1,0
BRDA:124,11,0,1
BRDA:124,11,1,12
BRDA:126,12,0,0
BRDA:126,12,1,1
BRDA:142,13,0,13
BRDA:142,13,1,0
BRF:26
BRH:18
end_of_record
TN:
SF:src/WardrobeScreen.tsx
FN:46,WardrobeScreen
FN:112,(anonymous_1)
FN:120,(anonymous_2)
FN:125,(anonymous_3)
FN:126,(anonymous_4)
FN:128,(anonymous_5)
FN:131,(anonymous_6)
FN:136,(anonymous_7)
FN:137,(anonymous_8)
FN:139,(anonymous_9)
FN:142,(anonymous_10)
FN:146,(anonymous_11)
FN:170,(anonymous_12)
FN:193,(anonymous_13)
FN:204,(anonymous_14)
FN:234,(anonymous_15)
FN:243,(anonymous_16)
FN:271,(anonymous_17)
FN:340,(anonymous_18)
FN:342,(anonymous_19)
FN:364,(anonymous_20)
FN:372,(anonymous_21)
FN:404,(anonymous_22)
FN:405,(anonymous_23)
FN:407,(anonymous_24)
FN:415,(anonymous_25)
FN:421,(anonymous_26)
FN:433,(anonymous_27)
FN:434,(anonymous_28)
FN:448,(anonymous_29)
FN:469,(anonymous_30)
FN:470,(anonymous_31)
FN:508,(anonymous_32)
FN:516,(anonymous_33)
FN:524,(anonymous_34)
FN:532,(anonymous_35)
FN:598,(anonymous_36)
FN:614,(anonymous_37)
FN:630,(anonymous_38)
FN:653,(anonymous_39)
FN:658,(anonymous_40)
FN:659,(anonymous_41)
FN:677,(anonymous_42)
FN:686,(anonymous_43)
FN:687,(anonymous_44)
FN:730,(anonymous_45)
FN:735,(anonymous_46)
FN:760,(anonymous_47)
FN:761,(anonymous_48)
FN:791,(anonymous_49)
FN:797,(anonymous_50)
FN:803,(anonymous_51)
FN:809,(anonymous_52)
FN:820,(anonymous_53)
FN:825,(anonymous_54)
FN:825,(anonymous_55)
FN:840,(anonymous_56)
FN:846,(anonymous_57)
FN:914,(anonymous_58)
FN:917,(anonymous_59)
FN:920,(anonymous_60)
FN:935,(anonymous_61)
FN:940,(anonymous_62)
FN:953,(anonymous_63)
FN:953,(anonymous_64)
FN:983,(anonymous_65)
FN:991,(anonymous_66)
FN:999,(anonymous_67)
FN:1007,(anonymous_68)
FN:1015,(anonymous_69)
FN:1035,(anonymous_70)
FN:1038,(anonymous_71)
FN:1041,(anonymous_72)
FN:1066,(anonymous_73)
FN:1069,(anonymous_74)
FNF:75
FNH:8
FNDA:9,WardrobeScreen
FNDA:3,(anonymous_1)
FNDA:3,(anonymous_2)
FNDA:0,(anonymous_3)
FNDA:0,(anonymous_4)
FNDA:0,(anonymous_5)
FNDA:3,(anonymous_6)
FNDA:0,(anonymous_7)
FNDA:0,(anonymous_8)
FNDA:0,(anonymous_9)
FNDA:3,(anonymous_10)
FNDA:0,(anonymous_11)
FNDA:0,(anonymous_12)
FNDA:0,(anonymous_13)
FNDA:0,(anonymous_14)
FNDA:0,(anonymous_15)
FNDA:0,(anonymous_16)
FNDA:0,(anonymous_17)
FNDA:0,(anonymous_18)
FNDA:0,(anonymous_19)
FNDA:0,(anonymous_20)
FNDA:0,(anonymous_21)
FNDA:0,(anonymous_22)
FNDA:0,(anonymous_23)
FNDA:0,(anonymous_24)
FNDA:0,(anonymous_25)
FNDA:0,(anonymous_26)
FNDA:0,(anonymous_27)
FNDA:0,(anonymous_28)
FNDA:0,(anonymous_29)
FNDA:0,(anonymous_30)
FNDA:0,(anonymous_31)
FNDA:0,(anonymous_32)
FNDA:0,(anonymous_33)
FNDA:0,(anonymous_34)
FNDA:0,(anonymous_35)
FNDA:0,(anonymous_36)
FNDA:0,(anonymous_37)
FNDA:0,(anonymous_38)
FNDA:0,(anonymous_39)
FNDA:0,(anonymous_40)
FNDA:0,(anonymous_41)
FNDA:0,(anonymous_42)
FNDA:0,(anonymous_43)
FNDA:0,(anonymous_44)
FNDA:0,(anonymous_45)
FNDA:0,(anonymous_46)
FNDA:0,(anonymous_47)
FNDA:0,(anonymous_48)
FNDA:0,(anonymous_49)
FNDA:0,(anonymous_50)
FNDA:0,(anonymous_51)
FNDA:0,(anonymous_52)
FNDA:0,(anonymous_53)
FNDA:0,(anonymous_54)
FNDA:0,(anonymous_55)
FNDA:0,(anonymous_56)
FNDA:0,(anonymous_57)
FNDA:0,(anonymous_58)
FNDA:0,(anonymous_59)
FNDA:0,(anonymous_60)
FNDA:0,(anonymous_61)
FNDA:0,(anonymous_62)
FNDA:0,(anonymous_63)
FNDA:0,(anonymous_64)
FNDA:0,(anonymous_65)
FNDA:0,(anonymous_66)
FNDA:0,(anonymous_67)
FNDA:0,(anonymous_68)
FNDA:0,(anonymous_69)
FNDA:12,(anonymous_70)
FNDA:12,(anonymous_71)
FNDA:0,(anonymous_72)
FNDA:12,(anonymous_73)
FNDA:0,(anonymous_74)
DA:28,1
DA:36,1
DA:60,9
DA:62,9
DA:63,9
DA:64,9
DA:67,9
DA:70,9
DA:71,9
DA:72,9
DA:73,9
DA:74,9
DA:75,9
DA:76,9
DA:77,9
DA:78,9
DA:80,9
DA:81,9
DA:82,9
DA:83,9
DA:84,9
DA:85,9
DA:86,9
DA:87,9
DA:90,9
DA:93,9
DA:94,9
DA:95,9
DA:96,9
DA:97,9
DA:100,9
DA:103,9
DA:104,9
DA:105,9
DA:106,9
DA:110,9
DA:112,9
DA:113,3
DA:120,9
DA:121,3
DA:122,3
DA:123,3
DA:125,0
DA:126,0
DA:128,0
DA:131,9
DA:132,3
DA:133,3
DA:134,3
DA:136,0
DA:137,0
DA:139,0
DA:142,9
DA:143,3
DA:146,9
DA:147,0
DA:148,0
DA:151,0
DA:152,0
DA:153,0
DA:154,0
DA:160,0
DA:161,0
DA:162,0
DA:164,0
DA:166,0
DA:170,9
DA:171,0
DA:172,0
DA:173,0
DA:174,0
DA:175,0
DA:180,0
DA:181,0
DA:183,0
DA:184,0
DA:185,0
DA:190,0
DA:191,0
DA:193,0
DA:194,0
DA:196,0
DA:200,0
DA:204,9
DA:205,0
DA:206,0
DA:207,0
DA:208,0
DA:209,0
DA:210,0
DA:212,0
DA:213,0
DA:214,0
DA:215,0
DA:216,0
DA:217,0
DA:223,0
DA:224,0
DA:225,0
DA:228,0
DA:230,0
DA:234,9
DA:235,0
DA:236,0
DA:237,0
DA:239,0
DA:240,0
DA:241,0
DA:242,0
DA:243,0
DA:247,0
DA:255,0
DA:256,0
DA:257,0
DA:258,0
DA:259,0
DA:260,0
DA:261,0
DA:262,0
DA:263,0
DA:265,0
DA:267,0
DA:271,9
DA:272,0
DA:273,0
DA:274,0
DA:275,0
DA:276,0
DA:277,0
DA:278,0
DA:286,0
DA:287,0
DA:288,0
DA:289,0
DA:290,0
DA:291,0
DA:292,0
DA:293,0
DA:294,0
DA:296,0
DA:298,0
DA:301,0
DA:302,0
DA:303,0
DA:304,0
DA:305,0
DA:311,0
DA:312,0
DA:313,0
DA:315,0
DA:317,0
DA:322,9
DA:334,9
DA:340,0
DA:342,0
DA:364,0
DA:372,0
DA:405,0
DA:406,0
DA:407,0
DA:408,0
DA:410,0
DA:415,0
DA:422,0
DA:423,0
DA:430,0
DA:434,0
DA:448,0
DA:470,0
DA:471,0
DA:472,0
DA:473,0
DA:475,0
DA:476,0
DA:477,0
DA:478,0
DA:479,0
DA:480,0
DA:482,0
DA:484,0
DA:508,0
DA:516,0
DA:524,0
DA:532,0
DA:598,0
DA:614,0
DA:630,0
DA:654,0
DA:655,0
DA:659,0
DA:678,0
DA:680,0
DA:683,0
DA:687,0
DA:731,0
DA:732,0
DA:735,0
DA:761,0
DA:762,0
DA:791,0
DA:797,0
DA:803,0
DA:809,0
DA:821,0
DA:822,0
DA:825,0
DA:841,0
DA:842,0
DA:843,0
DA:846,0
DA:914,0
DA:917,0
DA:920,0
DA:936,0
DA:937,0
DA:940,0
DA:953,0
DA:983,0
DA:991,0
DA:999,0
DA:1007,0
DA:1015,0
DA:1036,12
DA:1039,12
DA:1042,0
DA:1043,0
DA:1067,12
DA:1068,12
DA:1069,0
DA:1071,12
DA:1072,12
DA:1073,12
DA:1074,12
DA:1075,12
DA:1076,12
DA:1077,0
DA:1103,1
LF:237
LH:66
BRDA:121,0,0,3
BRDA:121,0,1,0
BRDA:132,1,0,3
BRDA:132,1,1,0
BRDA:147,2,0,0
BRDA:147,2,1,0
BRDA:157,3,0,0
BRDA:157,3,1,0
BRDA:180,4,0,0
BRDA:180,4,1,0
BRDA:180,5,0,0
BRDA:180,5,1,0
BRDA:187,6,0,0
BRDA:187,6,1,0
BRDA:188,7,0,0
BRDA:188,7,1,0
BRDA:208,8,0,0
BRDA:208,8,1,0
BRDA:218,9,0,0
BRDA:218,9,1,0
BRDA:219,10,0,0
BRDA:219,10,1,0
BRDA:220,11,0,0
BRDA:220,11,1,0
BRDA:221,12,0,0
BRDA:221,12,1,0
BRDA:224,13,0,0
BRDA:224,13,1,0
BRDA:235,14,0,0
BRDA:235,14,1,0
BRDA:237,15,0,0
BRDA:237,15,1,0
BRDA:248,16,0,0
BRDA:248,16,1,0
BRDA:248,16,2,0
BRDA:251,17,0,0
BRDA:251,17,1,0
BRDA:252,18,0,0
BRDA:252,18,1,0
BRDA:272,19,0,0
BRDA:272,19,1,0
BRDA:274,20,0,0
BRDA:274,20,1,0
BRDA:279,21,0,0
BRDA:279,21,1,0
BRDA:279,21,2,0
BRDA:279,21,3,0
BRDA:282,22,0,0
BRDA:282,22,1,0
BRDA:301,23,0,0
BRDA:301,23,1,0
BRDA:308,24,0,0
BRDA:308,24,1,0
BRDA:343,25,0,0
BRDA:343,25,1,9
BRDA:365,26,0,9
BRDA:365,26,1,9
BRDA:367,27,0,9
BRDA:367,27,1,9
BRDA:373,28,0,9
BRDA:373,28,1,0
BRDA:375,29,0,9
BRDA:375,29,1,0
BRDA:381,30,0,9
BRDA:381,30,1,0
BRDA:389,31,0,0
BRDA:389,31,1,9
BRDA:393,32,0,0
BRDA:393,32,1,9
BRDA:397,33,0,0
BRDA:397,33,1,9
BRDA:399,34,0,0
BRDA:399,34,1,9
BRDA:415,35,0,0
BRDA:415,35,1,0
BRDA:444,36,0,0
BRDA:444,36,1,0
BRDA:445,37,0,0
BRDA:445,37,1,0
BRDA:457,38,0,0
BRDA:457,38,1,0
BRDA:457,38,2,0
BRDA:459,39,0,0
BRDA:459,39,1,0
BRDA:471,40,0,0
BRDA:471,40,1,0
BRDA:490,41,0,0
BRDA:490,41,1,0
BRDA:498,42,0,0
BRDA:498,42,1,9
BRDA:509,43,0,0
BRDA:509,43,1,0
BRDA:511,44,0,0
BRDA:511,44,1,0
BRDA:517,45,0,0
BRDA:517,45,1,0
BRDA:519,46,0,0
BRDA:519,46,1,0
BRDA:525,47,0,0
BRDA:525,47,1,0
BRDA:527,48,0,0
BRDA:527,48,1,0
BRDA:533,49,0,0
BRDA:533,49,1,0
BRDA:535,50,0,0
BRDA:535,50,1,0
BRDA:601,51,0,0
BRDA:601,51,1,0
BRDA:607,52,0,0
BRDA:607,52,1,0
BRDA:617,53,0,0
BRDA:617,53,1,0
BRDA:623,54,0,0
BRDA:623,54,1,0
BRDA:633,55,0,0
BRDA:633,55,1,0
BRDA:639,56,0,0
BRDA:639,56,1,0
BRDA:659,57,0,0
BRDA:659,57,1,0
BRDA:661,58,0,0
BRDA:661,58,1,0
BRDA:663,59,0,0
BRDA:663,59,1,0
BRDA:664,60,0,0
BRDA:664,60,1,0
BRDA:680,61,0,0
BRDA:680,61,1,0
BRDA:687,62,0,0
BRDA:687,62,1,0
BRDA:689,63,0,0
BRDA:689,63,1,0
BRDA:691,64,0,0
BRDA:691,64,1,0
BRDA:708,65,0,0
BRDA:708,65,1,0
BRDA:715,66,0,0
BRDA:715,66,1,0
BRDA:718,67,0,0
BRDA:718,67,1,0
BRDA:718,67,2,0
BRDA:723,68,0,0
BRDA:723,68,1,0
BRDA:728,69,0,0
BRDA:728,69,1,0
BRDA:738,70,0,0
BRDA:738,70,1,0
BRDA:750,71,0,0
BRDA:750,71,1,0
BRDA:758,72,0,0
BRDA:758,72,1,0
BRDA:771,73,0,0
BRDA:771,73,1,0
BRDA:775,74,0,0
BRDA:775,74,1,9
BRDA:792,75,0,0
BRDA:792,75,1,0
BRDA:794,76,0,0
BRDA:794,76,1,0
BRDA:798,77,0,0
BRDA:798,77,1,0
BRDA:800,78,0,0
BRDA:800,78,1,0
BRDA:804,79,0,0
BRDA:804,79,1,0
BRDA:806,80,0,0
BRDA:806,80,1,0
BRDA:810,81,0,0
BRDA:810,81,1,0
BRDA:812,82,0,0
BRDA:812,82,1,0
BRDA:825,83,0,0
BRDA:825,83,1,0
BRDA:826,84,0,0
BRDA:826,84,1,0
BRDA:828,85,0,0
BRDA:828,85,1,0
BRDA:829,86,0,0
BRDA:829,86,1,0
BRDA:842,87,0,0
BRDA:842,87,1,0
BRDA:847,88,0,0
BRDA:847,88,1,0
BRDA:849,89,0,0
BRDA:849,89,1,0
BRDA:914,90,0,0
BRDA:914,90,1,0
BRDA:915,91,0,0
BRDA:915,91,1,0
BRDA:917,92,0,0
BRDA:917,92,1,0
BRDA:918,93,0,0
BRDA:918,93,1,0
BRDA:920,94,0,0
BRDA:920,94,1,0
BRDA:921,95,0,0
BRDA:921,95,1,0
BRDA:929,96,0,0
BRDA:929,96,1,0
BRDA:933,97,0,0
BRDA:933,97,1,0
BRDA:941,98,0,0
BRDA:941,98,1,0
BRDA:944,99,0,0
BRDA:944,99,1,0
BRDA:951,100,0,0
BRDA:951,100,1,0
BRDA:960,101,0,0
BRDA:960,101,1,0
BRDA:964,102,0,0
BRDA:964,102,1,0
BRDA:968,103,0,0
BRDA:968,103,1,0
BRDA:968,104,0,0
BRDA:968,104,1,0
BRDA:968,105,0,0
BRDA:968,105,1,0
BRDA:972,106,0,0
BRDA:972,106,1,0
BRDA:984,107,0,9
BRDA:984,107,1,9
BRDA:986,108,0,9
BRDA:986,108,1,9
BRDA:992,109,0,9
BRDA:992,109,1,0
BRDA:994,110,0,9
BRDA:994,110,1,0
BRDA:1000,111,0,9
BRDA:1000,111,1,0
BRDA:1002,112,0,9
BRDA:1002,112,1,0
BRDA:1008,113,0,9
BRDA:1008,113,1,0
BRDA:1010,114,0,9
BRDA:1010,114,1,0
BRDA:1016,115,0,9
BRDA:1016,115,1,0
BRDA:1021,116,0,9
BRDA:1021,116,1,0
BRDA:1029,117,0,0
BRDA:1029,117,1,9
BRDA:1030,118,0,3
BRDA:1030,118,1,6
BRDA:1036,119,0,12
BRDA:1036,119,1,0
BRDA:1042,120,0,0
BRDA:1042,120,1,0
BRDA:1049,121,0,0
BRDA:1049,121,1,12
BRDA:1051,122,0,6
BRDA:1051,122,1,6
BRDA:1053,123,0,0
BRDA:1053,123,1,6
BRDA:1067,124,0,12
BRDA:1067,124,1,12
BRDA:1069,125,0,0
BRDA:1069,125,1,0
BRDA:1072,126,0,0
BRDA:1072,126,1,12
BRDA:1072,127,0,12
BRDA:1072,127,1,0
BRDA:1073,128,0,0
BRDA:1073,128,1,12
BRDA:1074,129,0,0
BRDA:1074,129,1,12
BRDA:1075,130,0,0
BRDA:1075,130,1,12
BRDA:1076,131,0,12
BRDA:1076,131,1,0
BRDA:1087,132,0,3
BRDA:1087,132,1,6
BRDA:1087,133,0,9
BRDA:1087,133,1,6
BRF:273
BRH:48
end_of_record
TN:
SF:src/WeeklyPlanScreen.tsx
FN:19,isPlaceholderName
FN:31,WeeklyPlanScreen
FN:44,(anonymous_2)
FN:46,(anonymous_3)
FN:51,(anonymous_4)
FN:57,(anonymous_5)
FN:62,(anonymous_6)
FN:65,(anonymous_7)
FN:71,(anonymous_8)
FN:81,(anonymous_9)
FN:92,(anonymous_10)
FN:105,(anonymous_11)
FN:108,(anonymous_12)
FN:110,(anonymous_13)
FN:111,(anonymous_14)
FN:176,(anonymous_15)
FN:178,(anonymous_16)
FN:182,(anonymous_17)
FN:219,(anonymous_18)
FN:232,(anonymous_19)
FN:280,(anonymous_20)
FN:291,(anonymous_21)
FNF:22
FNH:7
FNDA:0,isPlaceholderName
FNDA:9,WeeklyPlanScreen
FNDA:36,(anonymous_2)
FNDA:3,(anonymous_3)
FNDA:0,(anonymous_4)
FNDA:3,(anonymous_5)
FNDA:0,(anonymous_6)
FNDA:3,(anonymous_7)
FNDA:0,(anonymous_8)
FNDA:0,(anonymous_9)
FNDA:0,(anonymous_10)
FNDA:0,(anonymous_11)
FNDA:0,(anonymous_12)
FNDA:12,(anonymous_13)
FNDA:12,(anonymous_14)
FNDA:0,(anonymous_15)
FNDA:0,(anonymous_16)
FNDA:0,(anonymous_17)
FNDA:0,(anonymous_18)
FNDA:0,(anonymous_19)
FNDA:0,(anonymous_20)
FNDA:0,(anonymous_21)
DA:20,0
DA:21,0
DA:38,9
DA:39,9
DA:40,9
DA:41,9
DA:43,9
DA:44,36
DA:46,9
DA:47,3
DA:48,3
DA:51,0
DA:52,0
DA:53,0
DA:57,9
DA:58,3
DA:59,3
DA:62,0
DA:65,9
DA:66,3
DA:67,3
DA:70,0
DA:71,0
DA:73,0
DA:82,0
DA:92,9
DA:93,0
DA:94,0
DA:95,0
DA:96,0
DA:98,0
DA:100,0
DA:104,9
DA:105,0
DA:107,9
DA:108,0
DA:110,12
DA:111,12
DA:113,9
DA:114,9
DA:117,9
DA:118,9
DA:119,9
DA:120,9
DA:122,9
DA:123,0
DA:130,9
DA:131,0
DA:138,9
DA:139,0
DA:146,9
DA:147,0
DA:155,9
DA:156,9
DA:158,9
DA:177,0
DA:178,0
DA:179,0
DA:182,0
DA:220,0
DA:233,0
DA:234,0
DA:281,0
DA:292,0
DA:315,1
LF:65
LH:34
BRDA:22,0,0,0
BRDA:22,0,1,0
BRDA:22,0,2,0
BRDA:22,0,3,0
BRDA:22,0,4,0
BRDA:22,0,5,0
BRDA:47,1,0,3
BRDA:47,1,1,0
BRDA:52,2,0,0
BRDA:52,2,1,0
BRDA:58,3,0,3
BRDA:58,3,1,0
BRDA:62,4,0,0
BRDA:62,4,1,0
BRDA:66,5,0,3
BRDA:66,5,1,0
BRDA:104,6,0,0
BRDA:104,6,1,9
BRDA:107,7,0,0
BRDA:107,7,1,9
BRDA:113,8,0,9
BRDA:113,8,1,9
BRDA:113,8,2,9
BRDA:114,9,0,9
BRDA:114,9,1,9
BRDA:114,9,2,9
BRDA:118,10,0,9
BRDA:118,10,1,0
BRDA:119,11,0,9
BRDA:119,11,1,0
BRDA:120,12,0,9
BRDA:120,12,1,0
BRDA:122,13,0,0
BRDA:122,13,1,9
BRDA:125,14,0,0
BRDA:125,14,1,0
BRDA:130,15,0,0
BRDA:130,15,1,9
BRDA:133,16,0,0
BRDA:133,16,1,0
BRDA:138,17,0,0
BRDA:138,17,1,9
BRDA:141,18,0,0
BRDA:141,18,1,0
BRDA:146,19,0,0
BRDA:146,19,1,9
BRDA:149,20,0,0
BRDA:149,20,1,0
BRDA:155,21,0,0
BRDA:155,21,1,9
BRDA:156,22,0,0
BRDA:156,22,1,9
BRDA:167,23,0,9
BRDA:167,23,1,0
BRDA:173,24,0,0
BRDA:173,24,1,9
BRDA:183,25,0,0
BRDA:183,25,1,0
BRDA:183,26,0,0
BRDA:183,26,1,0
BRDA:185,27,0,0
BRDA:185,27,1,0
BRDA:220,28,0,0
BRDA:220,28,1,0
BRDA:221,29,0,0
BRDA:221,29,1,0
BRDA:259,30,0,0
BRDA:259,30,1,0
BRDA:262,31,0,0
BRDA:262,31,1,0
BRDA:262,32,0,0
BRDA:262,32,1,0
BRDA:264,33,0,0
BRDA:264,33,1,0
BRDA:271,34,0,0
BRDA:271,34,1,0
BRDA:301,35,0,0
BRDA:301,35,1,9
BRDA:303,36,0,0
BRDA:303,36,1,9
BRDA:306,37,0,0
BRDA:306,37,1,0
BRF:82
BRH:24
end_of_record
TN:
SF:src/api.ts
FN:29,registerSignupWithBackend
FN:35,(anonymous_1)
FN:161,(anonymous_2)
FN:169,isApiError
FN:173,getApiErrorMessage
FN:188,normalizeFormality
FN:195,normalizeSeasonality
FN:202,normalizeCategory
FN:209,normalizeEventType
FN:216,normalizeDay
FN:223,titleCase
FN:228,(anonymous_11)
FN:232,deriveGarmentName
FN:244,mapGarment
FN:261,eventTypeForApi
FN:265,mapWeekEvent
FN:278,mapRecommendation
FN:308,createSeedWardrobe
FN:345,getOrCreateMockWardrobe
FN:352,getPriorityForEvent
FN:367,pickGarment
FN:373,(anonymous_21)
FN:379,(anonymous_22)
FN:388,buildMockExplanation
FN:399,getMockWeekEvents
FN:401,(anonymous_25)
FN:409,mockGetWardrobe
FN:413,mockAddGarment
FN:431,mockAddGarmentFromVision
FN:443,mockSearchGarmentImages
FN:455,mockSaveWeekEvents
FN:459,(anonymous_31)
FN:467,mockGetWeekEvents
FN:471,mockGetWeeklyRecommendations
FN:478,(anonymous_34)
FN:484,(anonymous_35)
FN:510,requestJson
FN:537,getWardrobe
FN:551,addGarment
FN:577,addGarmentFromVision
FN:609,previewGarmentsFromVision
FN:639,commitVisionItems
FN:659,searchGarmentImages
FN:693,(anonymous_43)
FN:698,(anonymous_44)
FN:701,confirmSearchAdd
FN:715,saveWeekEvents
FN:728,(anonymous_47)
FN:737,(anonymous_48)
FN:743,getWeekEvents
FN:755,(anonymous_50)
FN:767,getWeeklyRecommendations
FN:781,(anonymous_52)
FN:796,syncCalendarEvents
FN:809,(anonymous_54)
FNF:55
FNH:26
FNDA:0,registerSignupWithBackend
FNDA:0,(anonymous_1)
FNDA:6,(anonymous_2)
FNDA:9,isApiError
FNDA:4,getApiErrorMessage
FNDA:0,normalizeFormality
FNDA:0,normalizeSeasonality
FNDA:0,normalizeCategory
FNDA:0,normalizeEventType
FNDA:0,normalizeDay
FNDA:0,titleCase
FNDA:0,(anonymous_11)
FNDA:0,deriveGarmentName
FNDA:0,mapGarment
FNDA:0,eventTypeForApi
FNDA:0,mapWeekEvent
FNDA:0,mapRecommendation
FNDA:7,createSeedWardrobe
FNDA:18,getOrCreateMockWardrobe
FNDA:2,getPriorityForEvent
FNDA:4,pickGarment
FNDA:20,(anonymous_21)
FNDA:15,(anonymous_22)
FNDA:2,buildMockExplanation
FNDA:15,getMockWeekEvents
FNDA:42,(anonymous_25)
FNDA:16,mockGetWardrobe
FNDA:1,mockAddGarment
FNDA:0,mockAddGarmentFromVision
FNDA:2,mockSearchGarmentImages
FNDA:1,mockSaveWeekEvents
FNDA:1,(anonymous_31)
FNDA:15,mockGetWeekEvents
FNDA:1,mockGetWeeklyRecommendations
FNDA:0,(anonymous_34)
FNDA:2,(anonymous_35)
FNDA:0,requestJson
FNDA:16,getWardrobe
FNDA:1,addGarment
FNDA:0,addGarmentFromVision
FNDA:0,previewGarmentsFromVision
FNDA:0,commitVisionItems
FNDA:2,searchGarmentImages
FNDA:0,(anonymous_43)
FNDA:0,(anonymous_44)
FNDA:0,confirmSearchAdd
FNDA:1,saveWeekEvents
FNDA:0,(anonymous_47)
FNDA:0,(anonymous_48)
FNDA:15,getWeekEvents
FNDA:0,(anonymous_50)
FNDA:1,getWeeklyRecommendations
FNDA:0,(anonymous_52)
FNDA:0,syncCalendarEvents
FNDA:0,(anonymous_54)
DA:15,5
DA:17,5
DA:22,5
DA:30,0
DA:31,0
DA:40,5
DA:47,5
DA:55,5
DA:57,5
DA:162,6
DA:163,6
DA:164,6
DA:165,6
DA:170,9
DA:174,4
DA:175,1
DA:177,3
DA:178,3
DA:179,2
DA:180,1
DA:185,2
DA:189,0
DA:190,0
DA:192,0
DA:196,0
DA:197,0
DA:199,0
DA:203,0
DA:204,0
DA:206,0
DA:210,0
DA:211,0
DA:213,0
DA:217,0
DA:218,0
DA:220,0
DA:224,0
DA:228,0
DA:233,0
DA:234,0
DA:236,0
DA:237,0
DA:238,0
DA:239,0
DA:241,0
DA:245,0
DA:262,0
DA:272,0
DA:279,0
DA:280,0
DA:281,0
DA:282,0
DA:283,0
DA:284,0
DA:285,0
DA:287,0
DA:304,5
DA:305,5
DA:306,5
DA:309,7
DA:346,18
DA:347,7
DA:349,18
DA:353,2
DA:355,1
DA:357,0
DA:359,0
DA:363,1
DA:373,20
DA:374,4
DA:375,0
DA:378,4
DA:379,15
DA:380,6
DA:381,4
DA:385,0
DA:394,2
DA:395,2
DA:396,2
DA:400,15
DA:401,42
DA:406,15
DA:410,16
DA:417,1
DA:418,1
DA:427,1
DA:428,1
DA:435,0
DA:444,2
DA:445,2
DA:446,1
DA:459,1
DA:463,1
DA:464,1
DA:468,15
DA:475,1
DA:476,1
DA:478,0
DA:484,1
DA:485,2
DA:486,2
DA:487,2
DA:489,2
DA:490,2
DA:492,2
DA:507,1
DA:511,0
DA:522,0
DA:523,0
DA:524,0
DA:531,0
DA:532,0
DA:534,0
DA:538,16
DA:539,16
DA:542,0
DA:545,0
DA:546,0
DA:548,0
DA:555,1
DA:556,1
DA:559,0
DA:574,0
DA:581,0
DA:582,0
DA:585,0
DA:586,0
DA:588,0
DA:589,0
DA:590,0
DA:596,0
DA:603,0
DA:604,0
DA:606,0
DA:613,0
DA:615,0
DA:618,0
DA:619,0
DA:621,0
DA:622,0
DA:623,0
DA:629,0
DA:636,0
DA:643,0
DA:644,0
DA:647,0
DA:656,0
DA:665,2
DA:666,2
DA:669,0
DA:688,0
DA:689,0
DA:692,0
DA:693,0
DA:698,0
DA:705,0
DA:719,1
DA:720,1
DA:723,0
DA:728,0
DA:735,0
DA:736,0
DA:738,0
DA:744,15
DA:745,15
DA:748,0
DA:749,0
DA:753,0
DA:754,0
DA:756,0
DA:760,0
DA:761,0
DA:763,0
DA:771,1
DA:772,1
DA:775,0
DA:781,0
DA:788,0
DA:791,0
DA:800,0
DA:807,0
DA:808,0
DA:810,0
LF:183
LH:75
BRDA:15,0,0,0
BRDA:15,0,1,5
BRDA:18,1,0,5
BRDA:18,1,1,5
BRDA:22,2,0,0
BRDA:22,2,1,5
BRDA:24,3,0,0
BRDA:24,3,1,5
BRDA:30,4,0,0
BRDA:30,4,1,0
BRDA:30,5,0,0
BRDA:30,5,1,0
BRDA:174,6,0,1
BRDA:174,6,1,3
BRDA:179,7,0,1
BRDA:179,7,1,1
BRDA:179,8,0,2
BRDA:179,8,1,2
BRDA:189,9,0,0
BRDA:189,9,1,0
BRDA:189,10,0,0
BRDA:189,10,1,0
BRDA:196,11,0,0
BRDA:196,11,1,0
BRDA:196,12,0,0
BRDA:196,12,1,0
BRDA:203,13,0,0
BRDA:203,13,1,0
BRDA:203,14,0,0
BRDA:203,14,1,0
BRDA:210,15,0,0
BRDA:210,15,1,0
BRDA:210,16,0,0
BRDA:210,16,1,0
BRDA:217,17,0,0
BRDA:217,17,1,0
BRDA:233,18,0,0
BRDA:233,18,1,0
BRDA:233,19,0,0
BRDA:233,19,1,0
BRDA:236,20,0,0
BRDA:236,20,1,0
BRDA:236,20,2,0
BRDA:237,21,0,0
BRDA:237,21,1,0
BRDA:237,21,2,0
BRDA:238,22,0,0
BRDA:238,22,1,0
BRDA:238,23,0,0
BRDA:238,23,1,0
BRDA:250,24,0,0
BRDA:250,24,1,0
BRDA:250,24,2,0
BRDA:250,24,3,0
BRDA:254,25,0,0
BRDA:254,25,1,0
BRDA:255,26,0,0
BRDA:255,26,1,0
BRDA:256,27,0,0
BRDA:256,27,1,0
BRDA:257,28,0,0
BRDA:257,28,1,0
BRDA:262,29,0,0
BRDA:262,29,1,0
BRDA:279,30,0,0
BRDA:279,30,1,0
BRDA:280,31,0,0
BRDA:280,31,1,0
BRDA:282,32,0,0
BRDA:282,32,1,0
BRDA:282,32,2,0
BRDA:282,32,3,0
BRDA:283,33,0,0
BRDA:283,33,1,0
BRDA:283,33,2,0
BRDA:283,33,3,0
BRDA:284,34,0,0
BRDA:284,34,1,0
BRDA:284,34,2,0
BRDA:285,35,0,0
BRDA:285,35,1,0
BRDA:285,35,2,0
BRDA:291,36,0,0
BRDA:291,36,1,0
BRDA:299,37,0,0
BRDA:299,37,1,0
BRDA:346,38,0,7
BRDA:346,38,1,11
BRDA:353,39,0,1
BRDA:353,39,1,0
BRDA:353,39,2,0
BRDA:353,39,3,0
BRDA:353,39,4,1
BRDA:353,39,5,1
BRDA:374,40,0,0
BRDA:374,40,1,4
BRDA:380,41,0,4
BRDA:380,41,1,2
BRDA:400,42,0,6
BRDA:400,42,1,9
BRDA:423,43,0,1
BRDA:423,43,1,0
BRDA:424,44,0,1
BRDA:424,44,1,1
BRDA:445,45,0,1
BRDA:445,45,1,1
BRDA:476,46,0,1
BRDA:476,46,1,0
BRDA:481,47,0,0
BRDA:481,47,1,0
BRDA:489,48,0,2
BRDA:489,48,1,0
BRDA:490,49,0,2
BRDA:490,49,1,0
BRDA:497,50,0,2
BRDA:497,50,1,0
BRDA:498,51,0,2
BRDA:498,51,1,0
BRDA:515,52,0,0
BRDA:515,52,1,0
BRDA:515,53,0,0
BRDA:515,53,1,0
BRDA:518,54,0,0
BRDA:518,54,1,0
BRDA:523,55,0,0
BRDA:523,55,1,0
BRDA:531,56,0,0
BRDA:531,56,1,0
BRDA:538,57,0,16
BRDA:538,57,1,0
BRDA:545,58,0,0
BRDA:545,58,1,0
BRDA:555,59,0,1
BRDA:555,59,1,0
BRDA:567,60,0,0
BRDA:567,60,1,0
BRDA:568,61,0,0
BRDA:568,61,1,0
BRDA:570,62,0,0
BRDA:570,62,1,0
BRDA:581,63,0,0
BRDA:581,63,1,0
BRDA:593,64,0,0
BRDA:593,64,1,0
BRDA:603,65,0,0
BRDA:603,65,1,0
BRDA:613,66,0,0
BRDA:613,66,1,0
BRDA:626,67,0,0
BRDA:626,67,1,0
BRDA:636,68,0,0
BRDA:636,68,1,0
BRDA:643,69,0,0
BRDA:643,69,1,0
BRDA:656,70,0,0
BRDA:656,70,1,0
BRDA:662,71,0,2
BRDA:665,72,0,2
BRDA:665,72,1,0
BRDA:684,73,0,0
BRDA:684,73,1,0
BRDA:684,74,0,0
BRDA:684,74,1,0
BRDA:688,75,0,0
BRDA:688,75,1,0
BRDA:694,76,0,0
BRDA:694,76,1,0
BRDA:719,77,0,1
BRDA:719,77,1,0
BRDA:735,78,0,0
BRDA:735,78,1,0
BRDA:738,79,0,0
BRDA:738,79,1,0
BRDA:744,80,0,15
BRDA:744,80,1,0
BRDA:753,81,0,0
BRDA:753,81,1,0
BRDA:756,82,0,0
BRDA:756,82,1,0
BRDA:760,83,0,0
BRDA:760,83,1,0
BRDA:760,84,0,0
BRDA:760,84,1,0
BRDA:771,85,0,1
BRDA:771,85,1,0
BRDA:788,86,0,0
BRDA:788,86,1,0
BRDA:807,87,0,0
BRDA:807,87,1,0
BRDA:810,88,0,0
BRDA:810,88,1,0
BRF:191
BRH:38
end_of_record
TN:
SF:src/constants.ts
FNF:0
FNH:0
DA:3,5
DA:13,5
DA:23,5
DA:31,5
LF:4
LH:4
BRF:0
BRH:0
end_of_record
TN:
SF:src/lookUtils.ts
FN:3,getScheduleChips
FN:19,getFitSignals
FNF:2
FNH:2
FNDA:8,getScheduleChips
FNDA:7,getFitSignals
DA:4,8
DA:6,2
DA:8,1
DA:10,2
DA:12,1
DA:15,2
DA:20,7
DA:22,2
DA:28,1
DA:34,1
DA:42,3
LF:11
LH:11
BRDA:4,0,0,2
BRDA:4,0,1,1
BRDA:4,0,2,2
BRDA:4,0,3,1
BRDA:4,0,4,2
BRDA:4,0,5,2
BRDA:20,1,0,2
BRDA:20,1,1,1
BRDA:20,1,2,1
BRDA:20,1,3,1
BRDA:20,1,4,3
BRDA:20,1,5,3
BRF:12
BRH:12
end_of_record
TN:
SF:src/theme.ts
FNF:0
FNH:0
DA:1,5
DA:16,5
DA:24,5
LF:3
LH:3
BRF:0
BRH:0
end_of_record
